[33mWARNING[0m:  [18-11-2025 21:13:35] chroma_server_nofile is not supported on Windows. chroma_server_nofile will not be set.
[32mINFO[0m:     [18-11-2025 21:13:35] Anonymized telemetry enabled. See                     https://docs.trychroma.com/telemetry for more information.
[36mDEBUG[0m:    [18-11-2025 21:13:35] Starting component System
[36mDEBUG[0m:    [18-11-2025 21:13:35] Starting component OpenTelemetryClient
[36mDEBUG[0m:    [18-11-2025 21:13:35] Starting component SqliteDB
[36mDEBUG[0m:    [18-11-2025 21:13:36] Starting component SimpleQuotaEnforcer
[36mDEBUG[0m:    [18-11-2025 21:13:36] Starting component Posthog
[36mDEBUG[0m:    [18-11-2025 21:13:36] Starting component SimpleRateLimitEnforcer
[36mDEBUG[0m:    [18-11-2025 21:13:36] Starting component LocalSegmentManager
[36mDEBUG[0m:    [18-11-2025 21:13:36] Starting component LocalExecutor
[36mDEBUG[0m:    [18-11-2025 21:13:36] Starting component SegmentAPI
[32mINFO[0m:     [18-11-2025 21:13:36] Started server process [[36m11312[0m]
[32mINFO[0m:     [18-11-2025 21:13:36] Waiting for application startup.
[32mINFO[0m:     [18-11-2025 21:13:36] Application startup complete.
[32mINFO[0m:     [18-11-2025 21:13:36] Uvicorn running on [1mhttp://localhost:8000[0m (Press CTRL+C to quit)
[32mINFO[0m:     [18-11-2025 21:14:01] ::1:63631 - "GET /api/v2/tenants/default_tenant/databases/default_database/collections/subject_cd HTTP/1.1" 400
[31mERROR[0m:    [18-11-2025 21:14:02] '_type'
  + Exception Group Traceback (most recent call last):
  |   File "C:\Users\14-5-2022\AppData\Local\Programs\Python\Python311\Lib\site-packages\starlette\_utils.py", line 79, in collapse_excgroups
  |     yield
  |   File "C:\Users\14-5-2022\AppData\Local\Programs\Python\Python311\Lib\site-packages\starlette\middleware\base.py", line 192, in __call__
  |     async with anyio.create_task_group() as task_group:
  |   File "C:\Users\14-5-2022\AppData\Local\Programs\Python\Python311\Lib\site-packages\anyio\_backends\_asyncio.py", line 815, in __aexit__
  |     raise BaseExceptionGroup(
  | ExceptionGroup: unhandled errors in a TaskGroup (1 sub-exception)
  +-+---------------- 1 ----------------
    | Traceback (most recent call last):
    |   File "C:\Users\14-5-2022\AppData\Local\Programs\Python\Python311\Lib\site-packages\chromadb\server\fastapi\__init__.py", line 107, in catch_exceptions_middleware
    |     return await call_next(request)
    |            ^^^^^^^^^^^^^^^^^^^^^^^^
    |   File "C:\Users\14-5-2022\AppData\Local\Programs\Python\Python311\Lib\site-packages\starlette\middleware\base.py", line 168, in call_next
    |     raise app_exc from app_exc.__cause__ or app_exc.__context__
    |   File "C:\Users\14-5-2022\AppData\Local\Programs\Python\Python311\Lib\site-packages\starlette\middleware\base.py", line 144, in coro
    |     await self.app(scope, receive_or_disconnect, send_no_error)
    |   File "C:\Users\14-5-2022\AppData\Local\Programs\Python\Python311\Lib\site-packages\starlette\middleware\base.py", line 191, in __call__
    |     with recv_stream, send_stream, collapse_excgroups():
    |   File "C:\Users\14-5-2022\AppData\Local\Programs\Python\Python311\Lib\contextlib.py", line 155, in __exit__
    |     self.gen.throw(typ, value, traceback)
    |   File "C:\Users\14-5-2022\AppData\Local\Programs\Python\Python311\Lib\site-packages\starlette\_utils.py", line 85, in collapse_excgroups
    |     raise exc
    |   File "C:\Users\14-5-2022\AppData\Local\Programs\Python\Python311\Lib\site-packages\starlette\middleware\base.py", line 193, in __call__
    |     response = await self.dispatch_func(request, call_next)
    |                ^^^^^^^^^^^^^^^^^^^^^^^^^^^^^^^^^^^^^^^^^^^^
    |   File "C:\Users\14-5-2022\AppData\Local\Programs\Python\Python311\Lib\site-packages\chromadb\server\fastapi\__init__.py", line 131, in check_http_version_middleware
    |     return await call_next(request)
    |            ^^^^^^^^^^^^^^^^^^^^^^^^
    |   File "C:\Users\14-5-2022\AppData\Local\Programs\Python\Python311\Lib\site-packages\starlette\middleware\base.py", line 168, in call_next
    |     raise app_exc from app_exc.__cause__ or app_exc.__context__
    |   File "C:\Users\14-5-2022\AppData\Local\Programs\Python\Python311\Lib\site-packages\starlette\middleware\base.py", line 144, in coro
    |     await self.app(scope, receive_or_disconnect, send_no_error)
    |   File "C:\Users\14-5-2022\AppData\Local\Programs\Python\Python311\Lib\site-packages\starlette\middleware\exceptions.py", line 63, in __call__
    |     await wrap_app_handling_exceptions(self.app, conn)(scope, receive, send)
    |   File "C:\Users\14-5-2022\AppData\Local\Programs\Python\Python311\Lib\site-packages\starlette\_exception_handler.py", line 53, in wrapped_app
    |     raise exc
    |   File "C:\Users\14-5-2022\AppData\Local\Programs\Python\Python311\Lib\site-packages\starlette\_exception_handler.py", line 42, in wrapped_app
    |     await app(scope, receive, sender)
    |   File "C:\Users\14-5-2022\AppData\Local\Programs\Python\Python311\Lib\site-packages\fastapi\middleware\asyncexitstack.py", line 18, in __call__
    |     await self.app(scope, receive, send)
    |   File "C:\Users\14-5-2022\AppData\Local\Programs\Python\Python311\Lib\site-packages\starlette\routing.py", line 716, in __call__
    |     await self.middleware_stack(scope, receive, send)
    |   File "C:\Users\14-5-2022\AppData\Local\Programs\Python\Python311\Lib\site-packages\starlette\routing.py", line 736, in app
    |     await route.handle(scope, receive, send)
    |   File "C:\Users\14-5-2022\AppData\Local\Programs\Python\Python311\Lib\site-packages\starlette\routing.py", line 290, in handle
    |     await self.app(scope, receive, send)
    |   File "C:\Users\14-5-2022\AppData\Local\Programs\Python\Python311\Lib\site-packages\fastapi\routing.py", line 125, in app
    |     await wrap_app_handling_exceptions(app, request)(scope, receive, send)
    |   File "C:\Users\14-5-2022\AppData\Local\Programs\Python\Python311\Lib\site-packages\starlette\_exception_handler.py", line 53, in wrapped_app
    |     raise exc
    |   File "C:\Users\14-5-2022\AppData\Local\Programs\Python\Python311\Lib\site-packages\starlette\_exception_handler.py", line 42, in wrapped_app
    |     await app(scope, receive, sender)
    |   File "C:\Users\14-5-2022\AppData\Local\Programs\Python\Python311\Lib\site-packages\fastapi\routing.py", line 111, in app
    |     response = await f(request)
    |                ^^^^^^^^^^^^^^^^
    |   File "C:\Users\14-5-2022\AppData\Local\Programs\Python\Python311\Lib\site-packages\fastapi\routing.py", line 391, in app
    |     raw_response = await run_endpoint_function(
    |                    ^^^^^^^^^^^^^^^^^^^^^^^^^^^^
    |   File "C:\Users\14-5-2022\AppData\Local\Programs\Python\Python311\Lib\site-packages\fastapi\routing.py", line 290, in run_endpoint_function
    |     return await dependant.call(**values)
    |            ^^^^^^^^^^^^^^^^^^^^^^^^^^^^^^
    |   File "C:\Users\14-5-2022\AppData\Local\Programs\Python\Python311\Lib\site-packages\chromadb\telemetry\opentelemetry\__init__.py", line 134, in async_wrapper
    |     return await f(*args, **kwargs)
    |            ^^^^^^^^^^^^^^^^^^^^^^^^
    |   File "C:\Users\14-5-2022\AppData\Local\Programs\Python\Python311\Lib\site-packages\chromadb\server\fastapi\__init__.py", line 663, in create_collection
    |     await to_thread.run_sync(
    |   File "C:\Users\14-5-2022\AppData\Local\Programs\Python\Python311\Lib\site-packages\anyio\to_thread.py", line 56, in run_sync
    |     return await get_async_backend().run_sync_in_worker_thread(
    |            ^^^^^^^^^^^^^^^^^^^^^^^^^^^^^^^^^^^^^^^^^^^^^^^^^^^^
    |   File "C:\Users\14-5-2022\AppData\Local\Programs\Python\Python311\Lib\site-packages\anyio\_backends\_asyncio.py", line 2505, in run_sync_in_worker_thread
    |     return await future
    |            ^^^^^^^^^^^^
    |   File "C:\Users\14-5-2022\AppData\Local\Programs\Python\Python311\Lib\site-packages\anyio\_backends\_asyncio.py", line 1005, in run
    |     result = context.run(func, *args)
    |              ^^^^^^^^^^^^^^^^^^^^^^^^
    |   File "C:\Users\14-5-2022\AppData\Local\Programs\Python\Python311\Lib\site-packages\chromadb\server\fastapi\__init__.py", line 637, in process_create_collection
    |     else CollectionConfigurationInternal.from_json(create.configuration)
    |          ^^^^^^^^^^^^^^^^^^^^^^^^^^^^^^^^^^^^^^^^^^^^^^^^^^^^^^^^^^^^^^^
    |   File "C:\Users\14-5-2022\AppData\Local\Programs\Python\Python311\Lib\site-packages\chromadb\api\configuration.py", line 209, in from_json
    |     f"Trying to instantiate configuration of type {cls.__name__} from JSON with type {json_map['_type']}"
    |                                                                                       ~~~~~~~~^^^^^^^^^
    | KeyError: '_type'
    +------------------------------------

The above exception was the direct cause of the following exception:

Traceback (most recent call last):
  File "C:\Users\14-5-2022\AppData\Local\Programs\Python\Python311\Lib\site-packages\chromadb\server\fastapi\__init__.py", line 107, in catch_exceptions_middleware
    return await call_next(request)
           ^^^^^^^^^^^^^^^^^^^^^^^^
  File "C:\Users\14-5-2022\AppData\Local\Programs\Python\Python311\Lib\site-packages\starlette\middleware\base.py", line 168, in call_next
    raise app_exc from app_exc.__cause__ or app_exc.__context__
  File "C:\Users\14-5-2022\AppData\Local\Programs\Python\Python311\Lib\site-packages\starlette\middleware\base.py", line 144, in coro
    await self.app(scope, receive_or_disconnect, send_no_error)
  File "C:\Users\14-5-2022\AppData\Local\Programs\Python\Python311\Lib\site-packages\starlette\middleware\base.py", line 191, in __call__
    with recv_stream, send_stream, collapse_excgroups():
  File "C:\Users\14-5-2022\AppData\Local\Programs\Python\Python311\Lib\contextlib.py", line 155, in __exit__
    self.gen.throw(typ, value, traceback)
  File "C:\Users\14-5-2022\AppData\Local\Programs\Python\Python311\Lib\site-packages\starlette\_utils.py", line 85, in collapse_excgroups
    raise exc
  File "C:\Users\14-5-2022\AppData\Local\Programs\Python\Python311\Lib\site-packages\starlette\middleware\base.py", line 193, in __call__
    response = await self.dispatch_func(request, call_next)
               ^^^^^^^^^^^^^^^^^^^^^^^^^^^^^^^^^^^^^^^^^^^^
  File "C:\Users\14-5-2022\AppData\Local\Programs\Python\Python311\Lib\site-packages\chromadb\server\fastapi\__init__.py", line 131, in check_http_version_middleware
    return await call_next(request)
           ^^^^^^^^^^^^^^^^^^^^^^^^
  File "C:\Users\14-5-2022\AppData\Local\Programs\Python\Python311\Lib\site-packages\starlette\middleware\base.py", line 168, in call_next
    raise app_exc from app_exc.__cause__ or app_exc.__context__
  File "C:\Users\14-5-2022\AppData\Local\Programs\Python\Python311\Lib\site-packages\starlette\middleware\base.py", line 144, in coro
    await self.app(scope, receive_or_disconnect, send_no_error)
  File "C:\Users\14-5-2022\AppData\Local\Programs\Python\Python311\Lib\site-packages\starlette\middleware\exceptions.py", line 63, in __call__
    await wrap_app_handling_exceptions(self.app, conn)(scope, receive, send)
  File "C:\Users\14-5-2022\AppData\Local\Programs\Python\Python311\Lib\site-packages\starlette\_exception_handler.py", line 53, in wrapped_app
    raise exc
  File "C:\Users\14-5-2022\AppData\Local\Programs\Python\Python311\Lib\site-packages\starlette\_exception_handler.py", line 42, in wrapped_app
    await app(scope, receive, sender)
  File "C:\Users\14-5-2022\AppData\Local\Programs\Python\Python311\Lib\site-packages\fastapi\middleware\asyncexitstack.py", line 18, in __call__
    await self.app(scope, receive, send)
  File "C:\Users\14-5-2022\AppData\Local\Programs\Python\Python311\Lib\site-packages\starlette\routing.py", line 716, in __call__
    await self.middleware_stack(scope, receive, send)
  File "C:\Users\14-5-2022\AppData\Local\Programs\Python\Python311\Lib\site-packages\starlette\routing.py", line 736, in app
    await route.handle(scope, receive, send)
  File "C:\Users\14-5-2022\AppData\Local\Programs\Python\Python311\Lib\site-packages\starlette\routing.py", line 290, in handle
    await self.app(scope, receive, send)
  File "C:\Users\14-5-2022\AppData\Local\Programs\Python\Python311\Lib\site-packages\fastapi\routing.py", line 125, in app
    await wrap_app_handling_exceptions(app, request)(scope, receive, send)
  File "C:\Users\14-5-2022\AppData\Local\Programs\Python\Python311\Lib\site-packages\starlette\_exception_handler.py", line 53, in wrapped_app
    raise exc
  File "C:\Users\14-5-2022\AppData\Local\Programs\Python\Python311\Lib\site-packages\starlette\_exception_handler.py", line 42, in wrapped_app
    await app(scope, receive, sender)
  File "C:\Users\14-5-2022\AppData\Local\Programs\Python\Python311\Lib\site-packages\fastapi\routing.py", line 111, in app
    response = await f(request)
               ^^^^^^^^^^^^^^^^
  File "C:\Users\14-5-2022\AppData\Local\Programs\Python\Python311\Lib\site-packages\fastapi\routing.py", line 391, in app
    raw_response = await run_endpoint_function(
                   ^^^^^^^^^^^^^^^^^^^^^^^^^^^^
  File "C:\Users\14-5-2022\AppData\Local\Programs\Python\Python311\Lib\site-packages\fastapi\routing.py", line 290, in run_endpoint_function
    return await dependant.call(**values)
           ^^^^^^^^^^^^^^^^^^^^^^^^^^^^^^
  File "C:\Users\14-5-2022\AppData\Local\Programs\Python\Python311\Lib\site-packages\chromadb\telemetry\opentelemetry\__init__.py", line 134, in async_wrapper
    return await f(*args, **kwargs)
           ^^^^^^^^^^^^^^^^^^^^^^^^
  File "C:\Users\14-5-2022\AppData\Local\Programs\Python\Python311\Lib\site-packages\chromadb\server\fastapi\__init__.py", line 663, in create_collection
    await to_thread.run_sync(
  File "C:\Users\14-5-2022\AppData\Local\Programs\Python\Python311\Lib\site-packages\anyio\to_thread.py", line 56, in run_sync
    return await get_async_backend().run_sync_in_worker_thread(
           ^^^^^^^^^^^^^^^^^^^^^^^^^^^^^^^^^^^^^^^^^^^^^^^^^^^^
  File "C:\Users\14-5-2022\AppData\Local\Programs\Python\Python311\Lib\site-packages\anyio\_backends\_asyncio.py", line 2505, in run_sync_in_worker_thread
    return await future
           ^^^^^^^^^^^^
  File "C:\Users\14-5-2022\AppData\Local\Programs\Python\Python311\Lib\site-packages\anyio\_backends\_asyncio.py", line 1005, in run
    result = context.run(func, *args)
             ^^^^^^^^^^^^^^^^^^^^^^^^
  File "C:\Users\14-5-2022\AppData\Local\Programs\Python\Python311\Lib\site-packages\chromadb\server\fastapi\__init__.py", line 637, in process_create_collection
    else CollectionConfigurationInternal.from_json(create.configuration)
         ^^^^^^^^^^^^^^^^^^^^^^^^^^^^^^^^^^^^^^^^^^^^^^^^^^^^^^^^^^^^^^^
  File "C:\Users\14-5-2022\AppData\Local\Programs\Python\Python311\Lib\site-packages\chromadb\api\configuration.py", line 209, in from_json
    f"Trying to instantiate configuration of type {cls.__name__} from JSON with type {json_map['_type']}"
                                                                                      ~~~~~~~~^^^^^^^^^
KeyError: '_type'
[32mINFO[0m:     [18-11-2025 21:14:02] ::1:63631 - "POST /api/v2/tenants/default_tenant/databases/default_database/collections HTTP/1.1" 500
[32mINFO[0m:     [18-11-2025 21:14:49] Shutting down
[32mINFO[0m:     [18-11-2025 21:14:49] Waiting for application shutdown.
[36mDEBUG[0m:    [18-11-2025 21:14:49] Stopping component System
[36mDEBUG[0m:    [18-11-2025 21:14:49] Stopping component SegmentAPI
[36mDEBUG[0m:    [18-11-2025 21:14:49] Stopping component LocalExecutor
[36mDEBUG[0m:    [18-11-2025 21:14:49] Stopping component LocalSegmentManager
[36mDEBUG[0m:    [18-11-2025 21:14:49] Stopping component SimpleRateLimitEnforcer
[36mDEBUG[0m:    [18-11-2025 21:14:49] Stopping component Posthog
[36mDEBUG[0m:    [18-11-2025 21:14:49] Stopping component SimpleQuotaEnforcer
[36mDEBUG[0m:    [18-11-2025 21:14:49] Stopping component SqliteDB
[36mDEBUG[0m:    [18-11-2025 21:14:49] Stopping component OpenTelemetryClient
[32mINFO[0m:     [18-11-2025 21:14:49] Application shutdown complete.
[32mINFO[0m:     [18-11-2025 21:14:49] Finished server process [[36m11312[0m]
[33mWARNING[0m:  [18-11-2025 21:14:53] chroma_server_nofile is not supported on Windows. chroma_server_nofile will not be set.
[32mINFO[0m:     [18-11-2025 21:14:53] Anonymized telemetry enabled. See                     https://docs.trychroma.com/telemetry for more information.
[36mDEBUG[0m:    [18-11-2025 21:14:53] Starting component System
[36mDEBUG[0m:    [18-11-2025 21:14:53] Starting component OpenTelemetryClient
[36mDEBUG[0m:    [18-11-2025 21:14:53] Starting component SqliteDB
[36mDEBUG[0m:    [18-11-2025 21:14:53] Starting component SimpleQuotaEnforcer
[36mDEBUG[0m:    [18-11-2025 21:14:53] Starting component Posthog
[36mDEBUG[0m:    [18-11-2025 21:14:53] Starting component SimpleRateLimitEnforcer
[36mDEBUG[0m:    [18-11-2025 21:14:53] Starting component LocalSegmentManager
[36mDEBUG[0m:    [18-11-2025 21:14:53] Starting component LocalExecutor
[36mDEBUG[0m:    [18-11-2025 21:14:53] Starting component SegmentAPI
[32mINFO[0m:     [18-11-2025 21:14:53] Started server process [[36m300[0m]
[32mINFO[0m:     [18-11-2025 21:14:53] Waiting for application startup.
[32mINFO[0m:     [18-11-2025 21:14:53] Application startup complete.
[32mINFO[0m:     [18-11-2025 21:14:53] Uvicorn running on [1mhttp://localhost:8000[0m (Press CTRL+C to quit)
[32mINFO[0m:     [18-11-2025 21:15:37] ::1:58130 - "GET /api/v2/tenants/default_tenant/databases/default_database/collections/subject_cd HTTP/1.1" 400
[31mERROR[0m:    [18-11-2025 21:15:37] '_type'
  + Exception Group Traceback (most recent call last):
  |   File "C:\Users\14-5-2022\AppData\Local\Programs\Python\Python311\Lib\site-packages\starlette\_utils.py", line 79, in collapse_excgroups
  |     yield
  |   File "C:\Users\14-5-2022\AppData\Local\Programs\Python\Python311\Lib\site-packages\starlette\middleware\base.py", line 192, in __call__
  |     async with anyio.create_task_group() as task_group:
  |   File "C:\Users\14-5-2022\AppData\Local\Programs\Python\Python311\Lib\site-packages\anyio\_backends\_asyncio.py", line 815, in __aexit__
  |     raise BaseExceptionGroup(
  | ExceptionGroup: unhandled errors in a TaskGroup (1 sub-exception)
  +-+---------------- 1 ----------------
    | Traceback (most recent call last):
    |   File "C:\Users\14-5-2022\AppData\Local\Programs\Python\Python311\Lib\site-packages\chromadb\server\fastapi\__init__.py", line 107, in catch_exceptions_middleware
    |     return await call_next(request)
    |            ^^^^^^^^^^^^^^^^^^^^^^^^
    |   File "C:\Users\14-5-2022\AppData\Local\Programs\Python\Python311\Lib\site-packages\starlette\middleware\base.py", line 168, in call_next
    |     raise app_exc from app_exc.__cause__ or app_exc.__context__
    |   File "C:\Users\14-5-2022\AppData\Local\Programs\Python\Python311\Lib\site-packages\starlette\middleware\base.py", line 144, in coro
    |     await self.app(scope, receive_or_disconnect, send_no_error)
    |   File "C:\Users\14-5-2022\AppData\Local\Programs\Python\Python311\Lib\site-packages\starlette\middleware\base.py", line 191, in __call__
    |     with recv_stream, send_stream, collapse_excgroups():
    |   File "C:\Users\14-5-2022\AppData\Local\Programs\Python\Python311\Lib\contextlib.py", line 155, in __exit__
    |     self.gen.throw(typ, value, traceback)
    |   File "C:\Users\14-5-2022\AppData\Local\Programs\Python\Python311\Lib\site-packages\starlette\_utils.py", line 85, in collapse_excgroups
    |     raise exc
    |   File "C:\Users\14-5-2022\AppData\Local\Programs\Python\Python311\Lib\site-packages\starlette\middleware\base.py", line 193, in __call__
    |     response = await self.dispatch_func(request, call_next)
    |                ^^^^^^^^^^^^^^^^^^^^^^^^^^^^^^^^^^^^^^^^^^^^
    |   File "C:\Users\14-5-2022\AppData\Local\Programs\Python\Python311\Lib\site-packages\chromadb\server\fastapi\__init__.py", line 131, in check_http_version_middleware
    |     return await call_next(request)
    |            ^^^^^^^^^^^^^^^^^^^^^^^^
    |   File "C:\Users\14-5-2022\AppData\Local\Programs\Python\Python311\Lib\site-packages\starlette\middleware\base.py", line 168, in call_next
    |     raise app_exc from app_exc.__cause__ or app_exc.__context__
    |   File "C:\Users\14-5-2022\AppData\Local\Programs\Python\Python311\Lib\site-packages\starlette\middleware\base.py", line 144, in coro
    |     await self.app(scope, receive_or_disconnect, send_no_error)
    |   File "C:\Users\14-5-2022\AppData\Local\Programs\Python\Python311\Lib\site-packages\starlette\middleware\exceptions.py", line 63, in __call__
    |     await wrap_app_handling_exceptions(self.app, conn)(scope, receive, send)
    |   File "C:\Users\14-5-2022\AppData\Local\Programs\Python\Python311\Lib\site-packages\starlette\_exception_handler.py", line 53, in wrapped_app
    |     raise exc
    |   File "C:\Users\14-5-2022\AppData\Local\Programs\Python\Python311\Lib\site-packages\starlette\_exception_handler.py", line 42, in wrapped_app
    |     await app(scope, receive, sender)
    |   File "C:\Users\14-5-2022\AppData\Local\Programs\Python\Python311\Lib\site-packages\fastapi\middleware\asyncexitstack.py", line 18, in __call__
    |     await self.app(scope, receive, send)
    |   File "C:\Users\14-5-2022\AppData\Local\Programs\Python\Python311\Lib\site-packages\starlette\routing.py", line 716, in __call__
    |     await self.middleware_stack(scope, receive, send)
    |   File "C:\Users\14-5-2022\AppData\Local\Programs\Python\Python311\Lib\site-packages\starlette\routing.py", line 736, in app
    |     await route.handle(scope, receive, send)
    |   File "C:\Users\14-5-2022\AppData\Local\Programs\Python\Python311\Lib\site-packages\starlette\routing.py", line 290, in handle
    |     await self.app(scope, receive, send)
    |   File "C:\Users\14-5-2022\AppData\Local\Programs\Python\Python311\Lib\site-packages\fastapi\routing.py", line 125, in app
    |     await wrap_app_handling_exceptions(app, request)(scope, receive, send)
    |   File "C:\Users\14-5-2022\AppData\Local\Programs\Python\Python311\Lib\site-packages\starlette\_exception_handler.py", line 53, in wrapped_app
    |     raise exc
    |   File "C:\Users\14-5-2022\AppData\Local\Programs\Python\Python311\Lib\site-packages\starlette\_exception_handler.py", line 42, in wrapped_app
    |     await app(scope, receive, sender)
    |   File "C:\Users\14-5-2022\AppData\Local\Programs\Python\Python311\Lib\site-packages\fastapi\routing.py", line 111, in app
    |     response = await f(request)
    |                ^^^^^^^^^^^^^^^^
    |   File "C:\Users\14-5-2022\AppData\Local\Programs\Python\Python311\Lib\site-packages\fastapi\routing.py", line 391, in app
    |     raw_response = await run_endpoint_function(
    |                    ^^^^^^^^^^^^^^^^^^^^^^^^^^^^
    |   File "C:\Users\14-5-2022\AppData\Local\Programs\Python\Python311\Lib\site-packages\fastapi\routing.py", line 290, in run_endpoint_function
    |     return await dependant.call(**values)
    |            ^^^^^^^^^^^^^^^^^^^^^^^^^^^^^^
    |   File "C:\Users\14-5-2022\AppData\Local\Programs\Python\Python311\Lib\site-packages\chromadb\telemetry\opentelemetry\__init__.py", line 134, in async_wrapper
    |     return await f(*args, **kwargs)
    |            ^^^^^^^^^^^^^^^^^^^^^^^^
    |   File "C:\Users\14-5-2022\AppData\Local\Programs\Python\Python311\Lib\site-packages\chromadb\server\fastapi\__init__.py", line 663, in create_collection
    |     await to_thread.run_sync(
    |   File "C:\Users\14-5-2022\AppData\Local\Programs\Python\Python311\Lib\site-packages\anyio\to_thread.py", line 56, in run_sync
    |     return await get_async_backend().run_sync_in_worker_thread(
    |            ^^^^^^^^^^^^^^^^^^^^^^^^^^^^^^^^^^^^^^^^^^^^^^^^^^^^
    |   File "C:\Users\14-5-2022\AppData\Local\Programs\Python\Python311\Lib\site-packages\anyio\_backends\_asyncio.py", line 2505, in run_sync_in_worker_thread
    |     return await future
    |            ^^^^^^^^^^^^
    |   File "C:\Users\14-5-2022\AppData\Local\Programs\Python\Python311\Lib\site-packages\anyio\_backends\_asyncio.py", line 1005, in run
    |     result = context.run(func, *args)
    |              ^^^^^^^^^^^^^^^^^^^^^^^^
    |   File "C:\Users\14-5-2022\AppData\Local\Programs\Python\Python311\Lib\site-packages\chromadb\server\fastapi\__init__.py", line 637, in process_create_collection
    |     else CollectionConfigurationInternal.from_json(create.configuration)
    |          ^^^^^^^^^^^^^^^^^^^^^^^^^^^^^^^^^^^^^^^^^^^^^^^^^^^^^^^^^^^^^^^
    |   File "C:\Users\14-5-2022\AppData\Local\Programs\Python\Python311\Lib\site-packages\chromadb\api\configuration.py", line 209, in from_json
    |     f"Trying to instantiate configuration of type {cls.__name__} from JSON with type {json_map['_type']}"
    |                                                                                       ~~~~~~~~^^^^^^^^^
    | KeyError: '_type'
    +------------------------------------

The above exception was the direct cause of the following exception:

Traceback (most recent call last):
  File "C:\Users\14-5-2022\AppData\Local\Programs\Python\Python311\Lib\site-packages\chromadb\server\fastapi\__init__.py", line 107, in catch_exceptions_middleware
    return await call_next(request)
           ^^^^^^^^^^^^^^^^^^^^^^^^
  File "C:\Users\14-5-2022\AppData\Local\Programs\Python\Python311\Lib\site-packages\starlette\middleware\base.py", line 168, in call_next
    raise app_exc from app_exc.__cause__ or app_exc.__context__
  File "C:\Users\14-5-2022\AppData\Local\Programs\Python\Python311\Lib\site-packages\starlette\middleware\base.py", line 144, in coro
    await self.app(scope, receive_or_disconnect, send_no_error)
  File "C:\Users\14-5-2022\AppData\Local\Programs\Python\Python311\Lib\site-packages\starlette\middleware\base.py", line 191, in __call__
    with recv_stream, send_stream, collapse_excgroups():
  File "C:\Users\14-5-2022\AppData\Local\Programs\Python\Python311\Lib\contextlib.py", line 155, in __exit__
    self.gen.throw(typ, value, traceback)
  File "C:\Users\14-5-2022\AppData\Local\Programs\Python\Python311\Lib\site-packages\starlette\_utils.py", line 85, in collapse_excgroups
    raise exc
  File "C:\Users\14-5-2022\AppData\Local\Programs\Python\Python311\Lib\site-packages\starlette\middleware\base.py", line 193, in __call__
    response = await self.dispatch_func(request, call_next)
               ^^^^^^^^^^^^^^^^^^^^^^^^^^^^^^^^^^^^^^^^^^^^
  File "C:\Users\14-5-2022\AppData\Local\Programs\Python\Python311\Lib\site-packages\chromadb\server\fastapi\__init__.py", line 131, in check_http_version_middleware
    return await call_next(request)
           ^^^^^^^^^^^^^^^^^^^^^^^^
  File "C:\Users\14-5-2022\AppData\Local\Programs\Python\Python311\Lib\site-packages\starlette\middleware\base.py", line 168, in call_next
    raise app_exc from app_exc.__cause__ or app_exc.__context__
  File "C:\Users\14-5-2022\AppData\Local\Programs\Python\Python311\Lib\site-packages\starlette\middleware\base.py", line 144, in coro
    await self.app(scope, receive_or_disconnect, send_no_error)
  File "C:\Users\14-5-2022\AppData\Local\Programs\Python\Python311\Lib\site-packages\starlette\middleware\exceptions.py", line 63, in __call__
    await wrap_app_handling_exceptions(self.app, conn)(scope, receive, send)
  File "C:\Users\14-5-2022\AppData\Local\Programs\Python\Python311\Lib\site-packages\starlette\_exception_handler.py", line 53, in wrapped_app
    raise exc
  File "C:\Users\14-5-2022\AppData\Local\Programs\Python\Python311\Lib\site-packages\starlette\_exception_handler.py", line 42, in wrapped_app
    await app(scope, receive, sender)
  File "C:\Users\14-5-2022\AppData\Local\Programs\Python\Python311\Lib\site-packages\fastapi\middleware\asyncexitstack.py", line 18, in __call__
    await self.app(scope, receive, send)
  File "C:\Users\14-5-2022\AppData\Local\Programs\Python\Python311\Lib\site-packages\starlette\routing.py", line 716, in __call__
    await self.middleware_stack(scope, receive, send)
  File "C:\Users\14-5-2022\AppData\Local\Programs\Python\Python311\Lib\site-packages\starlette\routing.py", line 736, in app
    await route.handle(scope, receive, send)
  File "C:\Users\14-5-2022\AppData\Local\Programs\Python\Python311\Lib\site-packages\starlette\routing.py", line 290, in handle
    await self.app(scope, receive, send)
  File "C:\Users\14-5-2022\AppData\Local\Programs\Python\Python311\Lib\site-packages\fastapi\routing.py", line 125, in app
    await wrap_app_handling_exceptions(app, request)(scope, receive, send)
  File "C:\Users\14-5-2022\AppData\Local\Programs\Python\Python311\Lib\site-packages\starlette\_exception_handler.py", line 53, in wrapped_app
    raise exc
  File "C:\Users\14-5-2022\AppData\Local\Programs\Python\Python311\Lib\site-packages\starlette\_exception_handler.py", line 42, in wrapped_app
    await app(scope, receive, sender)
  File "C:\Users\14-5-2022\AppData\Local\Programs\Python\Python311\Lib\site-packages\fastapi\routing.py", line 111, in app
    response = await f(request)
               ^^^^^^^^^^^^^^^^
  File "C:\Users\14-5-2022\AppData\Local\Programs\Python\Python311\Lib\site-packages\fastapi\routing.py", line 391, in app
    raw_response = await run_endpoint_function(
                   ^^^^^^^^^^^^^^^^^^^^^^^^^^^^
  File "C:\Users\14-5-2022\AppData\Local\Programs\Python\Python311\Lib\site-packages\fastapi\routing.py", line 290, in run_endpoint_function
    return await dependant.call(**values)
           ^^^^^^^^^^^^^^^^^^^^^^^^^^^^^^
  File "C:\Users\14-5-2022\AppData\Local\Programs\Python\Python311\Lib\site-packages\chromadb\telemetry\opentelemetry\__init__.py", line 134, in async_wrapper
    return await f(*args, **kwargs)
           ^^^^^^^^^^^^^^^^^^^^^^^^
  File "C:\Users\14-5-2022\AppData\Local\Programs\Python\Python311\Lib\site-packages\chromadb\server\fastapi\__init__.py", line 663, in create_collection
    await to_thread.run_sync(
  File "C:\Users\14-5-2022\AppData\Local\Programs\Python\Python311\Lib\site-packages\anyio\to_thread.py", line 56, in run_sync
    return await get_async_backend().run_sync_in_worker_thread(
           ^^^^^^^^^^^^^^^^^^^^^^^^^^^^^^^^^^^^^^^^^^^^^^^^^^^^
  File "C:\Users\14-5-2022\AppData\Local\Programs\Python\Python311\Lib\site-packages\anyio\_backends\_asyncio.py", line 2505, in run_sync_in_worker_thread
    return await future
           ^^^^^^^^^^^^
  File "C:\Users\14-5-2022\AppData\Local\Programs\Python\Python311\Lib\site-packages\anyio\_backends\_asyncio.py", line 1005, in run
    result = context.run(func, *args)
             ^^^^^^^^^^^^^^^^^^^^^^^^
  File "C:\Users\14-5-2022\AppData\Local\Programs\Python\Python311\Lib\site-packages\chromadb\server\fastapi\__init__.py", line 637, in process_create_collection
    else CollectionConfigurationInternal.from_json(create.configuration)
         ^^^^^^^^^^^^^^^^^^^^^^^^^^^^^^^^^^^^^^^^^^^^^^^^^^^^^^^^^^^^^^^
  File "C:\Users\14-5-2022\AppData\Local\Programs\Python\Python311\Lib\site-packages\chromadb\api\configuration.py", line 209, in from_json
    f"Trying to instantiate configuration of type {cls.__name__} from JSON with type {json_map['_type']}"
                                                                                      ~~~~~~~~^^^^^^^^^
KeyError: '_type'
[32mINFO[0m:     [18-11-2025 21:15:37] ::1:58130 - "POST /api/v2/tenants/default_tenant/databases/default_database/collections HTTP/1.1" 500
[32mINFO[0m:     [18-11-2025 21:16:36] ::1:55765 - "GET /api/v2/tenants/default_tenant/databases/default_database/collections/subject_cd HTTP/1.1" 400
[31mERROR[0m:    [18-11-2025 21:16:36] '_type'
  + Exception Group Traceback (most recent call last):
  |   File "C:\Users\14-5-2022\AppData\Local\Programs\Python\Python311\Lib\site-packages\starlette\_utils.py", line 79, in collapse_excgroups
  |     yield
  |   File "C:\Users\14-5-2022\AppData\Local\Programs\Python\Python311\Lib\site-packages\starlette\middleware\base.py", line 192, in __call__
  |     async with anyio.create_task_group() as task_group:
  |   File "C:\Users\14-5-2022\AppData\Local\Programs\Python\Python311\Lib\site-packages\anyio\_backends\_asyncio.py", line 815, in __aexit__
  |     raise BaseExceptionGroup(
  | ExceptionGroup: unhandled errors in a TaskGroup (1 sub-exception)
  +-+---------------- 1 ----------------
    | Traceback (most recent call last):
    |   File "C:\Users\14-5-2022\AppData\Local\Programs\Python\Python311\Lib\site-packages\chromadb\server\fastapi\__init__.py", line 107, in catch_exceptions_middleware
    |     return await call_next(request)
    |            ^^^^^^^^^^^^^^^^^^^^^^^^
    |   File "C:\Users\14-5-2022\AppData\Local\Programs\Python\Python311\Lib\site-packages\starlette\middleware\base.py", line 168, in call_next
    |     raise app_exc from app_exc.__cause__ or app_exc.__context__
    |   File "C:\Users\14-5-2022\AppData\Local\Programs\Python\Python311\Lib\site-packages\starlette\middleware\base.py", line 144, in coro
    |     await self.app(scope, receive_or_disconnect, send_no_error)
    |   File "C:\Users\14-5-2022\AppData\Local\Programs\Python\Python311\Lib\site-packages\starlette\middleware\base.py", line 191, in __call__
    |     with recv_stream, send_stream, collapse_excgroups():
    |   File "C:\Users\14-5-2022\AppData\Local\Programs\Python\Python311\Lib\contextlib.py", line 155, in __exit__
    |     self.gen.throw(typ, value, traceback)
    |   File "C:\Users\14-5-2022\AppData\Local\Programs\Python\Python311\Lib\site-packages\starlette\_utils.py", line 85, in collapse_excgroups
    |     raise exc
    |   File "C:\Users\14-5-2022\AppData\Local\Programs\Python\Python311\Lib\site-packages\starlette\middleware\base.py", line 193, in __call__
    |     response = await self.dispatch_func(request, call_next)
    |                ^^^^^^^^^^^^^^^^^^^^^^^^^^^^^^^^^^^^^^^^^^^^
    |   File "C:\Users\14-5-2022\AppData\Local\Programs\Python\Python311\Lib\site-packages\chromadb\server\fastapi\__init__.py", line 131, in check_http_version_middleware
    |     return await call_next(request)
    |            ^^^^^^^^^^^^^^^^^^^^^^^^
    |   File "C:\Users\14-5-2022\AppData\Local\Programs\Python\Python311\Lib\site-packages\starlette\middleware\base.py", line 168, in call_next
    |     raise app_exc from app_exc.__cause__ or app_exc.__context__
    |   File "C:\Users\14-5-2022\AppData\Local\Programs\Python\Python311\Lib\site-packages\starlette\middleware\base.py", line 144, in coro
    |     await self.app(scope, receive_or_disconnect, send_no_error)
    |   File "C:\Users\14-5-2022\AppData\Local\Programs\Python\Python311\Lib\site-packages\starlette\middleware\exceptions.py", line 63, in __call__
    |     await wrap_app_handling_exceptions(self.app, conn)(scope, receive, send)
    |   File "C:\Users\14-5-2022\AppData\Local\Programs\Python\Python311\Lib\site-packages\starlette\_exception_handler.py", line 53, in wrapped_app
    |     raise exc
    |   File "C:\Users\14-5-2022\AppData\Local\Programs\Python\Python311\Lib\site-packages\starlette\_exception_handler.py", line 42, in wrapped_app
    |     await app(scope, receive, sender)
    |   File "C:\Users\14-5-2022\AppData\Local\Programs\Python\Python311\Lib\site-packages\fastapi\middleware\asyncexitstack.py", line 18, in __call__
    |     await self.app(scope, receive, send)
    |   File "C:\Users\14-5-2022\AppData\Local\Programs\Python\Python311\Lib\site-packages\starlette\routing.py", line 716, in __call__
    |     await self.middleware_stack(scope, receive, send)
    |   File "C:\Users\14-5-2022\AppData\Local\Programs\Python\Python311\Lib\site-packages\starlette\routing.py", line 736, in app
    |     await route.handle(scope, receive, send)
    |   File "C:\Users\14-5-2022\AppData\Local\Programs\Python\Python311\Lib\site-packages\starlette\routing.py", line 290, in handle
    |     await self.app(scope, receive, send)
    |   File "C:\Users\14-5-2022\AppData\Local\Programs\Python\Python311\Lib\site-packages\fastapi\routing.py", line 125, in app
    |     await wrap_app_handling_exceptions(app, request)(scope, receive, send)
    |   File "C:\Users\14-5-2022\AppData\Local\Programs\Python\Python311\Lib\site-packages\starlette\_exception_handler.py", line 53, in wrapped_app
    |     raise exc
    |   File "C:\Users\14-5-2022\AppData\Local\Programs\Python\Python311\Lib\site-packages\starlette\_exception_handler.py", line 42, in wrapped_app
    |     await app(scope, receive, sender)
    |   File "C:\Users\14-5-2022\AppData\Local\Programs\Python\Python311\Lib\site-packages\fastapi\routing.py", line 111, in app
    |     response = await f(request)
    |                ^^^^^^^^^^^^^^^^
    |   File "C:\Users\14-5-2022\AppData\Local\Programs\Python\Python311\Lib\site-packages\fastapi\routing.py", line 391, in app
    |     raw_response = await run_endpoint_function(
    |                    ^^^^^^^^^^^^^^^^^^^^^^^^^^^^
    |   File "C:\Users\14-5-2022\AppData\Local\Programs\Python\Python311\Lib\site-packages\fastapi\routing.py", line 290, in run_endpoint_function
    |     return await dependant.call(**values)
    |            ^^^^^^^^^^^^^^^^^^^^^^^^^^^^^^
    |   File "C:\Users\14-5-2022\AppData\Local\Programs\Python\Python311\Lib\site-packages\chromadb\telemetry\opentelemetry\__init__.py", line 134, in async_wrapper
    |     return await f(*args, **kwargs)
    |            ^^^^^^^^^^^^^^^^^^^^^^^^
    |   File "C:\Users\14-5-2022\AppData\Local\Programs\Python\Python311\Lib\site-packages\chromadb\server\fastapi\__init__.py", line 663, in create_collection
    |     await to_thread.run_sync(
    |   File "C:\Users\14-5-2022\AppData\Local\Programs\Python\Python311\Lib\site-packages\anyio\to_thread.py", line 56, in run_sync
    |     return await get_async_backend().run_sync_in_worker_thread(
    |            ^^^^^^^^^^^^^^^^^^^^^^^^^^^^^^^^^^^^^^^^^^^^^^^^^^^^
    |   File "C:\Users\14-5-2022\AppData\Local\Programs\Python\Python311\Lib\site-packages\anyio\_backends\_asyncio.py", line 2505, in run_sync_in_worker_thread
    |     return await future
    |            ^^^^^^^^^^^^
    |   File "C:\Users\14-5-2022\AppData\Local\Programs\Python\Python311\Lib\site-packages\anyio\_backends\_asyncio.py", line 1005, in run
    |     result = context.run(func, *args)
    |              ^^^^^^^^^^^^^^^^^^^^^^^^
    |   File "C:\Users\14-5-2022\AppData\Local\Programs\Python\Python311\Lib\site-packages\chromadb\server\fastapi\__init__.py", line 637, in process_create_collection
    |     else CollectionConfigurationInternal.from_json(create.configuration)
    |          ^^^^^^^^^^^^^^^^^^^^^^^^^^^^^^^^^^^^^^^^^^^^^^^^^^^^^^^^^^^^^^^
    |   File "C:\Users\14-5-2022\AppData\Local\Programs\Python\Python311\Lib\site-packages\chromadb\api\configuration.py", line 209, in from_json
    |     f"Trying to instantiate configuration of type {cls.__name__} from JSON with type {json_map['_type']}"
    |                                                                                       ~~~~~~~~^^^^^^^^^
    | KeyError: '_type'
    +------------------------------------

The above exception was the direct cause of the following exception:

Traceback (most recent call last):
  File "C:\Users\14-5-2022\AppData\Local\Programs\Python\Python311\Lib\site-packages\chromadb\server\fastapi\__init__.py", line 107, in catch_exceptions_middleware
    return await call_next(request)
           ^^^^^^^^^^^^^^^^^^^^^^^^
  File "C:\Users\14-5-2022\AppData\Local\Programs\Python\Python311\Lib\site-packages\starlette\middleware\base.py", line 168, in call_next
    raise app_exc from app_exc.__cause__ or app_exc.__context__
  File "C:\Users\14-5-2022\AppData\Local\Programs\Python\Python311\Lib\site-packages\starlette\middleware\base.py", line 144, in coro
    await self.app(scope, receive_or_disconnect, send_no_error)
  File "C:\Users\14-5-2022\AppData\Local\Programs\Python\Python311\Lib\site-packages\starlette\middleware\base.py", line 191, in __call__
    with recv_stream, send_stream, collapse_excgroups():
  File "C:\Users\14-5-2022\AppData\Local\Programs\Python\Python311\Lib\contextlib.py", line 155, in __exit__
    self.gen.throw(typ, value, traceback)
  File "C:\Users\14-5-2022\AppData\Local\Programs\Python\Python311\Lib\site-packages\starlette\_utils.py", line 85, in collapse_excgroups
    raise exc
  File "C:\Users\14-5-2022\AppData\Local\Programs\Python\Python311\Lib\site-packages\starlette\middleware\base.py", line 193, in __call__
    response = await self.dispatch_func(request, call_next)
               ^^^^^^^^^^^^^^^^^^^^^^^^^^^^^^^^^^^^^^^^^^^^
  File "C:\Users\14-5-2022\AppData\Local\Programs\Python\Python311\Lib\site-packages\chromadb\server\fastapi\__init__.py", line 131, in check_http_version_middleware
    return await call_next(request)
           ^^^^^^^^^^^^^^^^^^^^^^^^
  File "C:\Users\14-5-2022\AppData\Local\Programs\Python\Python311\Lib\site-packages\starlette\middleware\base.py", line 168, in call_next
    raise app_exc from app_exc.__cause__ or app_exc.__context__
  File "C:\Users\14-5-2022\AppData\Local\Programs\Python\Python311\Lib\site-packages\starlette\middleware\base.py", line 144, in coro
    await self.app(scope, receive_or_disconnect, send_no_error)
  File "C:\Users\14-5-2022\AppData\Local\Programs\Python\Python311\Lib\site-packages\starlette\middleware\exceptions.py", line 63, in __call__
    await wrap_app_handling_exceptions(self.app, conn)(scope, receive, send)
  File "C:\Users\14-5-2022\AppData\Local\Programs\Python\Python311\Lib\site-packages\starlette\_exception_handler.py", line 53, in wrapped_app
    raise exc
  File "C:\Users\14-5-2022\AppData\Local\Programs\Python\Python311\Lib\site-packages\starlette\_exception_handler.py", line 42, in wrapped_app
    await app(scope, receive, sender)
  File "C:\Users\14-5-2022\AppData\Local\Programs\Python\Python311\Lib\site-packages\fastapi\middleware\asyncexitstack.py", line 18, in __call__
    await self.app(scope, receive, send)
  File "C:\Users\14-5-2022\AppData\Local\Programs\Python\Python311\Lib\site-packages\starlette\routing.py", line 716, in __call__
    await self.middleware_stack(scope, receive, send)
  File "C:\Users\14-5-2022\AppData\Local\Programs\Python\Python311\Lib\site-packages\starlette\routing.py", line 736, in app
    await route.handle(scope, receive, send)
  File "C:\Users\14-5-2022\AppData\Local\Programs\Python\Python311\Lib\site-packages\starlette\routing.py", line 290, in handle
    await self.app(scope, receive, send)
  File "C:\Users\14-5-2022\AppData\Local\Programs\Python\Python311\Lib\site-packages\fastapi\routing.py", line 125, in app
    await wrap_app_handling_exceptions(app, request)(scope, receive, send)
  File "C:\Users\14-5-2022\AppData\Local\Programs\Python\Python311\Lib\site-packages\starlette\_exception_handler.py", line 53, in wrapped_app
    raise exc
  File "C:\Users\14-5-2022\AppData\Local\Programs\Python\Python311\Lib\site-packages\starlette\_exception_handler.py", line 42, in wrapped_app
    await app(scope, receive, sender)
  File "C:\Users\14-5-2022\AppData\Local\Programs\Python\Python311\Lib\site-packages\fastapi\routing.py", line 111, in app
    response = await f(request)
               ^^^^^^^^^^^^^^^^
  File "C:\Users\14-5-2022\AppData\Local\Programs\Python\Python311\Lib\site-packages\fastapi\routing.py", line 391, in app
    raw_response = await run_endpoint_function(
                   ^^^^^^^^^^^^^^^^^^^^^^^^^^^^
  File "C:\Users\14-5-2022\AppData\Local\Programs\Python\Python311\Lib\site-packages\fastapi\routing.py", line 290, in run_endpoint_function
    return await dependant.call(**values)
           ^^^^^^^^^^^^^^^^^^^^^^^^^^^^^^
  File "C:\Users\14-5-2022\AppData\Local\Programs\Python\Python311\Lib\site-packages\chromadb\telemetry\opentelemetry\__init__.py", line 134, in async_wrapper
    return await f(*args, **kwargs)
           ^^^^^^^^^^^^^^^^^^^^^^^^
  File "C:\Users\14-5-2022\AppData\Local\Programs\Python\Python311\Lib\site-packages\chromadb\server\fastapi\__init__.py", line 663, in create_collection
    await to_thread.run_sync(
  File "C:\Users\14-5-2022\AppData\Local\Programs\Python\Python311\Lib\site-packages\anyio\to_thread.py", line 56, in run_sync
    return await get_async_backend().run_sync_in_worker_thread(
           ^^^^^^^^^^^^^^^^^^^^^^^^^^^^^^^^^^^^^^^^^^^^^^^^^^^^
  File "C:\Users\14-5-2022\AppData\Local\Programs\Python\Python311\Lib\site-packages\anyio\_backends\_asyncio.py", line 2505, in run_sync_in_worker_thread
    return await future
           ^^^^^^^^^^^^
  File "C:\Users\14-5-2022\AppData\Local\Programs\Python\Python311\Lib\site-packages\anyio\_backends\_asyncio.py", line 1005, in run
    result = context.run(func, *args)
             ^^^^^^^^^^^^^^^^^^^^^^^^
  File "C:\Users\14-5-2022\AppData\Local\Programs\Python\Python311\Lib\site-packages\chromadb\server\fastapi\__init__.py", line 637, in process_create_collection
    else CollectionConfigurationInternal.from_json(create.configuration)
         ^^^^^^^^^^^^^^^^^^^^^^^^^^^^^^^^^^^^^^^^^^^^^^^^^^^^^^^^^^^^^^^
  File "C:\Users\14-5-2022\AppData\Local\Programs\Python\Python311\Lib\site-packages\chromadb\api\configuration.py", line 209, in from_json
    f"Trying to instantiate configuration of type {cls.__name__} from JSON with type {json_map['_type']}"
                                                                                      ~~~~~~~~^^^^^^^^^
KeyError: '_type'
[32mINFO[0m:     [18-11-2025 21:16:36] ::1:55765 - "POST /api/v2/tenants/default_tenant/databases/default_database/collections HTTP/1.1" 500
[32mINFO[0m:     [18-11-2025 21:17:09] Shutting down
[32mINFO[0m:     [18-11-2025 21:17:09] Waiting for application shutdown.
[36mDEBUG[0m:    [18-11-2025 21:17:09] Stopping component System
[36mDEBUG[0m:    [18-11-2025 21:17:09] Stopping component SegmentAPI
[36mDEBUG[0m:    [18-11-2025 21:17:09] Stopping component LocalExecutor
[36mDEBUG[0m:    [18-11-2025 21:17:09] Stopping component LocalSegmentManager
[36mDEBUG[0m:    [18-11-2025 21:17:09] Stopping component SimpleRateLimitEnforcer
[36mDEBUG[0m:    [18-11-2025 21:17:09] Stopping component Posthog
[36mDEBUG[0m:    [18-11-2025 21:17:09] Stopping component SimpleQuotaEnforcer
[36mDEBUG[0m:    [18-11-2025 21:17:09] Stopping component SqliteDB
[36mDEBUG[0m:    [18-11-2025 21:17:09] Stopping component OpenTelemetryClient
[32mINFO[0m:     [18-11-2025 21:17:09] Application shutdown complete.
[32mINFO[0m:     [18-11-2025 21:17:09] Finished server process [[36m300[0m]
[33mWARNING[0m:  [18-11-2025 21:17:26] chroma_server_nofile is not supported on Windows. chroma_server_nofile will not be set.
[32mINFO[0m:     [18-11-2025 21:17:26] Anonymized telemetry enabled. See                     https://docs.trychroma.com/telemetry for more information.
[36mDEBUG[0m:    [18-11-2025 21:17:26] Starting component System
[36mDEBUG[0m:    [18-11-2025 21:17:26] Starting component OpenTelemetryClient
[36mDEBUG[0m:    [18-11-2025 21:17:26] Starting component SqliteDB
[36mDEBUG[0m:    [18-11-2025 21:17:26] Starting component SimpleQuotaEnforcer
[36mDEBUG[0m:    [18-11-2025 21:17:26] Starting component Posthog
[36mDEBUG[0m:    [18-11-2025 21:17:26] Starting component SimpleRateLimitEnforcer
[36mDEBUG[0m:    [18-11-2025 21:17:26] Starting component LocalSegmentManager
[36mDEBUG[0m:    [18-11-2025 21:17:26] Starting component LocalExecutor
[36mDEBUG[0m:    [18-11-2025 21:17:26] Starting component SegmentAPI
[32mINFO[0m:     [18-11-2025 21:17:26] Started server process [[36m13280[0m]
[32mINFO[0m:     [18-11-2025 21:17:26] Waiting for application startup.
[32mINFO[0m:     [18-11-2025 21:17:26] Application startup complete.
[32mINFO[0m:     [18-11-2025 21:17:26] Uvicorn running on [1mhttp://localhost:8000[0m (Press CTRL+C to quit)
[32mINFO[0m:     [18-11-2025 21:18:53] Shutting down
[32mINFO[0m:     [18-11-2025 21:18:54] Waiting for application shutdown.
[36mDEBUG[0m:    [18-11-2025 21:18:54] Stopping component System
[36mDEBUG[0m:    [18-11-2025 21:18:54] Stopping component SegmentAPI
[36mDEBUG[0m:    [18-11-2025 21:18:54] Stopping component LocalExecutor
[36mDEBUG[0m:    [18-11-2025 21:18:54] Stopping component LocalSegmentManager
[36mDEBUG[0m:    [18-11-2025 21:18:54] Stopping component SimpleRateLimitEnforcer
[36mDEBUG[0m:    [18-11-2025 21:18:54] Stopping component Posthog
[36mDEBUG[0m:    [18-11-2025 21:18:54] Stopping component SimpleQuotaEnforcer
[36mDEBUG[0m:    [18-11-2025 21:18:54] Stopping component SqliteDB
[36mDEBUG[0m:    [18-11-2025 21:18:54] Stopping component OpenTelemetryClient
[32mINFO[0m:     [18-11-2025 21:18:54] Application shutdown complete.
[32mINFO[0m:     [18-11-2025 21:18:54] Finished server process [[36m13280[0m]
[33mWARNING[0m:  [18-11-2025 21:18:58] chroma_server_nofile is not supported on Windows. chroma_server_nofile will not be set.
[32mINFO[0m:     [18-11-2025 21:18:58] Anonymized telemetry enabled. See                     https://docs.trychroma.com/telemetry for more information.
[36mDEBUG[0m:    [18-11-2025 21:18:58] Starting component System
[36mDEBUG[0m:    [18-11-2025 21:18:58] Starting component OpenTelemetryClient
[36mDEBUG[0m:    [18-11-2025 21:18:58] Starting component SqliteDB
[36mDEBUG[0m:    [18-11-2025 21:18:58] Starting component SimpleQuotaEnforcer
[36mDEBUG[0m:    [18-11-2025 21:18:58] Starting component Posthog
[36mDEBUG[0m:    [18-11-2025 21:18:58] Starting component SimpleRateLimitEnforcer
[36mDEBUG[0m:    [18-11-2025 21:18:58] Starting component LocalSegmentManager
[36mDEBUG[0m:    [18-11-2025 21:18:58] Starting component LocalExecutor
[36mDEBUG[0m:    [18-11-2025 21:18:58] Starting component SegmentAPI
[32mINFO[0m:     [18-11-2025 21:18:58] Started server process [[36m19424[0m]
[32mINFO[0m:     [18-11-2025 21:18:58] Waiting for application startup.
[32mINFO[0m:     [18-11-2025 21:18:58] Application startup complete.
[32mINFO[0m:     [18-11-2025 21:18:58] Uvicorn running on [1mhttp://localhost:8000[0m (Press CTRL+C to quit)
[32mINFO[0m:     [18-11-2025 21:19:04] ::1:64964 - "GET /api/v2/tenants/default_tenant/databases/default_database/collections/subject_cd HTTP/1.1" 400
[31mERROR[0m:    [18-11-2025 21:19:04] '_type'
  + Exception Group Traceback (most recent call last):
  |   File "C:\Users\14-5-2022\AppData\Local\Programs\Python\Python311\Lib\site-packages\starlette\_utils.py", line 79, in collapse_excgroups
  |     yield
  |   File "C:\Users\14-5-2022\AppData\Local\Programs\Python\Python311\Lib\site-packages\starlette\middleware\base.py", line 192, in __call__
  |     async with anyio.create_task_group() as task_group:
  |   File "C:\Users\14-5-2022\AppData\Local\Programs\Python\Python311\Lib\site-packages\anyio\_backends\_asyncio.py", line 815, in __aexit__
  |     raise BaseExceptionGroup(
  | ExceptionGroup: unhandled errors in a TaskGroup (1 sub-exception)
  +-+---------------- 1 ----------------
    | Traceback (most recent call last):
    |   File "C:\Users\14-5-2022\AppData\Local\Programs\Python\Python311\Lib\site-packages\chromadb\server\fastapi\__init__.py", line 107, in catch_exceptions_middleware
    |     return await call_next(request)
    |            ^^^^^^^^^^^^^^^^^^^^^^^^
    |   File "C:\Users\14-5-2022\AppData\Local\Programs\Python\Python311\Lib\site-packages\starlette\middleware\base.py", line 168, in call_next
    |     raise app_exc from app_exc.__cause__ or app_exc.__context__
    |   File "C:\Users\14-5-2022\AppData\Local\Programs\Python\Python311\Lib\site-packages\starlette\middleware\base.py", line 144, in coro
    |     await self.app(scope, receive_or_disconnect, send_no_error)
    |   File "C:\Users\14-5-2022\AppData\Local\Programs\Python\Python311\Lib\site-packages\starlette\middleware\base.py", line 191, in __call__
    |     with recv_stream, send_stream, collapse_excgroups():
    |   File "C:\Users\14-5-2022\AppData\Local\Programs\Python\Python311\Lib\contextlib.py", line 155, in __exit__
    |     self.gen.throw(typ, value, traceback)
    |   File "C:\Users\14-5-2022\AppData\Local\Programs\Python\Python311\Lib\site-packages\starlette\_utils.py", line 85, in collapse_excgroups
    |     raise exc
    |   File "C:\Users\14-5-2022\AppData\Local\Programs\Python\Python311\Lib\site-packages\starlette\middleware\base.py", line 193, in __call__
    |     response = await self.dispatch_func(request, call_next)
    |                ^^^^^^^^^^^^^^^^^^^^^^^^^^^^^^^^^^^^^^^^^^^^
    |   File "C:\Users\14-5-2022\AppData\Local\Programs\Python\Python311\Lib\site-packages\chromadb\server\fastapi\__init__.py", line 131, in check_http_version_middleware
    |     return await call_next(request)
    |            ^^^^^^^^^^^^^^^^^^^^^^^^
    |   File "C:\Users\14-5-2022\AppData\Local\Programs\Python\Python311\Lib\site-packages\starlette\middleware\base.py", line 168, in call_next
    |     raise app_exc from app_exc.__cause__ or app_exc.__context__
    |   File "C:\Users\14-5-2022\AppData\Local\Programs\Python\Python311\Lib\site-packages\starlette\middleware\base.py", line 144, in coro
    |     await self.app(scope, receive_or_disconnect, send_no_error)
    |   File "C:\Users\14-5-2022\AppData\Local\Programs\Python\Python311\Lib\site-packages\starlette\middleware\exceptions.py", line 63, in __call__
    |     await wrap_app_handling_exceptions(self.app, conn)(scope, receive, send)
    |   File "C:\Users\14-5-2022\AppData\Local\Programs\Python\Python311\Lib\site-packages\starlette\_exception_handler.py", line 53, in wrapped_app
    |     raise exc
    |   File "C:\Users\14-5-2022\AppData\Local\Programs\Python\Python311\Lib\site-packages\starlette\_exception_handler.py", line 42, in wrapped_app
    |     await app(scope, receive, sender)
    |   File "C:\Users\14-5-2022\AppData\Local\Programs\Python\Python311\Lib\site-packages\fastapi\middleware\asyncexitstack.py", line 18, in __call__
    |     await self.app(scope, receive, send)
    |   File "C:\Users\14-5-2022\AppData\Local\Programs\Python\Python311\Lib\site-packages\starlette\routing.py", line 716, in __call__
    |     await self.middleware_stack(scope, receive, send)
    |   File "C:\Users\14-5-2022\AppData\Local\Programs\Python\Python311\Lib\site-packages\starlette\routing.py", line 736, in app
    |     await route.handle(scope, receive, send)
    |   File "C:\Users\14-5-2022\AppData\Local\Programs\Python\Python311\Lib\site-packages\starlette\routing.py", line 290, in handle
    |     await self.app(scope, receive, send)
    |   File "C:\Users\14-5-2022\AppData\Local\Programs\Python\Python311\Lib\site-packages\fastapi\routing.py", line 125, in app
    |     await wrap_app_handling_exceptions(app, request)(scope, receive, send)
    |   File "C:\Users\14-5-2022\AppData\Local\Programs\Python\Python311\Lib\site-packages\starlette\_exception_handler.py", line 53, in wrapped_app
    |     raise exc
    |   File "C:\Users\14-5-2022\AppData\Local\Programs\Python\Python311\Lib\site-packages\starlette\_exception_handler.py", line 42, in wrapped_app
    |     await app(scope, receive, sender)
    |   File "C:\Users\14-5-2022\AppData\Local\Programs\Python\Python311\Lib\site-packages\fastapi\routing.py", line 111, in app
    |     response = await f(request)
    |                ^^^^^^^^^^^^^^^^
    |   File "C:\Users\14-5-2022\AppData\Local\Programs\Python\Python311\Lib\site-packages\fastapi\routing.py", line 391, in app
    |     raw_response = await run_endpoint_function(
    |                    ^^^^^^^^^^^^^^^^^^^^^^^^^^^^
    |   File "C:\Users\14-5-2022\AppData\Local\Programs\Python\Python311\Lib\site-packages\fastapi\routing.py", line 290, in run_endpoint_function
    |     return await dependant.call(**values)
    |            ^^^^^^^^^^^^^^^^^^^^^^^^^^^^^^
    |   File "C:\Users\14-5-2022\AppData\Local\Programs\Python\Python311\Lib\site-packages\chromadb\telemetry\opentelemetry\__init__.py", line 134, in async_wrapper
    |     return await f(*args, **kwargs)
    |            ^^^^^^^^^^^^^^^^^^^^^^^^
    |   File "C:\Users\14-5-2022\AppData\Local\Programs\Python\Python311\Lib\site-packages\chromadb\server\fastapi\__init__.py", line 663, in create_collection
    |     await to_thread.run_sync(
    |   File "C:\Users\14-5-2022\AppData\Local\Programs\Python\Python311\Lib\site-packages\anyio\to_thread.py", line 56, in run_sync
    |     return await get_async_backend().run_sync_in_worker_thread(
    |            ^^^^^^^^^^^^^^^^^^^^^^^^^^^^^^^^^^^^^^^^^^^^^^^^^^^^
    |   File "C:\Users\14-5-2022\AppData\Local\Programs\Python\Python311\Lib\site-packages\anyio\_backends\_asyncio.py", line 2505, in run_sync_in_worker_thread
    |     return await future
    |            ^^^^^^^^^^^^
    |   File "C:\Users\14-5-2022\AppData\Local\Programs\Python\Python311\Lib\site-packages\anyio\_backends\_asyncio.py", line 1005, in run
    |     result = context.run(func, *args)
    |              ^^^^^^^^^^^^^^^^^^^^^^^^
    |   File "C:\Users\14-5-2022\AppData\Local\Programs\Python\Python311\Lib\site-packages\chromadb\server\fastapi\__init__.py", line 637, in process_create_collection
    |     else CollectionConfigurationInternal.from_json(create.configuration)
    |          ^^^^^^^^^^^^^^^^^^^^^^^^^^^^^^^^^^^^^^^^^^^^^^^^^^^^^^^^^^^^^^^
    |   File "C:\Users\14-5-2022\AppData\Local\Programs\Python\Python311\Lib\site-packages\chromadb\api\configuration.py", line 209, in from_json
    |     f"Trying to instantiate configuration of type {cls.__name__} from JSON with type {json_map['_type']}"
    |                                                                                       ~~~~~~~~^^^^^^^^^
    | KeyError: '_type'
    +------------------------------------

The above exception was the direct cause of the following exception:

Traceback (most recent call last):
  File "C:\Users\14-5-2022\AppData\Local\Programs\Python\Python311\Lib\site-packages\chromadb\server\fastapi\__init__.py", line 107, in catch_exceptions_middleware
    return await call_next(request)
           ^^^^^^^^^^^^^^^^^^^^^^^^
  File "C:\Users\14-5-2022\AppData\Local\Programs\Python\Python311\Lib\site-packages\starlette\middleware\base.py", line 168, in call_next
    raise app_exc from app_exc.__cause__ or app_exc.__context__
  File "C:\Users\14-5-2022\AppData\Local\Programs\Python\Python311\Lib\site-packages\starlette\middleware\base.py", line 144, in coro
    await self.app(scope, receive_or_disconnect, send_no_error)
  File "C:\Users\14-5-2022\AppData\Local\Programs\Python\Python311\Lib\site-packages\starlette\middleware\base.py", line 191, in __call__
    with recv_stream, send_stream, collapse_excgroups():
  File "C:\Users\14-5-2022\AppData\Local\Programs\Python\Python311\Lib\contextlib.py", line 155, in __exit__
    self.gen.throw(typ, value, traceback)
  File "C:\Users\14-5-2022\AppData\Local\Programs\Python\Python311\Lib\site-packages\starlette\_utils.py", line 85, in collapse_excgroups
    raise exc
  File "C:\Users\14-5-2022\AppData\Local\Programs\Python\Python311\Lib\site-packages\starlette\middleware\base.py", line 193, in __call__
    response = await self.dispatch_func(request, call_next)
               ^^^^^^^^^^^^^^^^^^^^^^^^^^^^^^^^^^^^^^^^^^^^
  File "C:\Users\14-5-2022\AppData\Local\Programs\Python\Python311\Lib\site-packages\chromadb\server\fastapi\__init__.py", line 131, in check_http_version_middleware
    return await call_next(request)
           ^^^^^^^^^^^^^^^^^^^^^^^^
  File "C:\Users\14-5-2022\AppData\Local\Programs\Python\Python311\Lib\site-packages\starlette\middleware\base.py", line 168, in call_next
    raise app_exc from app_exc.__cause__ or app_exc.__context__
  File "C:\Users\14-5-2022\AppData\Local\Programs\Python\Python311\Lib\site-packages\starlette\middleware\base.py", line 144, in coro
    await self.app(scope, receive_or_disconnect, send_no_error)
  File "C:\Users\14-5-2022\AppData\Local\Programs\Python\Python311\Lib\site-packages\starlette\middleware\exceptions.py", line 63, in __call__
    await wrap_app_handling_exceptions(self.app, conn)(scope, receive, send)
  File "C:\Users\14-5-2022\AppData\Local\Programs\Python\Python311\Lib\site-packages\starlette\_exception_handler.py", line 53, in wrapped_app
    raise exc
  File "C:\Users\14-5-2022\AppData\Local\Programs\Python\Python311\Lib\site-packages\starlette\_exception_handler.py", line 42, in wrapped_app
    await app(scope, receive, sender)
  File "C:\Users\14-5-2022\AppData\Local\Programs\Python\Python311\Lib\site-packages\fastapi\middleware\asyncexitstack.py", line 18, in __call__
    await self.app(scope, receive, send)
  File "C:\Users\14-5-2022\AppData\Local\Programs\Python\Python311\Lib\site-packages\starlette\routing.py", line 716, in __call__
    await self.middleware_stack(scope, receive, send)
  File "C:\Users\14-5-2022\AppData\Local\Programs\Python\Python311\Lib\site-packages\starlette\routing.py", line 736, in app
    await route.handle(scope, receive, send)
  File "C:\Users\14-5-2022\AppData\Local\Programs\Python\Python311\Lib\site-packages\starlette\routing.py", line 290, in handle
    await self.app(scope, receive, send)
  File "C:\Users\14-5-2022\AppData\Local\Programs\Python\Python311\Lib\site-packages\fastapi\routing.py", line 125, in app
    await wrap_app_handling_exceptions(app, request)(scope, receive, send)
  File "C:\Users\14-5-2022\AppData\Local\Programs\Python\Python311\Lib\site-packages\starlette\_exception_handler.py", line 53, in wrapped_app
    raise exc
  File "C:\Users\14-5-2022\AppData\Local\Programs\Python\Python311\Lib\site-packages\starlette\_exception_handler.py", line 42, in wrapped_app
    await app(scope, receive, sender)
  File "C:\Users\14-5-2022\AppData\Local\Programs\Python\Python311\Lib\site-packages\fastapi\routing.py", line 111, in app
    response = await f(request)
               ^^^^^^^^^^^^^^^^
  File "C:\Users\14-5-2022\AppData\Local\Programs\Python\Python311\Lib\site-packages\fastapi\routing.py", line 391, in app
    raw_response = await run_endpoint_function(
                   ^^^^^^^^^^^^^^^^^^^^^^^^^^^^
  File "C:\Users\14-5-2022\AppData\Local\Programs\Python\Python311\Lib\site-packages\fastapi\routing.py", line 290, in run_endpoint_function
    return await dependant.call(**values)
           ^^^^^^^^^^^^^^^^^^^^^^^^^^^^^^
  File "C:\Users\14-5-2022\AppData\Local\Programs\Python\Python311\Lib\site-packages\chromadb\telemetry\opentelemetry\__init__.py", line 134, in async_wrapper
    return await f(*args, **kwargs)
           ^^^^^^^^^^^^^^^^^^^^^^^^
  File "C:\Users\14-5-2022\AppData\Local\Programs\Python\Python311\Lib\site-packages\chromadb\server\fastapi\__init__.py", line 663, in create_collection
    await to_thread.run_sync(
  File "C:\Users\14-5-2022\AppData\Local\Programs\Python\Python311\Lib\site-packages\anyio\to_thread.py", line 56, in run_sync
    return await get_async_backend().run_sync_in_worker_thread(
           ^^^^^^^^^^^^^^^^^^^^^^^^^^^^^^^^^^^^^^^^^^^^^^^^^^^^
  File "C:\Users\14-5-2022\AppData\Local\Programs\Python\Python311\Lib\site-packages\anyio\_backends\_asyncio.py", line 2505, in run_sync_in_worker_thread
    return await future
           ^^^^^^^^^^^^
  File "C:\Users\14-5-2022\AppData\Local\Programs\Python\Python311\Lib\site-packages\anyio\_backends\_asyncio.py", line 1005, in run
    result = context.run(func, *args)
             ^^^^^^^^^^^^^^^^^^^^^^^^
  File "C:\Users\14-5-2022\AppData\Local\Programs\Python\Python311\Lib\site-packages\chromadb\server\fastapi\__init__.py", line 637, in process_create_collection
    else CollectionConfigurationInternal.from_json(create.configuration)
         ^^^^^^^^^^^^^^^^^^^^^^^^^^^^^^^^^^^^^^^^^^^^^^^^^^^^^^^^^^^^^^^
  File "C:\Users\14-5-2022\AppData\Local\Programs\Python\Python311\Lib\site-packages\chromadb\api\configuration.py", line 209, in from_json
    f"Trying to instantiate configuration of type {cls.__name__} from JSON with type {json_map['_type']}"
                                                                                      ~~~~~~~~^^^^^^^^^
KeyError: '_type'
[32mINFO[0m:     [18-11-2025 21:19:04] ::1:64964 - "POST /api/v2/tenants/default_tenant/databases/default_database/collections HTTP/1.1" 500
[32mINFO[0m:     [18-11-2025 21:19:45] Shutting down
[32mINFO[0m:     [18-11-2025 21:19:45] Waiting for application shutdown.
[36mDEBUG[0m:    [18-11-2025 21:19:45] Stopping component System
[36mDEBUG[0m:    [18-11-2025 21:19:45] Stopping component SegmentAPI
[36mDEBUG[0m:    [18-11-2025 21:19:45] Stopping component LocalExecutor
[36mDEBUG[0m:    [18-11-2025 21:19:45] Stopping component LocalSegmentManager
[36mDEBUG[0m:    [18-11-2025 21:19:45] Stopping component SimpleRateLimitEnforcer
[36mDEBUG[0m:    [18-11-2025 21:19:45] Stopping component Posthog
[36mDEBUG[0m:    [18-11-2025 21:19:45] Stopping component SimpleQuotaEnforcer
[36mDEBUG[0m:    [18-11-2025 21:19:45] Stopping component SqliteDB
[36mDEBUG[0m:    [18-11-2025 21:19:45] Stopping component OpenTelemetryClient
[32mINFO[0m:     [18-11-2025 21:19:45] Application shutdown complete.
[32mINFO[0m:     [18-11-2025 21:19:45] Finished server process [[36m19424[0m]
[33mWARNING[0m:  [18-11-2025 21:19:50] chroma_server_nofile is not supported on Windows. chroma_server_nofile will not be set.
[32mINFO[0m:     [18-11-2025 21:19:50] Anonymized telemetry enabled. See                     https://docs.trychroma.com/telemetry for more information.
[36mDEBUG[0m:    [18-11-2025 21:19:50] Starting component System
[36mDEBUG[0m:    [18-11-2025 21:19:50] Starting component OpenTelemetryClient
[36mDEBUG[0m:    [18-11-2025 21:19:50] Starting component SqliteDB
[36mDEBUG[0m:    [18-11-2025 21:19:50] Starting component SimpleQuotaEnforcer
[36mDEBUG[0m:    [18-11-2025 21:19:50] Starting component Posthog
[36mDEBUG[0m:    [18-11-2025 21:19:50] Starting component SimpleRateLimitEnforcer
[36mDEBUG[0m:    [18-11-2025 21:19:50] Starting component LocalSegmentManager
[36mDEBUG[0m:    [18-11-2025 21:19:50] Starting component LocalExecutor
[36mDEBUG[0m:    [18-11-2025 21:19:50] Starting component SegmentAPI
[32mINFO[0m:     [18-11-2025 21:19:50] Started server process [[36m9548[0m]
[32mINFO[0m:     [18-11-2025 21:19:50] Waiting for application startup.
[32mINFO[0m:     [18-11-2025 21:19:50] Application startup complete.
[32mINFO[0m:     [18-11-2025 21:19:50] Uvicorn running on [1mhttp://localhost:8000[0m (Press CTRL+C to quit)
[32mINFO[0m:     [18-11-2025 21:20:42] ::1:55775 - "GET /api/v2/tenants/default_tenant/databases/default_database/collections/subject_cd HTTP/1.1" 400
[31mERROR[0m:    [18-11-2025 21:20:42] '_type'
  + Exception Group Traceback (most recent call last):
  |   File "C:\Users\14-5-2022\AppData\Local\Programs\Python\Python311\Lib\site-packages\starlette\_utils.py", line 79, in collapse_excgroups
  |     yield
  |   File "C:\Users\14-5-2022\AppData\Local\Programs\Python\Python311\Lib\site-packages\starlette\middleware\base.py", line 192, in __call__
  |     async with anyio.create_task_group() as task_group:
  |   File "C:\Users\14-5-2022\AppData\Local\Programs\Python\Python311\Lib\site-packages\anyio\_backends\_asyncio.py", line 815, in __aexit__
  |     raise BaseExceptionGroup(
  | ExceptionGroup: unhandled errors in a TaskGroup (1 sub-exception)
  +-+---------------- 1 ----------------
    | Traceback (most recent call last):
    |   File "C:\Users\14-5-2022\AppData\Local\Programs\Python\Python311\Lib\site-packages\chromadb\server\fastapi\__init__.py", line 107, in catch_exceptions_middleware
    |     return await call_next(request)
    |            ^^^^^^^^^^^^^^^^^^^^^^^^
    |   File "C:\Users\14-5-2022\AppData\Local\Programs\Python\Python311\Lib\site-packages\starlette\middleware\base.py", line 168, in call_next
    |     raise app_exc from app_exc.__cause__ or app_exc.__context__
    |   File "C:\Users\14-5-2022\AppData\Local\Programs\Python\Python311\Lib\site-packages\starlette\middleware\base.py", line 144, in coro
    |     await self.app(scope, receive_or_disconnect, send_no_error)
    |   File "C:\Users\14-5-2022\AppData\Local\Programs\Python\Python311\Lib\site-packages\starlette\middleware\base.py", line 191, in __call__
    |     with recv_stream, send_stream, collapse_excgroups():
    |   File "C:\Users\14-5-2022\AppData\Local\Programs\Python\Python311\Lib\contextlib.py", line 155, in __exit__
    |     self.gen.throw(typ, value, traceback)
    |   File "C:\Users\14-5-2022\AppData\Local\Programs\Python\Python311\Lib\site-packages\starlette\_utils.py", line 85, in collapse_excgroups
    |     raise exc
    |   File "C:\Users\14-5-2022\AppData\Local\Programs\Python\Python311\Lib\site-packages\starlette\middleware\base.py", line 193, in __call__
    |     response = await self.dispatch_func(request, call_next)
    |                ^^^^^^^^^^^^^^^^^^^^^^^^^^^^^^^^^^^^^^^^^^^^
    |   File "C:\Users\14-5-2022\AppData\Local\Programs\Python\Python311\Lib\site-packages\chromadb\server\fastapi\__init__.py", line 131, in check_http_version_middleware
    |     return await call_next(request)
    |            ^^^^^^^^^^^^^^^^^^^^^^^^
    |   File "C:\Users\14-5-2022\AppData\Local\Programs\Python\Python311\Lib\site-packages\starlette\middleware\base.py", line 168, in call_next
    |     raise app_exc from app_exc.__cause__ or app_exc.__context__
    |   File "C:\Users\14-5-2022\AppData\Local\Programs\Python\Python311\Lib\site-packages\starlette\middleware\base.py", line 144, in coro
    |     await self.app(scope, receive_or_disconnect, send_no_error)
    |   File "C:\Users\14-5-2022\AppData\Local\Programs\Python\Python311\Lib\site-packages\starlette\middleware\exceptions.py", line 63, in __call__
    |     await wrap_app_handling_exceptions(self.app, conn)(scope, receive, send)
    |   File "C:\Users\14-5-2022\AppData\Local\Programs\Python\Python311\Lib\site-packages\starlette\_exception_handler.py", line 53, in wrapped_app
    |     raise exc
    |   File "C:\Users\14-5-2022\AppData\Local\Programs\Python\Python311\Lib\site-packages\starlette\_exception_handler.py", line 42, in wrapped_app
    |     await app(scope, receive, sender)
    |   File "C:\Users\14-5-2022\AppData\Local\Programs\Python\Python311\Lib\site-packages\fastapi\middleware\asyncexitstack.py", line 18, in __call__
    |     await self.app(scope, receive, send)
    |   File "C:\Users\14-5-2022\AppData\Local\Programs\Python\Python311\Lib\site-packages\starlette\routing.py", line 716, in __call__
    |     await self.middleware_stack(scope, receive, send)
    |   File "C:\Users\14-5-2022\AppData\Local\Programs\Python\Python311\Lib\site-packages\starlette\routing.py", line 736, in app
    |     await route.handle(scope, receive, send)
    |   File "C:\Users\14-5-2022\AppData\Local\Programs\Python\Python311\Lib\site-packages\starlette\routing.py", line 290, in handle
    |     await self.app(scope, receive, send)
    |   File "C:\Users\14-5-2022\AppData\Local\Programs\Python\Python311\Lib\site-packages\fastapi\routing.py", line 125, in app
    |     await wrap_app_handling_exceptions(app, request)(scope, receive, send)
    |   File "C:\Users\14-5-2022\AppData\Local\Programs\Python\Python311\Lib\site-packages\starlette\_exception_handler.py", line 53, in wrapped_app
    |     raise exc
    |   File "C:\Users\14-5-2022\AppData\Local\Programs\Python\Python311\Lib\site-packages\starlette\_exception_handler.py", line 42, in wrapped_app
    |     await app(scope, receive, sender)
    |   File "C:\Users\14-5-2022\AppData\Local\Programs\Python\Python311\Lib\site-packages\fastapi\routing.py", line 111, in app
    |     response = await f(request)
    |                ^^^^^^^^^^^^^^^^
    |   File "C:\Users\14-5-2022\AppData\Local\Programs\Python\Python311\Lib\site-packages\fastapi\routing.py", line 391, in app
    |     raw_response = await run_endpoint_function(
    |                    ^^^^^^^^^^^^^^^^^^^^^^^^^^^^
    |   File "C:\Users\14-5-2022\AppData\Local\Programs\Python\Python311\Lib\site-packages\fastapi\routing.py", line 290, in run_endpoint_function
    |     return await dependant.call(**values)
    |            ^^^^^^^^^^^^^^^^^^^^^^^^^^^^^^
    |   File "C:\Users\14-5-2022\AppData\Local\Programs\Python\Python311\Lib\site-packages\chromadb\telemetry\opentelemetry\__init__.py", line 134, in async_wrapper
    |     return await f(*args, **kwargs)
    |            ^^^^^^^^^^^^^^^^^^^^^^^^
    |   File "C:\Users\14-5-2022\AppData\Local\Programs\Python\Python311\Lib\site-packages\chromadb\server\fastapi\__init__.py", line 663, in create_collection
    |     await to_thread.run_sync(
    |   File "C:\Users\14-5-2022\AppData\Local\Programs\Python\Python311\Lib\site-packages\anyio\to_thread.py", line 56, in run_sync
    |     return await get_async_backend().run_sync_in_worker_thread(
    |            ^^^^^^^^^^^^^^^^^^^^^^^^^^^^^^^^^^^^^^^^^^^^^^^^^^^^
    |   File "C:\Users\14-5-2022\AppData\Local\Programs\Python\Python311\Lib\site-packages\anyio\_backends\_asyncio.py", line 2505, in run_sync_in_worker_thread
    |     return await future
    |            ^^^^^^^^^^^^
    |   File "C:\Users\14-5-2022\AppData\Local\Programs\Python\Python311\Lib\site-packages\anyio\_backends\_asyncio.py", line 1005, in run
    |     result = context.run(func, *args)
    |              ^^^^^^^^^^^^^^^^^^^^^^^^
    |   File "C:\Users\14-5-2022\AppData\Local\Programs\Python\Python311\Lib\site-packages\chromadb\server\fastapi\__init__.py", line 637, in process_create_collection
    |     else CollectionConfigurationInternal.from_json(create.configuration)
    |          ^^^^^^^^^^^^^^^^^^^^^^^^^^^^^^^^^^^^^^^^^^^^^^^^^^^^^^^^^^^^^^^
    |   File "C:\Users\14-5-2022\AppData\Local\Programs\Python\Python311\Lib\site-packages\chromadb\api\configuration.py", line 209, in from_json
    |     f"Trying to instantiate configuration of type {cls.__name__} from JSON with type {json_map['_type']}"
    |                                                                                       ~~~~~~~~^^^^^^^^^
    | KeyError: '_type'
    +------------------------------------

The above exception was the direct cause of the following exception:

Traceback (most recent call last):
  File "C:\Users\14-5-2022\AppData\Local\Programs\Python\Python311\Lib\site-packages\chromadb\server\fastapi\__init__.py", line 107, in catch_exceptions_middleware
    return await call_next(request)
           ^^^^^^^^^^^^^^^^^^^^^^^^
  File "C:\Users\14-5-2022\AppData\Local\Programs\Python\Python311\Lib\site-packages\starlette\middleware\base.py", line 168, in call_next
    raise app_exc from app_exc.__cause__ or app_exc.__context__
  File "C:\Users\14-5-2022\AppData\Local\Programs\Python\Python311\Lib\site-packages\starlette\middleware\base.py", line 144, in coro
    await self.app(scope, receive_or_disconnect, send_no_error)
  File "C:\Users\14-5-2022\AppData\Local\Programs\Python\Python311\Lib\site-packages\starlette\middleware\base.py", line 191, in __call__
    with recv_stream, send_stream, collapse_excgroups():
  File "C:\Users\14-5-2022\AppData\Local\Programs\Python\Python311\Lib\contextlib.py", line 155, in __exit__
    self.gen.throw(typ, value, traceback)
  File "C:\Users\14-5-2022\AppData\Local\Programs\Python\Python311\Lib\site-packages\starlette\_utils.py", line 85, in collapse_excgroups
    raise exc
  File "C:\Users\14-5-2022\AppData\Local\Programs\Python\Python311\Lib\site-packages\starlette\middleware\base.py", line 193, in __call__
    response = await self.dispatch_func(request, call_next)
               ^^^^^^^^^^^^^^^^^^^^^^^^^^^^^^^^^^^^^^^^^^^^
  File "C:\Users\14-5-2022\AppData\Local\Programs\Python\Python311\Lib\site-packages\chromadb\server\fastapi\__init__.py", line 131, in check_http_version_middleware
    return await call_next(request)
           ^^^^^^^^^^^^^^^^^^^^^^^^
  File "C:\Users\14-5-2022\AppData\Local\Programs\Python\Python311\Lib\site-packages\starlette\middleware\base.py", line 168, in call_next
    raise app_exc from app_exc.__cause__ or app_exc.__context__
  File "C:\Users\14-5-2022\AppData\Local\Programs\Python\Python311\Lib\site-packages\starlette\middleware\base.py", line 144, in coro
    await self.app(scope, receive_or_disconnect, send_no_error)
  File "C:\Users\14-5-2022\AppData\Local\Programs\Python\Python311\Lib\site-packages\starlette\middleware\exceptions.py", line 63, in __call__
    await wrap_app_handling_exceptions(self.app, conn)(scope, receive, send)
  File "C:\Users\14-5-2022\AppData\Local\Programs\Python\Python311\Lib\site-packages\starlette\_exception_handler.py", line 53, in wrapped_app
    raise exc
  File "C:\Users\14-5-2022\AppData\Local\Programs\Python\Python311\Lib\site-packages\starlette\_exception_handler.py", line 42, in wrapped_app
    await app(scope, receive, sender)
  File "C:\Users\14-5-2022\AppData\Local\Programs\Python\Python311\Lib\site-packages\fastapi\middleware\asyncexitstack.py", line 18, in __call__
    await self.app(scope, receive, send)
  File "C:\Users\14-5-2022\AppData\Local\Programs\Python\Python311\Lib\site-packages\starlette\routing.py", line 716, in __call__
    await self.middleware_stack(scope, receive, send)
  File "C:\Users\14-5-2022\AppData\Local\Programs\Python\Python311\Lib\site-packages\starlette\routing.py", line 736, in app
    await route.handle(scope, receive, send)
  File "C:\Users\14-5-2022\AppData\Local\Programs\Python\Python311\Lib\site-packages\starlette\routing.py", line 290, in handle
    await self.app(scope, receive, send)
  File "C:\Users\14-5-2022\AppData\Local\Programs\Python\Python311\Lib\site-packages\fastapi\routing.py", line 125, in app
    await wrap_app_handling_exceptions(app, request)(scope, receive, send)
  File "C:\Users\14-5-2022\AppData\Local\Programs\Python\Python311\Lib\site-packages\starlette\_exception_handler.py", line 53, in wrapped_app
    raise exc
  File "C:\Users\14-5-2022\AppData\Local\Programs\Python\Python311\Lib\site-packages\starlette\_exception_handler.py", line 42, in wrapped_app
    await app(scope, receive, sender)
  File "C:\Users\14-5-2022\AppData\Local\Programs\Python\Python311\Lib\site-packages\fastapi\routing.py", line 111, in app
    response = await f(request)
               ^^^^^^^^^^^^^^^^
  File "C:\Users\14-5-2022\AppData\Local\Programs\Python\Python311\Lib\site-packages\fastapi\routing.py", line 391, in app
    raw_response = await run_endpoint_function(
                   ^^^^^^^^^^^^^^^^^^^^^^^^^^^^
  File "C:\Users\14-5-2022\AppData\Local\Programs\Python\Python311\Lib\site-packages\fastapi\routing.py", line 290, in run_endpoint_function
    return await dependant.call(**values)
           ^^^^^^^^^^^^^^^^^^^^^^^^^^^^^^
  File "C:\Users\14-5-2022\AppData\Local\Programs\Python\Python311\Lib\site-packages\chromadb\telemetry\opentelemetry\__init__.py", line 134, in async_wrapper
    return await f(*args, **kwargs)
           ^^^^^^^^^^^^^^^^^^^^^^^^
  File "C:\Users\14-5-2022\AppData\Local\Programs\Python\Python311\Lib\site-packages\chromadb\server\fastapi\__init__.py", line 663, in create_collection
    await to_thread.run_sync(
  File "C:\Users\14-5-2022\AppData\Local\Programs\Python\Python311\Lib\site-packages\anyio\to_thread.py", line 56, in run_sync
    return await get_async_backend().run_sync_in_worker_thread(
           ^^^^^^^^^^^^^^^^^^^^^^^^^^^^^^^^^^^^^^^^^^^^^^^^^^^^
  File "C:\Users\14-5-2022\AppData\Local\Programs\Python\Python311\Lib\site-packages\anyio\_backends\_asyncio.py", line 2505, in run_sync_in_worker_thread
    return await future
           ^^^^^^^^^^^^
  File "C:\Users\14-5-2022\AppData\Local\Programs\Python\Python311\Lib\site-packages\anyio\_backends\_asyncio.py", line 1005, in run
    result = context.run(func, *args)
             ^^^^^^^^^^^^^^^^^^^^^^^^
  File "C:\Users\14-5-2022\AppData\Local\Programs\Python\Python311\Lib\site-packages\chromadb\server\fastapi\__init__.py", line 637, in process_create_collection
    else CollectionConfigurationInternal.from_json(create.configuration)
         ^^^^^^^^^^^^^^^^^^^^^^^^^^^^^^^^^^^^^^^^^^^^^^^^^^^^^^^^^^^^^^^
  File "C:\Users\14-5-2022\AppData\Local\Programs\Python\Python311\Lib\site-packages\chromadb\api\configuration.py", line 209, in from_json
    f"Trying to instantiate configuration of type {cls.__name__} from JSON with type {json_map['_type']}"
                                                                                      ~~~~~~~~^^^^^^^^^
KeyError: '_type'
[32mINFO[0m:     [18-11-2025 21:20:42] ::1:55775 - "POST /api/v2/tenants/default_tenant/databases/default_database/collections HTTP/1.1" 500
[32mINFO[0m:     [18-11-2025 21:23:05] ::1:58317 - "GET /api/v2/tenants/default_tenant/databases/default_database/collections/subject_cd HTTP/1.1" 400
[31mERROR[0m:    [18-11-2025 21:23:06] '_type'
  + Exception Group Traceback (most recent call last):
  |   File "C:\Users\14-5-2022\AppData\Local\Programs\Python\Python311\Lib\site-packages\starlette\_utils.py", line 79, in collapse_excgroups
  |     yield
  |   File "C:\Users\14-5-2022\AppData\Local\Programs\Python\Python311\Lib\site-packages\starlette\middleware\base.py", line 192, in __call__
  |     async with anyio.create_task_group() as task_group:
  |   File "C:\Users\14-5-2022\AppData\Local\Programs\Python\Python311\Lib\site-packages\anyio\_backends\_asyncio.py", line 815, in __aexit__
  |     raise BaseExceptionGroup(
  | ExceptionGroup: unhandled errors in a TaskGroup (1 sub-exception)
  +-+---------------- 1 ----------------
    | Traceback (most recent call last):
    |   File "C:\Users\14-5-2022\AppData\Local\Programs\Python\Python311\Lib\site-packages\chromadb\server\fastapi\__init__.py", line 107, in catch_exceptions_middleware
    |     return await call_next(request)
    |            ^^^^^^^^^^^^^^^^^^^^^^^^
    |   File "C:\Users\14-5-2022\AppData\Local\Programs\Python\Python311\Lib\site-packages\starlette\middleware\base.py", line 168, in call_next
    |     raise app_exc from app_exc.__cause__ or app_exc.__context__
    |   File "C:\Users\14-5-2022\AppData\Local\Programs\Python\Python311\Lib\site-packages\starlette\middleware\base.py", line 144, in coro
    |     await self.app(scope, receive_or_disconnect, send_no_error)
    |   File "C:\Users\14-5-2022\AppData\Local\Programs\Python\Python311\Lib\site-packages\starlette\middleware\base.py", line 191, in __call__
    |     with recv_stream, send_stream, collapse_excgroups():
    |   File "C:\Users\14-5-2022\AppData\Local\Programs\Python\Python311\Lib\contextlib.py", line 155, in __exit__
    |     self.gen.throw(typ, value, traceback)
    |   File "C:\Users\14-5-2022\AppData\Local\Programs\Python\Python311\Lib\site-packages\starlette\_utils.py", line 85, in collapse_excgroups
    |     raise exc
    |   File "C:\Users\14-5-2022\AppData\Local\Programs\Python\Python311\Lib\site-packages\starlette\middleware\base.py", line 193, in __call__
    |     response = await self.dispatch_func(request, call_next)
    |                ^^^^^^^^^^^^^^^^^^^^^^^^^^^^^^^^^^^^^^^^^^^^
    |   File "C:\Users\14-5-2022\AppData\Local\Programs\Python\Python311\Lib\site-packages\chromadb\server\fastapi\__init__.py", line 131, in check_http_version_middleware
    |     return await call_next(request)
    |            ^^^^^^^^^^^^^^^^^^^^^^^^
    |   File "C:\Users\14-5-2022\AppData\Local\Programs\Python\Python311\Lib\site-packages\starlette\middleware\base.py", line 168, in call_next
    |     raise app_exc from app_exc.__cause__ or app_exc.__context__
    |   File "C:\Users\14-5-2022\AppData\Local\Programs\Python\Python311\Lib\site-packages\starlette\middleware\base.py", line 144, in coro
    |     await self.app(scope, receive_or_disconnect, send_no_error)
    |   File "C:\Users\14-5-2022\AppData\Local\Programs\Python\Python311\Lib\site-packages\starlette\middleware\exceptions.py", line 63, in __call__
    |     await wrap_app_handling_exceptions(self.app, conn)(scope, receive, send)
    |   File "C:\Users\14-5-2022\AppData\Local\Programs\Python\Python311\Lib\site-packages\starlette\_exception_handler.py", line 53, in wrapped_app
    |     raise exc
    |   File "C:\Users\14-5-2022\AppData\Local\Programs\Python\Python311\Lib\site-packages\starlette\_exception_handler.py", line 42, in wrapped_app
    |     await app(scope, receive, sender)
    |   File "C:\Users\14-5-2022\AppData\Local\Programs\Python\Python311\Lib\site-packages\fastapi\middleware\asyncexitstack.py", line 18, in __call__
    |     await self.app(scope, receive, send)
    |   File "C:\Users\14-5-2022\AppData\Local\Programs\Python\Python311\Lib\site-packages\starlette\routing.py", line 716, in __call__
    |     await self.middleware_stack(scope, receive, send)
    |   File "C:\Users\14-5-2022\AppData\Local\Programs\Python\Python311\Lib\site-packages\starlette\routing.py", line 736, in app
    |     await route.handle(scope, receive, send)
    |   File "C:\Users\14-5-2022\AppData\Local\Programs\Python\Python311\Lib\site-packages\starlette\routing.py", line 290, in handle
    |     await self.app(scope, receive, send)
    |   File "C:\Users\14-5-2022\AppData\Local\Programs\Python\Python311\Lib\site-packages\fastapi\routing.py", line 125, in app
    |     await wrap_app_handling_exceptions(app, request)(scope, receive, send)
    |   File "C:\Users\14-5-2022\AppData\Local\Programs\Python\Python311\Lib\site-packages\starlette\_exception_handler.py", line 53, in wrapped_app
    |     raise exc
    |   File "C:\Users\14-5-2022\AppData\Local\Programs\Python\Python311\Lib\site-packages\starlette\_exception_handler.py", line 42, in wrapped_app
    |     await app(scope, receive, sender)
    |   File "C:\Users\14-5-2022\AppData\Local\Programs\Python\Python311\Lib\site-packages\fastapi\routing.py", line 111, in app
    |     response = await f(request)
    |                ^^^^^^^^^^^^^^^^
    |   File "C:\Users\14-5-2022\AppData\Local\Programs\Python\Python311\Lib\site-packages\fastapi\routing.py", line 391, in app
    |     raw_response = await run_endpoint_function(
    |                    ^^^^^^^^^^^^^^^^^^^^^^^^^^^^
    |   File "C:\Users\14-5-2022\AppData\Local\Programs\Python\Python311\Lib\site-packages\fastapi\routing.py", line 290, in run_endpoint_function
    |     return await dependant.call(**values)
    |            ^^^^^^^^^^^^^^^^^^^^^^^^^^^^^^
    |   File "C:\Users\14-5-2022\AppData\Local\Programs\Python\Python311\Lib\site-packages\chromadb\telemetry\opentelemetry\__init__.py", line 134, in async_wrapper
    |     return await f(*args, **kwargs)
    |            ^^^^^^^^^^^^^^^^^^^^^^^^
    |   File "C:\Users\14-5-2022\AppData\Local\Programs\Python\Python311\Lib\site-packages\chromadb\server\fastapi\__init__.py", line 663, in create_collection
    |     await to_thread.run_sync(
    |   File "C:\Users\14-5-2022\AppData\Local\Programs\Python\Python311\Lib\site-packages\anyio\to_thread.py", line 56, in run_sync
    |     return await get_async_backend().run_sync_in_worker_thread(
    |            ^^^^^^^^^^^^^^^^^^^^^^^^^^^^^^^^^^^^^^^^^^^^^^^^^^^^
    |   File "C:\Users\14-5-2022\AppData\Local\Programs\Python\Python311\Lib\site-packages\anyio\_backends\_asyncio.py", line 2505, in run_sync_in_worker_thread
    |     return await future
    |            ^^^^^^^^^^^^
    |   File "C:\Users\14-5-2022\AppData\Local\Programs\Python\Python311\Lib\site-packages\anyio\_backends\_asyncio.py", line 1005, in run
    |     result = context.run(func, *args)
    |              ^^^^^^^^^^^^^^^^^^^^^^^^
    |   File "C:\Users\14-5-2022\AppData\Local\Programs\Python\Python311\Lib\site-packages\chromadb\server\fastapi\__init__.py", line 637, in process_create_collection
    |     else CollectionConfigurationInternal.from_json(create.configuration)
    |          ^^^^^^^^^^^^^^^^^^^^^^^^^^^^^^^^^^^^^^^^^^^^^^^^^^^^^^^^^^^^^^^
    |   File "C:\Users\14-5-2022\AppData\Local\Programs\Python\Python311\Lib\site-packages\chromadb\api\configuration.py", line 209, in from_json
    |     f"Trying to instantiate configuration of type {cls.__name__} from JSON with type {json_map['_type']}"
    |                                                                                       ~~~~~~~~^^^^^^^^^
    | KeyError: '_type'
    +------------------------------------

The above exception was the direct cause of the following exception:

Traceback (most recent call last):
  File "C:\Users\14-5-2022\AppData\Local\Programs\Python\Python311\Lib\site-packages\chromadb\server\fastapi\__init__.py", line 107, in catch_exceptions_middleware
    return await call_next(request)
           ^^^^^^^^^^^^^^^^^^^^^^^^
  File "C:\Users\14-5-2022\AppData\Local\Programs\Python\Python311\Lib\site-packages\starlette\middleware\base.py", line 168, in call_next
    raise app_exc from app_exc.__cause__ or app_exc.__context__
  File "C:\Users\14-5-2022\AppData\Local\Programs\Python\Python311\Lib\site-packages\starlette\middleware\base.py", line 144, in coro
    await self.app(scope, receive_or_disconnect, send_no_error)
  File "C:\Users\14-5-2022\AppData\Local\Programs\Python\Python311\Lib\site-packages\starlette\middleware\base.py", line 191, in __call__
    with recv_stream, send_stream, collapse_excgroups():
  File "C:\Users\14-5-2022\AppData\Local\Programs\Python\Python311\Lib\contextlib.py", line 155, in __exit__
    self.gen.throw(typ, value, traceback)
  File "C:\Users\14-5-2022\AppData\Local\Programs\Python\Python311\Lib\site-packages\starlette\_utils.py", line 85, in collapse_excgroups
    raise exc
  File "C:\Users\14-5-2022\AppData\Local\Programs\Python\Python311\Lib\site-packages\starlette\middleware\base.py", line 193, in __call__
    response = await self.dispatch_func(request, call_next)
               ^^^^^^^^^^^^^^^^^^^^^^^^^^^^^^^^^^^^^^^^^^^^
  File "C:\Users\14-5-2022\AppData\Local\Programs\Python\Python311\Lib\site-packages\chromadb\server\fastapi\__init__.py", line 131, in check_http_version_middleware
    return await call_next(request)
           ^^^^^^^^^^^^^^^^^^^^^^^^
  File "C:\Users\14-5-2022\AppData\Local\Programs\Python\Python311\Lib\site-packages\starlette\middleware\base.py", line 168, in call_next
    raise app_exc from app_exc.__cause__ or app_exc.__context__
  File "C:\Users\14-5-2022\AppData\Local\Programs\Python\Python311\Lib\site-packages\starlette\middleware\base.py", line 144, in coro
    await self.app(scope, receive_or_disconnect, send_no_error)
  File "C:\Users\14-5-2022\AppData\Local\Programs\Python\Python311\Lib\site-packages\starlette\middleware\exceptions.py", line 63, in __call__
    await wrap_app_handling_exceptions(self.app, conn)(scope, receive, send)
  File "C:\Users\14-5-2022\AppData\Local\Programs\Python\Python311\Lib\site-packages\starlette\_exception_handler.py", line 53, in wrapped_app
    raise exc
  File "C:\Users\14-5-2022\AppData\Local\Programs\Python\Python311\Lib\site-packages\starlette\_exception_handler.py", line 42, in wrapped_app
    await app(scope, receive, sender)
  File "C:\Users\14-5-2022\AppData\Local\Programs\Python\Python311\Lib\site-packages\fastapi\middleware\asyncexitstack.py", line 18, in __call__
    await self.app(scope, receive, send)
  File "C:\Users\14-5-2022\AppData\Local\Programs\Python\Python311\Lib\site-packages\starlette\routing.py", line 716, in __call__
    await self.middleware_stack(scope, receive, send)
  File "C:\Users\14-5-2022\AppData\Local\Programs\Python\Python311\Lib\site-packages\starlette\routing.py", line 736, in app
    await route.handle(scope, receive, send)
  File "C:\Users\14-5-2022\AppData\Local\Programs\Python\Python311\Lib\site-packages\starlette\routing.py", line 290, in handle
    await self.app(scope, receive, send)
  File "C:\Users\14-5-2022\AppData\Local\Programs\Python\Python311\Lib\site-packages\fastapi\routing.py", line 125, in app
    await wrap_app_handling_exceptions(app, request)(scope, receive, send)
  File "C:\Users\14-5-2022\AppData\Local\Programs\Python\Python311\Lib\site-packages\starlette\_exception_handler.py", line 53, in wrapped_app
    raise exc
  File "C:\Users\14-5-2022\AppData\Local\Programs\Python\Python311\Lib\site-packages\starlette\_exception_handler.py", line 42, in wrapped_app
    await app(scope, receive, sender)
  File "C:\Users\14-5-2022\AppData\Local\Programs\Python\Python311\Lib\site-packages\fastapi\routing.py", line 111, in app
    response = await f(request)
               ^^^^^^^^^^^^^^^^
  File "C:\Users\14-5-2022\AppData\Local\Programs\Python\Python311\Lib\site-packages\fastapi\routing.py", line 391, in app
    raw_response = await run_endpoint_function(
                   ^^^^^^^^^^^^^^^^^^^^^^^^^^^^
  File "C:\Users\14-5-2022\AppData\Local\Programs\Python\Python311\Lib\site-packages\fastapi\routing.py", line 290, in run_endpoint_function
    return await dependant.call(**values)
           ^^^^^^^^^^^^^^^^^^^^^^^^^^^^^^
  File "C:\Users\14-5-2022\AppData\Local\Programs\Python\Python311\Lib\site-packages\chromadb\telemetry\opentelemetry\__init__.py", line 134, in async_wrapper
    return await f(*args, **kwargs)
           ^^^^^^^^^^^^^^^^^^^^^^^^
  File "C:\Users\14-5-2022\AppData\Local\Programs\Python\Python311\Lib\site-packages\chromadb\server\fastapi\__init__.py", line 663, in create_collection
    await to_thread.run_sync(
  File "C:\Users\14-5-2022\AppData\Local\Programs\Python\Python311\Lib\site-packages\anyio\to_thread.py", line 56, in run_sync
    return await get_async_backend().run_sync_in_worker_thread(
           ^^^^^^^^^^^^^^^^^^^^^^^^^^^^^^^^^^^^^^^^^^^^^^^^^^^^
  File "C:\Users\14-5-2022\AppData\Local\Programs\Python\Python311\Lib\site-packages\anyio\_backends\_asyncio.py", line 2505, in run_sync_in_worker_thread
    return await future
           ^^^^^^^^^^^^
  File "C:\Users\14-5-2022\AppData\Local\Programs\Python\Python311\Lib\site-packages\anyio\_backends\_asyncio.py", line 1005, in run
    result = context.run(func, *args)
             ^^^^^^^^^^^^^^^^^^^^^^^^
  File "C:\Users\14-5-2022\AppData\Local\Programs\Python\Python311\Lib\site-packages\chromadb\server\fastapi\__init__.py", line 637, in process_create_collection
    else CollectionConfigurationInternal.from_json(create.configuration)
         ^^^^^^^^^^^^^^^^^^^^^^^^^^^^^^^^^^^^^^^^^^^^^^^^^^^^^^^^^^^^^^^
  File "C:\Users\14-5-2022\AppData\Local\Programs\Python\Python311\Lib\site-packages\chromadb\api\configuration.py", line 209, in from_json
    f"Trying to instantiate configuration of type {cls.__name__} from JSON with type {json_map['_type']}"
                                                                                      ~~~~~~~~^^^^^^^^^
KeyError: '_type'
[32mINFO[0m:     [18-11-2025 21:23:06] ::1:58317 - "POST /api/v2/tenants/default_tenant/databases/default_database/collections HTTP/1.1" 500
[32mINFO[0m:     [18-11-2025 21:36:29] Shutting down
[32mINFO[0m:     [18-11-2025 21:36:29] Waiting for application shutdown.
[36mDEBUG[0m:    [18-11-2025 21:36:29] Stopping component System
[36mDEBUG[0m:    [18-11-2025 21:36:29] Stopping component SegmentAPI
[36mDEBUG[0m:    [18-11-2025 21:36:29] Stopping component LocalExecutor
[36mDEBUG[0m:    [18-11-2025 21:36:29] Stopping component LocalSegmentManager
[36mDEBUG[0m:    [18-11-2025 21:36:29] Stopping component SimpleRateLimitEnforcer
[36mDEBUG[0m:    [18-11-2025 21:36:29] Stopping component Posthog
[36mDEBUG[0m:    [18-11-2025 21:36:29] Stopping component SimpleQuotaEnforcer
[36mDEBUG[0m:    [18-11-2025 21:36:29] Stopping component SqliteDB
[36mDEBUG[0m:    [18-11-2025 21:36:29] Stopping component OpenTelemetryClient
[32mINFO[0m:     [18-11-2025 21:36:29] Application shutdown complete.
[32mINFO[0m:     [18-11-2025 21:36:29] Finished server process [[36m9548[0m]
[33mWARNING[0m:  [18-11-2025 21:36:34] chroma_server_nofile is not supported on Windows. chroma_server_nofile will not be set.
[32mINFO[0m:     [18-11-2025 21:36:34] Anonymized telemetry enabled. See                     https://docs.trychroma.com/telemetry for more information.
[36mDEBUG[0m:    [18-11-2025 21:36:34] Starting component System
[36mDEBUG[0m:    [18-11-2025 21:36:34] Starting component OpenTelemetryClient
[36mDEBUG[0m:    [18-11-2025 21:36:34] Starting component SqliteDB
[36mDEBUG[0m:    [18-11-2025 21:36:34] Starting component SimpleQuotaEnforcer
[36mDEBUG[0m:    [18-11-2025 21:36:34] Starting component Posthog
[36mDEBUG[0m:    [18-11-2025 21:36:34] Starting component SimpleRateLimitEnforcer
[36mDEBUG[0m:    [18-11-2025 21:36:34] Starting component LocalSegmentManager
[36mDEBUG[0m:    [18-11-2025 21:36:34] Starting component LocalExecutor
[36mDEBUG[0m:    [18-11-2025 21:36:34] Starting component SegmentAPI
[32mINFO[0m:     [18-11-2025 21:36:34] Started server process [[36m11652[0m]
[32mINFO[0m:     [18-11-2025 21:36:34] Waiting for application startup.
[32mINFO[0m:     [18-11-2025 21:36:34] Application startup complete.
[32mINFO[0m:     [18-11-2025 21:36:34] Uvicorn running on [1mhttp://localhost:8000[0m (Press CTRL+C to quit)
[32mINFO[0m:     [18-11-2025 21:37:43] ::1:58911 - "GET /api/v2/tenants/default_tenant/databases/default_database/collections/1.%20Introduction%20%0A%20%0A%20%20%20%20%20%20%20%20%20%20%20%20%20%20%20%20%20%20%20%20%20%20%20%20%20%20Compiler%20%20is%20%20a%20%20translator%20%20program%20%20that%20%20translates%20%20a%20%20program%20%20written%20%20in%20%0A%28HLL%29%20%20the%20%20source%20%20program%20%20and%20%20translates%20%20it%20%20into%20%20an%20%20equivalent%20%20program%20%20in%20%20%28MLL%29%20%20the%20%0Atarget%20%20program.%20%20As%20%20an%20%20important%20%20part%20of%20%20a%20%20compiler%20%20is%20%20error%20showing%20%20to%20the%20%20programmer.%20%0AExecuting%20%20a%20%20program%20%20written%20%20in%20%20HLL%20%20programming%20%20language%20%20is%20%20basically%20%20of%20%20two%20%20parts.%20%0AThe%20%20source%20%20program%20%20must%20%20first%20%20be%20%20compiled%20%20translated%20%20into%20%20an%20%20object%20%20program.%20%20Then%20%20the%20%0Aresults%20object%20program%20is%20loaded%20into%20a%20memory%20executed.%20%0A%20%0AWho%20developed%20the%20first%20compiler%20for%20a%20computer%20programming%20language%3F%20%0AThe%20%20first%20%20compiler%20%20was%20%20written%20%20by%20Grace%20%20Hopper%2C%20in%20%201952%2C%20%20for%20the%20%20A-0%20%20System%20%20language.%20%0AThe%20term%20compiler%20was%20coined%20by%20Hopper.%20The%20A-0%20functioned%20more%20as%20a%20loader%20or%20linker%20%0Athan%20the%20%20modern%20notion%20of%20a%20compiler.%20The%20FORTRAN%20team%20%20led%20by%20John%20Backus%20at%20IBM%2Cthan%20the%20%20modern%20notion%20of%20a%20compiler.%20The%20FORTRAN%20team%20%20led%20by%20John%20Backus%20at%20IBM%20%0Ais%20generally%20credited%20as%20having%20introduced%20the%20first%20complete%20compiler%20in%201957.%20%0A%20%0ALanguage%20Processing%20System%20%0A%20%0A%20%20%20%20%20%20%20%20%20%20%20%20%20%20%20%20%20Source%20program%20%20%0A%20%20%20%20%20%20%20%20%20%20%20%20%20%20%20%20%20%20%20%20%20%20%20%20%20%20%20%0A%20%20%20%20%20%20%20%20%20%20%20%20%20%20%20%20%20%20%20%20%20%20%20%20%20%20%20%20%20%20%20%20%20%20%20%20%20%20%20%20%20%20%20%20%20%20%20%20%20%20%20%20%20%20%20%20%20%20%20%20%20%20%20%20%20%20%20%20%20%20%20%0AExpands%20macros%20%0A%20%20%20%0A%20%0A%20%20%20%20%20%20%20%20%20%20%20%20%20%20%20%20%20%20%20%20%20%20%20%20%20%20%20%20%20%20%20%20%20%20%20%20%20%20%20Modified%20source%20program%20%0A%20%0A%20%0A%20%0A%20%0A%20%20%20%20%20%20%20%20%20%20%20%20%20%20%20%20%20%20%20%20%20%20%20%20%20%20%20%20%20%20%20%20%20%20%20%20%20%20Target%20assembly%20program%20%0A%20%0A%20%0APreprocessor%20%20%0ACompiler%20%0AAssembler%2CRelocatable%20machine%20code%20%0A%20%0A%20%20%20%20%20%20%20%20%20%20%20%20%20%20%20%20%20%20%20%20%20%20%20%20%20%20%20%20%20%20%20%20%20%20%20%20%20%20%20%20%20%20%20%20%20%20%20%20%20%20%20%20%20%20%20%20%20%20%20%20%20%20%20%20%20%20%20%20%20%20%20%20%20%20%20%20%20%20%20%20%20%20%20%20%20%20%20%20%20%20%20%20%20%20%20%20%20%20%20%20%20%20%20%20%20%20%20%20%0ALibrary%20files%2C%20%20%0A%20%20%20%20%20%20%20%20%20%20%20%20%20%20%20%20%20%20Relocatable%20object%20%0Afiles%20%0A%20%0A%20%0ATarget%20machine%20code%20%0A%20%0APre-processor%2C%20Assembler%2C%20Loader%20and%20linker%20are%20also%20known%20as%20cousins%20of%20compiler.%20%0ACompilers%20and%20Interpreters%20%0A%20%0A%20%20%20%20%20%20%20%20%20%20Compilers%20generate%20machine%20code%2C%20whereas%20interpreters%20interpret%20intermediate%20code%20%0AInterpreters%20are%20easier%20to%20write%20and%20can%20provide%20better%20error%20messages%20%28symbol%20table%20is%20still%20%0Aavailable%29%20%20Interpreters%20%20are%20%20at%20%20least%20%205%20%20times%20%20slower%20%20than%20%20machine%20%20code%20%20generated%20%20by%20%0Acompilers%20Interpreters%20also%20require%20%20much%20%20more%20%20memory%20than%20%20machine%20code%20generated%20by%20%0Acompilers%20Examples%3A%20Perl%2C%20Python%2C%20Unix%20Shell%2C%20Java%2C%20BASIC%2C%20LISP.%20%0A%20%0AThe%20Structure%20of%20a%20compiler%20%0A%20%0AA%20%20compiler%20%20is%20%20a%20%20huge%20%20program%20%20that%20%20can%20%20consists%20%20of%20%2010%2C000%20%20to%20%201%2C000%2C000%20%20lines%20%20of%20%20code.%2CThe%20Structure%20of%20a%20compiler%20%0A%20%0AA%20%20compiler%20%20is%20%20a%20%20huge%20%20program%20%20that%20%20can%20%20consists%20%20of%20%2010%2C000%20%20to%20%201%2C000%2C000%20%20lines%20%20of%20%20code.%20%0ASince%20%20compiler%20%20is%20%20a%20%20huge%20%20program%20%20it%20%20is%20%20difficult%20%20to%20%20understand%20%20the%20%20entire%20%20compilation%20%0Aprocess.%20So%20the%20process%20%20is%20divided%20%20into%20number%20of%20modules%20called%20as%20PHASES.%20There%20are%20%0Atwo%20major%20phases%20of%20compiler.%20%0A%20%0A%20%20%0A%20%0A%20%0A%20%0A%20%0AAnalysis%20of%20the%20source%20program%20%0ASynthesis%20of%20a%20machine-language%20program%20%0AThe%20structure%20of%20compiler%20consists%20of%20two%20parts%3A%20%0ALinker/Loader%20%0ACompiler%20%0AAnalysis%20Synthesis%2CAnalysis%20part%20%0A%E2%80%A2%20%20Analysis%20%20part%20%20breaks%20%20the%20%20source%20%20program%20%20into%20%20constituent%20%20pieces%20%20and%20%20imposes%20%20a%20%0Agrammatical%20structure%20on%20them%20which%20further%20uses%20this%20structure%20to%20create%20an%20intermediate%20%0Arepresentation%20of%20the%20source%20program.%20%0A%E2%80%A2%20It%20is%20also%20termed%20as%20front%20end%20of%20compiler.%20%0A%E2%80%A2%20Information%20about%20the%20source%20program%20is%20collected%20and%20stored%20in%20a%20data%20structure%20called%20%0Asymbol%20table.%20%0A%20%20%20%20%20%20%20%20%20%20%20%20%20%20%20%20%20%20%20%20%20%20%20%0ASynthesis%20part%20%0A%E2%80%A2%20Synthesis%20part%20takes%20the%20intermediate%20representation%20as%20input%20and%20transforms%20it%20to%20the%20%0Atarget%20program.%20%0A%E2%80%A2%20It%20is%20also%20termed%20as%20back%20end%20of%20compiler.%20%0A%20%20%20%20%20%20%20%20%20%20%20%20%20%20%20%20%20%20%20%20%20%20%20%20%20%20%20%0AThe%20%20design%20%20of%20%20compiler%20%20can%20%20be%20%20decomposed%20%20into%20several%20%20phases%2C%20%20each%20%20of%20%20which%20%20converts%20%0Aone%20form%20of%20source%20program%20into%20another.%2CFig%201.1%20Structure%20of%20Compiler%20%0AThe%20phases%20of%20compiler%20are%20as%20follows%3A%20%0A1.%20Lexical%20analysis%20%0A2.%20Syntax%20analysis%20%0A3.%20Semantic%20analysis%20%0A4.%20Intermediate%20code%20generation%20%0A5.%20Code%20optimization%20%0A6.%20Code%20generation%20%0AAll%20of%20the%20aforementioned%20phases%20involve%20the%20following%20tasks%3A%20%0A%E2%80%A2%20Symbol%20table%20management.%2C%E2%80%A2%20Error%20handling.%20%0A%20%0ALexical%20Analysis%20%0A%E2%80%A2%20Lexical%20analysis%20is%20the%20first%20phase%20of%20compiler%20which%20is%20also%20termed%20as%20scanning.%20%0A%E2%80%A2%20Source%20program%20is%20scanned%20to%20read%20the%20stream%20of%20characters%20and%20those%20characters%20are%20%0Agrouped%20to%20form%20a%20sequence%20called%20lexemes%20which%20produces%20token%20as%20output.%20%0A%E2%80%A2%20Token%3A%20Token%20%20is%20%20a%20%20sequence%20%20of%20%20characters%20%20that%20%20represent%20%20lexical%20%20unit%2C%20%20which%20%20matches%20%0Awith%20the%20pattern%2C%20such%20as%20keywords%2C%20operators%2C%20identifiers%20etc.%20%0A%E2%80%A2%20Lexeme%3A%20Lexeme%20is%20instance%20of%20a%20token%20i.e.%2C%20group%20of%20characters%20forming%20a%20token.%20%2C%20%0A%E2%80%A2%20Pattern%3A%20Pattern%20describes%20the%20rule%20that%20the%20%20lexemes%20of%20a%20token%20takes.%20It%20is%20the%20%20structure%20%0Athat%20must%20be%20matched%20by%20strings.%20%0A%E2%80%A2%20Once%20a%20token%20is%20generated%20the%20corresponding%20entry%20is%20made%20in%20the%20symbol%20table.%20%0AInput%3A%20stream%20of%20characters%20%0AOutput%3A%20Token%20%0AToken%20Template%3A%20%3Ctoken-name%2C%20attribute-value%3E%20%0A%28eg.%29%20c%3Da%2Bb%2A5%3B%20%0A%20%0A%20%0A%20%20%20%20%20%20%20%20%20%20%20%20%20%20%20%20%20%20%20%20%20%20%20%20%20%20%20%20%20%20%20%20%20%20%20%20%20%20%20%20%20%20%20%20%20%20%20%20%20Lexemes%20and%20tokens%20%0A%20%20%0ALexemes%20Tokens%20%0Ac%20identifier%20%0A%3D%20assignment%20symbol%20%0Aa%20identifier%2CLexemes%20and%20tokens%20%0A%20%20%0ALexemes%20Tokens%20%0Ac%20identifier%20%0A%3D%20assignment%20symbol%20%0Aa%20identifier%20%0A%2B%20%2B%20%28addition%20symbol%29%2Cb%20identifier%20%0A%2A%20%2A%20%28multiplication%20symbol%29%20%0A5%205%20%28number%29%20%0A%20Hence%2C%20%3Cid%2C%201%3E%3C%3D%3E%3C%20id%2C%202%3E%3C%20%2B%3E%3Cid%2C%203%20%3E%3C%20%2A%20%3E%3C%205%3E%20%0ASyntax%20Analysis%20%0A%E2%80%A2%20Syntax%20analysis%20is%20the%20second%20phase%20of%20compiler%20which%20is%20also%20called%20as%20parsing.%20%0A%E2%80%A2%20Parser%20converts%20the%20tokens%20produced%20by%20lexical%20analyzer%20%20into%20%20a%20%20tree%20%20like%20%20representation%20%0Acalled%20parse%20tree.%20%0A%E2%80%A2%20A%20parse%20tree%20describes%20the%20syntactic%20structure%20of%20the%20input.%20%0A%20%20%20%20%20%20%20%20%20%20%20%20%20%20%20%0A%E2%80%A2%20%20Syntax%20%20tree%20%20is%20%20a%20%20compressed%20%20representation%20%20of%20%20the%20%20parse%20%20tree%20%20in%20%20which%20%20the%20%20operators%20%0Aappear%20as%20interior%20nodes%20and%20the%20operands%20of%20the%20operator%20are%20the%20children%20of%20the%20node%20for%20%0Athat%20operator.%20%0AInput%3A%20Tokens%20%0AOutput%3A%20Syntax%20tree%2CSemantic%20Analysis%20%0A%E2%80%A2%20Semantic%20analysis%20is%20the%20third%20phase%20of%20compiler.%20%0A%E2%80%A2%20It%20checks%20for%20the%20semantic%20consistency.%20%0A%E2%80%A2%20Type%20information%20is%20gathered%20and%20stored%20in%20symbol%20table%20or%20in%20syntax%20tree.%20%0A%E2%80%A2%20Performs%20type%20checking.%20%0A%20%20%20%20%20%20%20%20%20%20%20%20%20%20%20%20%20%0AIntermediate%20Code%20Generation%20%0A%E2%80%A2%20%20Intermediate%20%20code%20%20generation%20%20produces%20%20intermediate%20%20representations%20%20for%20%20the%20%20source%20%0Aprogram%20which%20are%20of%20the%20following%20forms%3A%20%0A%20%20%20%20%20o%20Postfix%20notation%20%0A%20%20%20%20%20o%20Three%20address%20code%2Co%20Syntax%20tree%20%0AMost%20commonly%20used%20form%20is%20the%20three%20address%20code.%20%0A%20%20%20%20%20%20%20%20t%0A1%0A%20%3D%20inttofloat%20%285%29%20%0A%20%20%20%20%20%20%20%20t%0A2%0A%20%3D%20id%0A3%0A%2A%20tl%20%0A%20%20%20%20%20%20%20%20t%0A3%0A%20%3D%20id%0A2%0A%20%2B%20t%0A2%0A%20%0A%20%20%20%20%20%20%20%20id%0A1%0A%20%3D%20t%0A3%0A%20%0AProperties%20of%20intermediate%20code%20%0A%20%E2%80%A2%20It%20should%20be%20easy%20to%20produce.%20%0A%E2%80%A2%20It%20should%20be%20easy%20to%20translate%20into%20target%20program.%20%0ACode%20Optimization%20%0A%E2%80%A2%20Code%20%20optimization%20%20phase%20%20gets%20%20the%20%20intermediate%20%20code%20%20as%20%20input%20%20and%20%20produces%20%20optimized%20%0Aintermediate%20code%20as%20output.%20%0A%E2%80%A2%20It%20results%20in%20faster%20running%20machine%20code.%20%0A%E2%80%A2%20It%20can%20be%20done%20by%20reducing%20the%20number%20of%20lines%20of%20code%20for%20a%20program.%20%0A%E2%80%A2%20This%20phase%20reduces%20the%20redundant%20code%20%20and%20%20attempts%20%20to%20%20improve%20%20the%20%20intermediate%20%20code%20%0Aso%20that%20faster-running%20machine%20code%20will%20result.%20%0A%E2%80%A2%20During%20the%20code%20optimization%2C%20the%20result%20of%20the%20program%20is%20not%20affected.%20%0A%E2%80%A2%20To%20improve%20the%20code%20generation%2C%20the%20optimization%20involves%20%0A%20%20%20%20%20%20%20o%20Deduction%20and%20removal%20of%20dead%20code%20%28unreachable%20code%29.%20%0A%20%20%20%20%20%20%20o%20Calculation%20of%20constants%20in%20expressions%20and%20terms.%2Co%20Deduction%20and%20removal%20of%20dead%20code%20%28unreachable%20code%29.%20%0A%20%20%20%20%20%20%20o%20Calculation%20of%20constants%20in%20expressions%20and%20terms.%20%0A%20%20%20%20%20%20%20o%20Collapsing%20of%20repeated%20expression%20into%20temporary%20string.%20%0A%20%20%20%20%20%20%20o%20Loop%20unrolling.%20%0A%20%20%20%20%20%20%20o%20Moving%20code%20outside%20the%20loop.%20%0A%20%20%20%20%20%20%20o%20Removal%20of%20unwanted%20temporary%20variables.%20%0A%20%20%20%20%20%20%20%20%20%20%20%20%20%20%20%20%20%20%20t%0A1%0A%20%3D%20id%0A3%0A%2A%205.0%20%0A%20%20%20%20%20%20%20%20%20%20%20%20%20%20%20%20%20%20%20id%0A1%0A%20%3D%20id%0A2%0A%20%2B%20t%0A1%0A%20%0ACode%20Generation%2C%E2%80%A2%20Code%20generation%20is%20the%20final%20phase%20of%20a%20compiler.%20%0A%E2%80%A2%20It%20gets%20input%20from%20code%20optimization%20phase%20and%20%20produces%20the%20target%20code%20or%20object%20code%20%0Aas%20result.%20%0A%E2%80%A2%20%20Intermediate%20%20instructions%20%20are%20%20translated%20%20into%20%20a%20sequence%20%20of%20%20machine%20%20instructions%20%20that%20%0Aperform%20the%20same%20task.%20%0A%E2%80%A2%20The%20code%20generation%20involves%20%0A%20%20%20%20%20o%20Allocation%20of%20register%20and%20memory.%20%0A%20%20%20%20%20o%20Generation%20of%20correct%20references.%20%0A%20%20%20%20%20o%20Generation%20of%20correct%20data%20types.%20%0A%20%20%20%20%20o%20Generation%20of%20missing%20code.%20%0A%20%20%20%20%20%20%20%20%20%20%20%20%20%20%20%20LDF%20R%0A2%0A%2C%20id%0A3%0A%20%0A%20%20%20%20%20%20%20%20%20%20%20%20%20%20%20%20MULF%20R%0A2%0A%2C%20%23%205.0%20%0A%20%20%20%20%20%20%20%20%20%20%20%20%20%20%20%20LDF%20R%0A1%0A%2C%20id%0A2%0A%20%0A%20%20%20%20%20%20%20%20%20%20%20%20%20%20%20%20ADDF%20R%0A1%0A%2C%20R%0A2%0A%20%0A%20%20%20%20%20%20%20%20%20%20%20%20%20%20%20%20STF%20id%0A1%0A%2C%20R%0A1%0A%20%0A%20%0A%20Symbol%20Table%20Management%20%0A%20%E2%80%A2%20Symbol%20table%20is%20used%20to%20store%20all%20the%20information%20about%20identifiers%20used%20in%20the%20program.%20%0A%E2%80%A2%20It%20is%20a%20data%20structure%20containing%20a%20record%20for%20each%20identifier%2C%20with%20fields%20for%20the%20attributes%20%0Aof%20the%20identifier.%20%0A%E2%80%A2%20It%20allows%20finding%20the%20record%20for%20each%20identifier%20quickly%20and%20to%20store%20or%20retrieve%20data%20from%20%0Athat%20record.%2Cof%20the%20identifier.%20%0A%E2%80%A2%20It%20allows%20finding%20the%20record%20for%20each%20identifier%20quickly%20and%20to%20store%20or%20retrieve%20data%20from%20%0Athat%20record.%20%0A%E2%80%A2%20Whenever%20an%20identifier%20is%20detected%20in%20any%20of%20the%20phases%2C%20it%20is%20stored%20in%20the%20symbol%20table.%20%0AExample%20%0A%20int%20a%2C%20b%3B%20float%20c%3B%20char%20z%3B%20%20%20%20%20%0ASymbol%20name%20Type%20Address%20%0Aa%20Int%201000%2Cb%20Int%201002%20%0Ac%20Float%201004%20%0Az%20char%201008%20%0AExample%20%0Aextern%20double%20test%20%28double%20x%29%3B%20%0A%20%20%20double%20sample%20%28int%20count%29%20%0A%7B%20%0A%20%20%20double%20sum%3D%200.0%3B%20%0A%20%20%20%20%20for%20%28int%20i%20%3D%201%3B%20i%20%3C%20%3D%20count%3B%20i%2B%2B%29%20%0A%20%20%20%20%20%20%20sum%2B%3D%20test%28%28double%29%20i%29%3B%20%0A%20%20%20%20%20%20%20return%20sum%3B%20%0A%20%20%20%7D%20%0A%20Symbol%20name%20%0AType%20Scope%20%0Atest%20function%2C%20double%20extern%20%0Ax%20double%20function%20parameter%20%0Asample%20function%2C%20double%20global%20%0Acount%20int%20function%20parameter%20%0Asum%20double%20block%20local%20%0Ai%20int%20for-loop%20statement%20%0A%20%20%20%0A%20%0A%0A%20%0A%20%0A%20%20%20%20%20%20%20%20%20%20%20%20%20%20%20%20%20%20%20%20%20%20%20%20%20%20%20%20%20%0A%20%0AError%20Handling%2CError%20Handling%20%0A%0A%20%0A%20%0A%E2%80%A2%20Each%20phase%20can%20encounter%20errors.%20After%20detecting%20an%20error%2C%20a%20phase%20must%20handle%20the%20error%20%0Aso%20that%20compilation%20can%20proceed.%20%0A%E2%80%A2%20In%20lexical%20analysis%2C%20errors%20occur%20in%20separation%20of%20tokens.%20%0A%E2%80%A2%20In%20syntax%20analysis%2C%20errors%20occur%20during%20construction%20of%20syntax%20tree.%20%0A%E2%80%A2%20In%20semantic%20analysis%2C%20errors%20may%20occur%20at%20the%20following%20cases%3A%20%0A%28i%29%20%20When%20%20the%20%20compiler%20%20detects%20%20constructs%20%20that%20%20have%20%20right%20%20syntactic%20%20structure%20%20but%20%20no%20%0Ameaning%20%0A%28ii%29%20During%20type%20conversion.%20%0A%E2%80%A2%20In%20code%20optimization%2C%20errors%20occur%20when%20the%20result%20is%20affected%20by%20the%20optimization.%20In%20%0Acode%20generation%2C%20it%20shows%20error%20when%20code%20is%20missing%20etc.%20%0AFigure%20%20illustrates%20%20the%20%20translation%20%20of%20%20source%20%20code%20%20through%20%20each%20%20phase%2C%20%20considering%20%20the%20%0Astatement%20%0A%20%20%20%20c%20%3Da%2B%20b%20%2A%205.%2CLexical%20Analysis%20%0ALexical%20analysis%20is%20the%20process%20of%20converting%20a%20sequence%20of%20characters%20from%20%0Asource%20program%20into%20a%20sequence%20of%20tokens.%20%0AA%20program%20which%20performs%20lexical%20analysis%20is%20termed%20as%20a%20lexical%20analyzer%20%0A%28lexer%29%2C%20tokenizer%20or%20scanner.%20%0ALexical%20analysis%20consists%20of%20two%20stages%20of%20processing%20which%20are%20as%20follows%3A%20%0A%E2%80%A2%20Scanning%20%0A%E2%80%A2%20Tokenization%20%0AToken%2C%20Pattern%20and%20Lexeme%20%0AToken%20%0AToken%20is%20a%20valid%20sequence%20of%20characters%20which%20are%20given%20by%20lexeme.%20In%20a%20%0Aprogramming%20language%2C%20%0A%E2%80%A2%20keywords%2C%20%0A%E2%80%A2%20constant%2C%20%0A%E2%80%A2%20identifiers%2C%20%0A%E2%80%A2%20numbers%2C%20%0A%E2%80%A2%20operators%20and%20%0A%E2%80%A2%20punctuations%20symbols%20%0Aare%20possible%20tokens%20to%20be%20identified.%20%0APattern%20%0APattern%20describes%20a%20rule%20that%20must%20be%20matched%20by%20sequence%20of%20characters%20%0A%28lexemes%29%20to%20form%20a%20token.%20It%20can%20be%20defined%20by%20regular%20expressions%20or%20grammar%20%0Arules.%20%0ALexeme%20%0ALexeme%20is%20a%20sequence%20of%20characters%20that%20matches%20the%20pattern%20for%20a%20token%20i.e.%2C%20%0Ainstance%20of%20a%20%0Atoken.%20%0A%28eg.%29%20c%3Da%2Bb%2A5%3B%2CLexemes%20and%20tokens%20%0ALexemes%20Tokens%20%0Ac%20identifier%20%0A%3D%20assignment%20symbol%20%0Aa%20identifier%20%0A%2B%20%2B%20%28addition%20symbol%29%20%0Ab%20identifier%20%0A%2A%20%2A%20%28multiplication%20symbol%29%20%0A5%205%20%28number%29%20%0AThe%20sequence%20of%20tokens%20produced%20by%20lexical%20analyzer%20helps%20the%20parser%20in%20%0Aanalyzing%20the%20syntax%20of%20programming%20languages.%20%0ARole%20of%20Lexical%20Analyzer%20%0A%20%20%20%20%20%20%20%20%20%20%20%20%20%20%20%20%20%20%20%20%20%20%20%20%20%0A%20%0ALexical%20analyzer%20performs%20the%20following%20tasks%3A%20%0A%E2%80%A2%20Reads%20the%20source%20program%2C%20scans%20the%20input%20characters%2C%20group%20them%20into%20%0Alexemes%20and%20produce%20the%20token%20as%20output.%20%0A%E2%80%A2%20Enters%20the%20identified%20token%20into%20the%20symbol%20table.%2C%E2%80%A2%20Strips%20out%20white%20spaces%20and%20comments%20from%20source%20program.%20%0A%E2%80%A2%20Correlates%20error%20messages%20with%20the%20source%20program%20i.e.%2C%20displays%20error%20%0Amessage%20with%20its%20occurrence%20by%20specifying%20the%20line%20number.%20%0A%E2%80%A2%20Expands%20the%20macros%20if%20it%20is%20found%20in%20the%20source%20program.%20%0ATasks%20of%20lexical%20analyzer%20can%20be%20divided%20into%20two%20processes%3A%20%0AScanning%3A%20Performs%20reading%20of%20input%20characters%2C%20removal%20of%20white%20spaces%20and%20%0Acomments.%20%0ALexical%20Analysis%3A%20Produce%20tokens%20as%20the%20output.%20%0ANeed%20of%20Lexical%20Analyzer%20%0ASimplicity%20of%20design%20of%20compiler%20The%20removal%20of%20white%20spaces%20and%20comments%20%0Aenables%20the%20syntax%20analyzer%20for%20efficient%20syntactic%20constructs.%20%0ACompiler%20efficiency%20is%20improved%20Specialized%20buffering%20techniques%20for%20reading%20%0Acharacters%20speed%20up%20the%20compiler%20process.%20%0ACompiler%20portability%20is%20enhanced%20%0ARunning%20example%3A%20%20%0Afloat%20abs_zero_Kelvin%20%3D%20-273%3B%20%20%0AToken%20%28also%20called%20word%29%20%20%0AA%20string%20of%20characters%20which%20logically%20belong%20together%20%0Afloat%2C%20identifier%2C%20equal%2C%20minus%2C%20intnum%2C%20semicolon%2CToken%20%28also%20called%20word%29%20%20%0AA%20string%20of%20characters%20which%20logically%20belong%20together%20%0Afloat%2C%20identifier%2C%20equal%2C%20minus%2C%20intnum%2C%20semicolon%20%0ATokens%20are%20treated%20as%20terminal%20symbols%20of%20the%20grammar%20%0Aspecifying%20the%20source%20language%20%0A%20Pattern%20%20%0AThe%20set%20of%20strings%20for%20which%20the%20same%20token%20is%20produced%20%0AThe%20pattern%20is%20said%20to%20match%20each%20string%20in%20the%20set%20%20%0Afloat%2C%20l%28l%2Bd%2B_%29%2A%2C%20%3D%2C%20-%2C%20d%2B%2C%20%3B%20%0A%20Lexeme%2CThe%20sequence%20of%20characters%20matched%20by%20a%20pattern%20to%20%0Aform%20the%20corresponding%20token%20%20%0A%E2%80%9Cfloat%E2%80%9D%2C%20%E2%80%9Cabs_zero_Kelvin%E2%80%9D%2C%20%E2%80%9C%3D%E2%80%9D%2C%20%E2%80%9C-%E2%80%9D%2C%20%E2%80%9C273%E2%80%9D%2C%20%E2%80%9C%3B%E2%80%9D%20%0A%20%0AIssues%20in%20Lexical%20Analysis%20%0ALexical%20analysis%20is%20the%20process%20of%20producing%20tokens%20from%20the%20source%20program.%20It%20%0Ahas%20the%20following%20issues%3A%20%0A%E2%80%A2%20Lookahead%20%0A%E2%80%A2%20Ambiguities%20%0ALookahead%20%0ALookahead%20is%20required%20to%20decide%20when%20one%20token%20will%20end%20and%20the%20next%20token%20%0Awill%20begin.%20The%20simple%20example%20which%20has%20lookahead%20issues%20are%20i%20vs.%20if%2C%20%3D%20vs.%20%3D%3D.%20%0ATherefore%20a%20way%20to%20describe%20the%20lexemes%20of%20each%20token%20is%20required.%20%0AA%20way%20needed%20to%20resolve%20ambiguities%20%0A%E2%80%A2%20Is%20if%20it%20is%20two%20variables%20i%20and%20f%20or%20if%3F%20%0A%E2%80%A2%20Is%20%3D%3D%20is%20two%20equal%20signs%20%3D%2C%20%3D%20or%20%3D%3D%3F%20%0A%E2%80%A2%20arr%285%2C%204%29%20vs.%20fn%285%2C%204%29%20II%20in%20Ada%20%28as%20array%20reference%20syntax%20and%20function%20call%20%0Asyntax%20are%20similar.%20%0AHence%2C%20the%20number%20of%20lookahead%20to%20be%20considered%20and%20a%20way%20to%20describe%20the%20%0Alexemes%20of%20each%20token%20is%20also%20needed.%20%0ARegular%20expressions%20are%20one%20of%20the%20most%20popular%20ways%20of%20representing%20tokens.%20%0AAmbiguities%2Clexemes%20of%20each%20token%20is%20also%20needed.%20%0ARegular%20expressions%20are%20one%20of%20the%20most%20popular%20ways%20of%20representing%20tokens.%20%0AAmbiguities%20%0AThe%20lexical%20analysis%20programs%20written%20with%20lex%20accept%20ambiguous%20specifications%20%0Aand%20choose%20the%20longest%20match%20possible%20at%20each%20input%20point.%20Lex%20can%20handle%20%0Aambiguous%20specifications.%20When%20more%20than%20one%20expression%20can%20match%20the%20%0Acurrent%20input%2C%20lex%20chooses%20as%20follows%3A%20%0A%E2%80%A2%20The%20longest%20match%20is%20preferred.%20%0A%E2%80%A2%20Among%20rules%20which%20matched%20the%20same%20number%20of%20characters%2C%20the%20rule%20given%20%0Afirst%20is%20preferred.%2CLexical%20Errors%20%0A%E2%80%A2%20A%20character%20sequence%20that%20cannot%20be%20scanned%20into%20any%20valid%20token%20is%20a%20lexical%20%0Aerror.%20%0A%E2%80%A2%20Lexical%20errors%20are%20uncommon%2C%20but%20they%20still%20must%20be%20handled%20by%20a%20scanner.%20%0A%E2%80%A2%20Misspelling%20of%20identifiers%2C%20keyword%2C%20or%20operators%20are%20considered%20as%20lexical%20%0Aerrors.%20%0AUsually%2C%20a%20lexical%20error%20is%20caused%20by%20the%20appearance%20of%20some%20illegal%20character%2C%20%0Amostly%20at%20the%20beginning%20of%20a%20token.%20%0AError%20Recovery%20Schemes%20%0A%E2%80%A2%20Panic%20mode%20recovery%20%0A%E2%80%A2%20Local%20correction%20%0A%20%20%20o%20Source%20text%20is%20changed%20around%20the%20error%20point%20in%20order%20to%20get%20a%20correct%20text.%20%0A%20%20%20o%20Analyzer%20will%20be%20restarted%20with%20the%20resultant%20new%20text%20as%20input.%20%0A%E2%80%A2%20Global%20correction%20%0A%20%20%20o%20It%20is%20an%20enhanced%20panic%20mode%20recovery.%20%0A%20%20%20o%20Preferred%20when%20local%20correction%20fails.%20%0APanic%20mode%20recovery%20%0AIn%20panic%20mode%20recovery%2C%20unmatched%20patterns%20are%20deleted%20from%20the%20remaining%20%0Ainput%2C%20until%20the%20lexical%20analyzer%20can%20find%20a%20well-formed%20token%20at%20the%20beginning%20%0Aof%20what%20input%20is%20left.%2Cinput%2C%20until%20the%20lexical%20analyzer%20can%20find%20a%20well-formed%20token%20at%20the%20beginning%20%0Aof%20what%20input%20is%20left.%20%0A%28eg.%29%20For%20instance%20the%20string%20fi%20is%20encountered%20for%20the%20first%20time%20in%20a%20C%20program%20%0Ain%20the%20context%3A%20%0Afi%20%28a%3D%3D%20f%28x%29%29%20%0AA%20lexical%20analyzer%20cannot%20tell%20whether%20f%20iis%20a%20misspelling%20of%20the%20keyword%20if%20or%20an%20%0Aundeclared%20function%20identifier.%20%0ASince%20f%20i%20is%20a%20valid%20lexeme%20for%20the%20token%20id%2C%20the%20lexical%20analyzer%20will%20return%20the%20%0Atoken%20id%20to%20the%20parser.%20%0ALexical%20error%20handling%20approaches%20%0ALexical%20errors%20can%20be%20handled%20by%20the%20following%20actions%3A%2C%E2%80%A2%20Deleting%20one%20character%20from%20the%20remaining%20input.%20%0A%E2%80%A2%20Inserting%20a%20missing%20character%20into%20the%20remaining%20input.%20%0A%E2%80%A2%20Replacing%20a%20character%20by%20another%20character.%20%0A%E2%80%A2%20Transposing%20two%20adjacent%20characters.%20%0A%20%0ALanguages%20%0ASymbol%3A%20An%20abstract%20entity%2C%20not%20defined%20%20%0AExamples%3A%20letters%20and%20digits%20%20%0AString%3A%20A%20finite%20sequence%20of%20juxtaposed%20symbols%20%20%0Aabcb%2C%20caba%20are%20strings%20over%20the%20symbols%20a%2Cb%2C%20and%20c%20%20%0A%7Cw%7C%20is%20the%20length%20of%20the%20string%20w%2C%20and%20is%20the%20%23symbols%20in%20it%20%20%0A%0F%20is%20the%20empty%20string%20and%20is%20of%20length%200%20%20%0AAlphabet%3A%20A%20finite%20set%20of%20symbols%20%20%0ALanguage%3A%20A%20set%20of%20strings%20of%20symbols%20from%20some%20alphabet%20%20%0A%CE%A6%20and%20%7B%0F%7D%20are%20languages%20%20%0AThe%20set%20of%20palindromes%20over%20%7B0%2C1%7D%20is%20an%20infinite%20language%20%20%0AThe%20set%20of%20strings%2C%20%7B01%2C%2010%2C%20111%7D%20over%20%7B0%2C1%7D%20is%20a%20finite%20language%20%20%0AIf%20%CE%A3%20is%20an%20alphabet%2C%20%CE%A3%20%E2%88%97%20is%20the%20set%20of%20all%20strings%20over%20%CE%A3%20%0A%20%0AExample%3A%20A%20scanner%20groups%20input%20characters%20into%20tokens.%20For%20example%2C%20if%20the%20%0Ainput%20is%20%0Ax%20%3D%20x%2A%28b%2B1%29%3B%20%0Athen%20the%20scanner%20generates%20the%20following%20sequence%20of%20tokens%3A%20%0Aid%281%29%20%0A%3D%20%0Aid%281%29%20%0A%2A%20%0A%28%20%0Aid%282%29%20%0A%2B%2Cinput%20is%20%0Ax%20%3D%20x%2A%28b%2B1%29%3B%20%0Athen%20the%20scanner%20generates%20the%20following%20sequence%20of%20tokens%3A%20%0Aid%281%29%20%0A%3D%20%0Aid%281%29%20%0A%2A%20%0A%28%20%0Aid%282%29%20%0A%2B%20%0Anum%281%29%20%0A%29%20%0A%3B%20%0Awhere%20id%281%29%20indicates%20the%20identifier%20with%20name%20x%20%28a%20program%20variable%20in%20this%20%0Acase%29%20and%20num%281%29%20indicates%20the%20integer%201.%20Each%20time%20the%20parser%20needs%20a%20token%2C%20it%20%0Asends%20a%20request%20to%20the%20scanner.%20Then%2C%20the%20scanner%20reads%20as%20many%20characters%20from%20%0Athe%20input%20stream%20as%20it%20is%20necessary%20to%20construct%20a%20single%20token.%20The%20scanner%20may%20%0Areport%20an%20error%20during%20scanning%20%28eg%2C%20when%20it%20finds%20an%20end-of-file%20in%20the%20middle%20%0Aof%20a%20string%29.%20Otherwise%2C%20when%20a%20single%20token%20is%20formed%2C%20the%20scanner%20is%20suspended%20%0Aand%20returns%20the%20token%20to%20the%20parser.%20The%20parser%20will%20repeatedly%20call%20the%20scanner%20%0Ato%20read%20all%20the%20tokens%20from%20the%20input%20stream%20or%20until%20an%20error%20is%20detected%20%28such%20as%20%0Aa%20syntax%20error%29.%2CTokens%20are%20typically%20represented%20by%20numbers.%20For%20example%2C%20the%20token%20%2A%20may%20be%20%0Aassigned%20the%20number%2035.%20Some%20tokens%20require%20some%20extra%20information.%20For%20%0Aexample%2C%20an%20identifier%20is%20a%20token%20%28so%20it%20is%20represented%20by%20some%20number%29%20but%20it%20is%20%0Aalso%20associated%20with%20a%20string%20that%20holds%20the%20identifier%20name.%20For%20example%2C%20the%20%0Atoken%20id%28x%29%20is%20associated%20with%20the%20string%2C%20%22x%22.%20Similarly%2C%20the%20token%20num%281%29%20is%20%0Aassociated%20with%20the%20number%2C%201.%20%0ASpecification%20of%20Tokens%20%0A%20%0ATokens%20%20are%20%20specified%20%20by%20%20patterns%2C%20%20called%20regular%20%20expressions.%20%20For%20%20example%2C%20%20the%20%0Aregular%20%20expression%20%5Ba-z%5D%5Ba-zA-Z0-9%5D%2A%20recognizes%20%20all%20%20identifiers%20%20with%20%20at%20%20least%20%0Aone%20alphanumeric%20letter%20whose%20first%20letter%20is%20lower-case%20alphabetic.%20%0ADescribe%20the%20languages%20denoted%20by%20the%20following%20regular%20expressions%3A%20%0A1.%20a%28a%7Cb%29%2Aa%20%0A2.%20%28%28%CE%B5%7Ca%29b%2A%29%2A%20%0A3.%20%28a%7Cb%29%2Aa%28a%7Cb%29%28a%7Cb%29%20%0A4.%20a%2Aba%2Aba%2Aba%2A%20%0A5.%20%28aa%7Cbb%29%2A%28%28ab%7Cba%29%28aa%7Cbb%29%2A%28ab%7Cba%29%28aa%7Cbb%29%2A%29%2A%20%0AAnswer%20%0A1.%20String%20of%20a%27s%20and%20b%27s%20that%20start%20and%20end%20with%20a.%20%0A2.%20String%20of%20a%27s%20and%20b%27s.%2C4.%20a%2Aba%2Aba%2Aba%2A%20%0A5.%20%28aa%7Cbb%29%2A%28%28ab%7Cba%29%28aa%7Cbb%29%2A%28ab%7Cba%29%28aa%7Cbb%29%2A%29%2A%20%0AAnswer%20%0A1.%20String%20of%20a%27s%20and%20b%27s%20that%20start%20and%20end%20with%20a.%20%0A2.%20String%20of%20a%27s%20and%20b%27s.%20%0A3.%20String%20of%20a%27s%20and%20b%27s%20that%20the%20character%20third%20from%20the%20last%20is%20a.%20%0A4.%20String%20of%20a%27s%20and%20b%27s%20that%20only%20contains%20three%20b.%20%0A5.%20String%20of%20a%27s%20and%20b%27s%20that%20has%20a%20even%20number%20of%20a%20and%20b.%20%0AMost%20languages%20are%20case%20sensitive%2C%20so%20keywords%20can%20be%20written%20only%20one%20way%2C%20and%20the%20%0Aregular%20expressions%20describing%20their%20lexeme%20is%20very%20simple.%20However%2C%20some%20languages%2C%20like%20%0ASQL%2C%20are%20case%20insensitive%2C%20so%20a%20keyword%20can%20be%20written%20either%20in%20lowercase%20or%20in%20uppercase%2C%20%0Aor%20in%20any%20mixture%20of%20cases.%20Thus%2C%20the%20SQL%20keyword%20SELECT%20can%20also%20be%20written%20select%2C%20%0ASelect%2C%20or%20sElEcT%2C%20for%20instance.%20Show%20how%20to%20write%20a%20regular%20expression%20for%20a%20keyword%20in%20a%20%0Acase%20insensitive%20language.%20Illustrate%20the%20idea%20by%20writing%20the%20expression%20for%20%22select%22%20in%20SQL.%20%0AAnswer%20%0Aselect%20-%3E%20%5BSs%5D%5BEe%5D%5BLl%5D%5BEe%5D%5BCc%5D%5BTt%5D%20%0A%20%0AWrite%20regular%20definitions%20for%20the%20following%20languages%3A%2C1.%20All%20strings%20of%20lowercase%20letters%20that%20contain%20the%20five%20vowels%20in%20order.%20%0A2.%20All%20strings%20of%20lowercase%20letters%20in%20which%20the%20letters%20are%20in%20ascending%20lexicographic%20%0Aorder.%20%0A3.%20Comments%2C%20consisting%20of%20a%20string%20surrounded%20by%20/%2A%20and%20%2A/%2C%20without%20an%20intervening%20%2A/%2C%20%0Aunless%20it%20is%20inside%20double-quotes%20%28%22%29%20%0A4.%20All%20strings%20of%20a%27s%20and%20b%27s%20that%20do%20not%20contain%20the%20substring%20abb.%20%0A5.%20All%20strings%20of%20a%27s%20and%20b%27s%20that%20do%20not%20contain%20the%20subsequence%20abb.%20%0AAnswer%20%0A1%E3%80%81%20%0Awant%20-%3E%20other%2A%20a%20%28other%7Ca%29%2A%20e%20%28other%7Ce%29%2A%20i%20%28other%7Ci%29%2A%20o%20%28other%7Co%29%2A%20u%20%28other%7Cu%29%2A%20%0Aother%20-%3E%20%5Bbcdfghjklmnpqrstvwxyz%5D%20%0A2%E3%80%81%20%0Aa%2A%20b%2A%20...%20z%2A%20%0A3%E3%80%81%20%0A%5C/%5C%2A%28%5B%5E%2A%22%5D%2A%7C%22.%2A%22%7C%5C%2A%2B%5B%5E/%5D%29%2A%5C%2A%5C/%20%0A4%20%0Ab%2A%28a%2Bb%3F%29%2A%20%0A5%E3%80%81%20%0Ab%2A%20%7C%20b%2Aa%2B%20%7C%20b%2Aa%2Bba%2A%20%0A%20%0AWrite%20character%20classes%20for%20the%20following%20sets%20of%20characters%3A%20%0A1.%20The%20first%20ten%20letters%20%28up%20to%20%22j%22%29%20in%20either%20upper%20or%20lower%20case.%20%0A2.%20The%20lowercase%20consonants.%20%0A3.%20The%20%22digits%22%20in%20a%20hexadecimal%20number%20%28choose%20either%20upper%20or%20lower%20case%20for%20the%20%0A%22digits%22%20above%209%29.%2C2.%20The%20lowercase%20consonants.%20%0A3.%20The%20%22digits%22%20in%20a%20hexadecimal%20number%20%28choose%20either%20upper%20or%20lower%20case%20for%20the%20%0A%22digits%22%20above%209%29.%20%0A4.%20The%20characters%20that%20can%20appear%20at%20the%20end%20of%20alegitimate%20English%20sentence%20%28e.g.%20%2C%20%0Aexclamation%20point%29%20.%20%0AAnswer%20%0A1.%20%5BA-Ja-j%5D%20%0A2.%20%5Bbcdfghjklmnpqrstvwxzy%5D%20%0A3.%20%5B0-9a-f%5D%20%0A4.%20%5B.%3F%21%5D%2CNote%20that%20these%20regular%20expressions%20give%20all%20of%20the%20following%20symbols%20%28operator%20characters%29%20a%20%0Aspecial%20meaning%3A%20%0A%5C%20%22%20.%20%5E%20%24%20%5B%20%5D%20%2A%20%2B%20%3F%20%7B%20%7D%20%7C%20/%20%0ATheir%20special%20meaning%20must%20be%20turned%20off%20if%20they%20are%20needed%20to%20represent%20themselves%20in%20a%20%0Acharacter%20string.%20We%20can%20do%20so%20by%20quoting%20the%20character%20within%20a%20string%20of%20length%20one%20or%20more%3B%20%0Ae.g.%2C%20the%20regular%20expression%20%22%2A%2A%22%20matches%20the%20string%20%2A%2A%20.%20W%20e%20can%20also%20get%20the%20literal%20meaning%20of%20%0Aan%20operator%20character%20by%20preceding%20it%20by%20a%20backslash.%20Thus%2C%20the%20regular%20expression%20%5C%2A%5C%2A%20also%20%0Amatches%20the%20string%20%2A%2A.%20Write%20a%20regular%20expression%20that%20matches%20the%20string%20%22%5C.%20%0AAnswer%20%0A%5C%22%5C%5C%20%0A%20%0AThe%20operator%20%5E%20matches%20the%20left%20end%20of%20a%20line%2C%20and%20%24%20matches%20the%20right%20end%20of%20a%20line.%20The%20%0Aoperator%20%5E%20is%20also%20used%20to%20introduce%20complemented%20character%20classes%2C%20but%20the%20context%20always%20%0Amakes%20it%20clear%20which%20meaning%20is%20intended.%20For%20example%2C%20%5E%5B%5Eaeiou%5D%2A%24%20matches%20any%20complete%20%0Aline%20that%20does%20not%20contain%20a%20lowercase%20vowel.%20%0A1.%20How%20do%20you%20tell%20which%20meaning%20of%20%5E%20is%20intended%3F%2Cline%20that%20does%20not%20contain%20a%20lowercase%20vowel.%20%0A1.%20How%20do%20you%20tell%20which%20meaning%20of%20%5E%20is%20intended%3F%20%0Aif%20%5E%20is%20in%20a%20pair%20of%20brakets%2C%20and%20it%20is%20the%20first%20letter%2C%20it%20means%20complemented%20classes%2C%20or%20it%20means%20%0Athe%20left%20end%20of%20a%20line.%20%0A%20%0ARecognition%20of%20Tokens%20%0A%20%0AConstruct%20transition%20diagram%20for%20the%20following%20%20%0A1.%20who%2C%20when%2C%20what%2C%20why%2C%20whom%20%0A2.%20arithmetic%20operators%20%0A%20%0A%20%0Awho%2C%20when%2C%20what%2C%20why%2C%20whom%2CArithmetic%20operators%20%0A%20%0A%20%0A%20%20%20%20%20%20%20%0A%20%0A%20%20%20%0A%20%0A%20%0A%20%20%0A%20%0A%20%0Astart%20%0A0%20%0A2%20%0Areturn%20%28who%2C%E2%80%9Dwho%E2%80%9D%29%20%0Areturn%20%0A%28whom%2C%E2%80%9Dwhom%E2%80%9D%29%20%0Aw%20%0Ao%20%0Aother%20%0A4%20%0A8%20%0A1%20%0Ah%20%0A7%20%0Ae%20%0An%20%0A9%20%0A1%0A0%20%0A%2A%20%0A3%20%0Aa%20%0At%20%0A6%20%0Ay%20%0A5%20%0Am%20%0Areturn%20%28why%2C%E2%80%9Dwhy%E2%80%9D%29%20%0Areturn%20%28when%2C%E2%80%9Dwhen%E2%80%9D%29%20%0Areturn%20%28what%2C%E2%80%9Dwhat%E2%80%9D%29%20%0A0%20%0A1%20%0A%2B%20%0A2%20%0A3%20%0A5%20%0A%25%20%0A%2A%20%0A-%20%0A4%20%0A/%20%0Areturn%20%28arithop%2C%20%E2%80%98%2B%E2%80%99%29%20%0Areturn%20%28arithop%2C%20%E2%80%98-%E2%80%99%29%20%0Areturn%20%28arithop%2C%20%E2%80%98%2A%E2%80%99%29%20%0Areturn%20%28arithop%2C%20%E2%80%98%25%E2%80%99%29%20%0Areturn%20%28arithop%2C%20%E2%80%98/%E2%80%99%29 HTTP/1.1" 404
[32mINFO[0m:     [18-11-2025 21:37:44] ::1:58911 - "POST /api/v2/tenants/default_tenant/databases/default_database/collections HTTP/1.1" 422
[32mINFO[0m:     [18-11-2025 21:38:45] Shutting down
[32mINFO[0m:     [18-11-2025 21:38:45] Waiting for application shutdown.
[36mDEBUG[0m:    [18-11-2025 21:38:45] Stopping component System
[36mDEBUG[0m:    [18-11-2025 21:38:45] Stopping component SegmentAPI
[36mDEBUG[0m:    [18-11-2025 21:38:45] Stopping component LocalExecutor
[36mDEBUG[0m:    [18-11-2025 21:38:45] Stopping component LocalSegmentManager
[36mDEBUG[0m:    [18-11-2025 21:38:45] Stopping component SimpleRateLimitEnforcer
[36mDEBUG[0m:    [18-11-2025 21:38:45] Stopping component Posthog
[36mDEBUG[0m:    [18-11-2025 21:38:45] Stopping component SimpleQuotaEnforcer
[36mDEBUG[0m:    [18-11-2025 21:38:45] Stopping component SqliteDB
[36mDEBUG[0m:    [18-11-2025 21:38:45] Stopping component OpenTelemetryClient
[32mINFO[0m:     [18-11-2025 21:38:45] Application shutdown complete.
[32mINFO[0m:     [18-11-2025 21:38:45] Finished server process [[36m11652[0m]
[33mWARNING[0m:  [18-11-2025 21:59:25] chroma_server_nofile is not supported on Windows. chroma_server_nofile will not be set.
[32mINFO[0m:     [18-11-2025 21:59:25] Anonymized telemetry enabled. See                     https://docs.trychroma.com/telemetry for more information.
[36mDEBUG[0m:    [18-11-2025 21:59:26] Starting component System
[36mDEBUG[0m:    [18-11-2025 21:59:26] Starting component OpenTelemetryClient
[36mDEBUG[0m:    [18-11-2025 21:59:26] Starting component SqliteDB
[36mDEBUG[0m:    [18-11-2025 21:59:26] Starting component SimpleQuotaEnforcer
[36mDEBUG[0m:    [18-11-2025 21:59:26] Starting component Posthog
[36mDEBUG[0m:    [18-11-2025 21:59:26] Starting component SimpleRateLimitEnforcer
[36mDEBUG[0m:    [18-11-2025 21:59:26] Starting component LocalSegmentManager
[36mDEBUG[0m:    [18-11-2025 21:59:26] Starting component LocalExecutor
[36mDEBUG[0m:    [18-11-2025 21:59:26] Starting component SegmentAPI
[32mINFO[0m:     [18-11-2025 21:59:26] Started server process [[36m12476[0m]
[32mINFO[0m:     [18-11-2025 21:59:26] Waiting for application startup.
[32mINFO[0m:     [18-11-2025 21:59:26] Application startup complete.
[32mINFO[0m:     [18-11-2025 21:59:26] Uvicorn running on [1mhttp://localhost:8001[0m (Press CTRL+C to quit)
[32mINFO[0m:     [18-11-2025 21:59:26] Shutting down
[32mINFO[0m:     [18-11-2025 21:59:26] Waiting for application shutdown.
[36mDEBUG[0m:    [18-11-2025 21:59:26] Stopping component System
[36mDEBUG[0m:    [18-11-2025 21:59:26] Stopping component SegmentAPI
[36mDEBUG[0m:    [18-11-2025 21:59:26] Stopping component LocalExecutor
[36mDEBUG[0m:    [18-11-2025 21:59:26] Stopping component LocalSegmentManager
[36mDEBUG[0m:    [18-11-2025 21:59:26] Stopping component SimpleRateLimitEnforcer
[36mDEBUG[0m:    [18-11-2025 21:59:26] Stopping component Posthog
[36mDEBUG[0m:    [18-11-2025 21:59:26] Stopping component SimpleQuotaEnforcer
[36mDEBUG[0m:    [18-11-2025 21:59:26] Stopping component SqliteDB
[36mDEBUG[0m:    [18-11-2025 21:59:26] Stopping component OpenTelemetryClient
[32mINFO[0m:     [18-11-2025 21:59:26] Application shutdown complete.
[32mINFO[0m:     [18-11-2025 21:59:26] Finished server process [[36m12476[0m]
[33mWARNING[0m:  [18-11-2025 21:59:32] chroma_server_nofile is not supported on Windows. chroma_server_nofile will not be set.
[32mINFO[0m:     [18-11-2025 21:59:32] Anonymized telemetry enabled. See                     https://docs.trychroma.com/telemetry for more information.
[36mDEBUG[0m:    [18-11-2025 21:59:32] Starting component System
[36mDEBUG[0m:    [18-11-2025 21:59:32] Starting component OpenTelemetryClient
[36mDEBUG[0m:    [18-11-2025 21:59:32] Starting component SqliteDB
[36mDEBUG[0m:    [18-11-2025 21:59:32] Starting component SimpleQuotaEnforcer
[36mDEBUG[0m:    [18-11-2025 21:59:32] Starting component Posthog
[36mDEBUG[0m:    [18-11-2025 21:59:32] Starting component SimpleRateLimitEnforcer
[36mDEBUG[0m:    [18-11-2025 21:59:32] Starting component LocalSegmentManager
[36mDEBUG[0m:    [18-11-2025 21:59:32] Starting component LocalExecutor
[36mDEBUG[0m:    [18-11-2025 21:59:32] Starting component SegmentAPI
[32mINFO[0m:     [18-11-2025 21:59:32] Started server process [[36m416[0m]
[32mINFO[0m:     [18-11-2025 21:59:32] Waiting for application startup.
[32mINFO[0m:     [18-11-2025 21:59:32] Application startup complete.
[32mINFO[0m:     [18-11-2025 21:59:32] Uvicorn running on [1mhttp://localhost:8000[0m (Press CTRL+C to quit)
[32mINFO[0m:     [18-11-2025 21:59:54] ::1:57362 - "GET /api/v2/tenants/default_tenant/databases/default_database/collections?limit=100&offset=0 HTTP/1.1" 200
[32mINFO[0m:     [18-11-2025 22:00:05] ::1:63041 - "GET /api/v2/tenants/default_tenant/databases/default_database/collections/document_embeddings HTTP/1.1" 400
[33mWARNING[0m:  [19-11-2025 09:00:57] chroma_server_nofile is not supported on Windows. chroma_server_nofile will not be set.
[32mINFO[0m:     [19-11-2025 09:00:58] Anonymized telemetry enabled. See                     https://docs.trychroma.com/telemetry for more information.
[36mDEBUG[0m:    [19-11-2025 09:00:58] Starting component System
[36mDEBUG[0m:    [19-11-2025 09:00:58] Starting component OpenTelemetryClient
[36mDEBUG[0m:    [19-11-2025 09:00:58] Starting component SqliteDB
[36mDEBUG[0m:    [19-11-2025 09:00:58] Starting component SimpleQuotaEnforcer
[36mDEBUG[0m:    [19-11-2025 09:00:58] Starting component Posthog
[36mDEBUG[0m:    [19-11-2025 09:00:58] Starting component SimpleRateLimitEnforcer
[36mDEBUG[0m:    [19-11-2025 09:00:58] Starting component LocalSegmentManager
[36mDEBUG[0m:    [19-11-2025 09:00:58] Starting component LocalExecutor
[36mDEBUG[0m:    [19-11-2025 09:00:58] Starting component SegmentAPI
[32mINFO[0m:     [19-11-2025 09:00:58] Started server process [[36m18044[0m]
[32mINFO[0m:     [19-11-2025 09:00:58] Waiting for application startup.
[32mINFO[0m:     [19-11-2025 09:00:58] Application startup complete.
[32mINFO[0m:     [19-11-2025 09:00:58] Uvicorn running on [1mhttp://localhost:8000[0m (Press CTRL+C to quit)
[32mINFO[0m:     [19-11-2025 09:01:07] ::1:54011 - "GET /api/v2/tenants/default_tenant/databases/default_database/collections/document_embeddings HTTP/1.1" 400
[31mERROR[0m:    [19-11-2025 09:03:12] '_type'
  + Exception Group Traceback (most recent call last):
  |   File "C:\Users\14-5-2022\AppData\Local\Programs\Python\Python311\Lib\site-packages\starlette\_utils.py", line 79, in collapse_excgroups
  |     yield
  |   File "C:\Users\14-5-2022\AppData\Local\Programs\Python\Python311\Lib\site-packages\starlette\middleware\base.py", line 192, in __call__
  |     async with anyio.create_task_group() as task_group:
  |   File "C:\Users\14-5-2022\AppData\Local\Programs\Python\Python311\Lib\site-packages\anyio\_backends\_asyncio.py", line 815, in __aexit__
  |     raise BaseExceptionGroup(
  | ExceptionGroup: unhandled errors in a TaskGroup (1 sub-exception)
  +-+---------------- 1 ----------------
    | Traceback (most recent call last):
    |   File "C:\Users\14-5-2022\AppData\Local\Programs\Python\Python311\Lib\site-packages\chromadb\server\fastapi\__init__.py", line 107, in catch_exceptions_middleware
    |     return await call_next(request)
    |            ^^^^^^^^^^^^^^^^^^^^^^^^
    |   File "C:\Users\14-5-2022\AppData\Local\Programs\Python\Python311\Lib\site-packages\starlette\middleware\base.py", line 168, in call_next
    |     raise app_exc from app_exc.__cause__ or app_exc.__context__
    |   File "C:\Users\14-5-2022\AppData\Local\Programs\Python\Python311\Lib\site-packages\starlette\middleware\base.py", line 144, in coro
    |     await self.app(scope, receive_or_disconnect, send_no_error)
    |   File "C:\Users\14-5-2022\AppData\Local\Programs\Python\Python311\Lib\site-packages\starlette\middleware\base.py", line 191, in __call__
    |     with recv_stream, send_stream, collapse_excgroups():
    |   File "C:\Users\14-5-2022\AppData\Local\Programs\Python\Python311\Lib\contextlib.py", line 155, in __exit__
    |     self.gen.throw(typ, value, traceback)
    |   File "C:\Users\14-5-2022\AppData\Local\Programs\Python\Python311\Lib\site-packages\starlette\_utils.py", line 85, in collapse_excgroups
    |     raise exc
    |   File "C:\Users\14-5-2022\AppData\Local\Programs\Python\Python311\Lib\site-packages\starlette\middleware\base.py", line 193, in __call__
    |     response = await self.dispatch_func(request, call_next)
    |                ^^^^^^^^^^^^^^^^^^^^^^^^^^^^^^^^^^^^^^^^^^^^
    |   File "C:\Users\14-5-2022\AppData\Local\Programs\Python\Python311\Lib\site-packages\chromadb\server\fastapi\__init__.py", line 131, in check_http_version_middleware
    |     return await call_next(request)
    |            ^^^^^^^^^^^^^^^^^^^^^^^^
    |   File "C:\Users\14-5-2022\AppData\Local\Programs\Python\Python311\Lib\site-packages\starlette\middleware\base.py", line 168, in call_next
    |     raise app_exc from app_exc.__cause__ or app_exc.__context__
    |   File "C:\Users\14-5-2022\AppData\Local\Programs\Python\Python311\Lib\site-packages\starlette\middleware\base.py", line 144, in coro
    |     await self.app(scope, receive_or_disconnect, send_no_error)
    |   File "C:\Users\14-5-2022\AppData\Local\Programs\Python\Python311\Lib\site-packages\starlette\middleware\exceptions.py", line 63, in __call__
    |     await wrap_app_handling_exceptions(self.app, conn)(scope, receive, send)
    |   File "C:\Users\14-5-2022\AppData\Local\Programs\Python\Python311\Lib\site-packages\starlette\_exception_handler.py", line 53, in wrapped_app
    |     raise exc
    |   File "C:\Users\14-5-2022\AppData\Local\Programs\Python\Python311\Lib\site-packages\starlette\_exception_handler.py", line 42, in wrapped_app
    |     await app(scope, receive, sender)
    |   File "C:\Users\14-5-2022\AppData\Local\Programs\Python\Python311\Lib\site-packages\fastapi\middleware\asyncexitstack.py", line 18, in __call__
    |     await self.app(scope, receive, send)
    |   File "C:\Users\14-5-2022\AppData\Local\Programs\Python\Python311\Lib\site-packages\starlette\routing.py", line 716, in __call__
    |     await self.middleware_stack(scope, receive, send)
    |   File "C:\Users\14-5-2022\AppData\Local\Programs\Python\Python311\Lib\site-packages\starlette\routing.py", line 736, in app
    |     await route.handle(scope, receive, send)
    |   File "C:\Users\14-5-2022\AppData\Local\Programs\Python\Python311\Lib\site-packages\starlette\routing.py", line 290, in handle
    |     await self.app(scope, receive, send)
    |   File "C:\Users\14-5-2022\AppData\Local\Programs\Python\Python311\Lib\site-packages\fastapi\routing.py", line 125, in app
    |     await wrap_app_handling_exceptions(app, request)(scope, receive, send)
    |   File "C:\Users\14-5-2022\AppData\Local\Programs\Python\Python311\Lib\site-packages\starlette\_exception_handler.py", line 53, in wrapped_app
    |     raise exc
    |   File "C:\Users\14-5-2022\AppData\Local\Programs\Python\Python311\Lib\site-packages\starlette\_exception_handler.py", line 42, in wrapped_app
    |     await app(scope, receive, sender)
    |   File "C:\Users\14-5-2022\AppData\Local\Programs\Python\Python311\Lib\site-packages\fastapi\routing.py", line 111, in app
    |     response = await f(request)
    |                ^^^^^^^^^^^^^^^^
    |   File "C:\Users\14-5-2022\AppData\Local\Programs\Python\Python311\Lib\site-packages\fastapi\routing.py", line 391, in app
    |     raw_response = await run_endpoint_function(
    |                    ^^^^^^^^^^^^^^^^^^^^^^^^^^^^
    |   File "C:\Users\14-5-2022\AppData\Local\Programs\Python\Python311\Lib\site-packages\fastapi\routing.py", line 290, in run_endpoint_function
    |     return await dependant.call(**values)
    |            ^^^^^^^^^^^^^^^^^^^^^^^^^^^^^^
    |   File "C:\Users\14-5-2022\AppData\Local\Programs\Python\Python311\Lib\site-packages\chromadb\telemetry\opentelemetry\__init__.py", line 134, in async_wrapper
    |     return await f(*args, **kwargs)
    |            ^^^^^^^^^^^^^^^^^^^^^^^^
    |   File "C:\Users\14-5-2022\AppData\Local\Programs\Python\Python311\Lib\site-packages\chromadb\server\fastapi\__init__.py", line 663, in create_collection
    |     await to_thread.run_sync(
    |   File "C:\Users\14-5-2022\AppData\Local\Programs\Python\Python311\Lib\site-packages\anyio\to_thread.py", line 56, in run_sync
    |     return await get_async_backend().run_sync_in_worker_thread(
    |            ^^^^^^^^^^^^^^^^^^^^^^^^^^^^^^^^^^^^^^^^^^^^^^^^^^^^
    |   File "C:\Users\14-5-2022\AppData\Local\Programs\Python\Python311\Lib\site-packages\anyio\_backends\_asyncio.py", line 2505, in run_sync_in_worker_thread
    |     return await future
    |            ^^^^^^^^^^^^
    |   File "C:\Users\14-5-2022\AppData\Local\Programs\Python\Python311\Lib\site-packages\anyio\_backends\_asyncio.py", line 1005, in run
    |     result = context.run(func, *args)
    |              ^^^^^^^^^^^^^^^^^^^^^^^^
    |   File "C:\Users\14-5-2022\AppData\Local\Programs\Python\Python311\Lib\site-packages\chromadb\server\fastapi\__init__.py", line 637, in process_create_collection
    |     else CollectionConfigurationInternal.from_json(create.configuration)
    |          ^^^^^^^^^^^^^^^^^^^^^^^^^^^^^^^^^^^^^^^^^^^^^^^^^^^^^^^^^^^^^^^
    |   File "C:\Users\14-5-2022\AppData\Local\Programs\Python\Python311\Lib\site-packages\chromadb\api\configuration.py", line 209, in from_json
    |     f"Trying to instantiate configuration of type {cls.__name__} from JSON with type {json_map['_type']}"
    |                                                                                       ~~~~~~~~^^^^^^^^^
    | KeyError: '_type'
    +------------------------------------

The above exception was the direct cause of the following exception:

Traceback (most recent call last):
  File "C:\Users\14-5-2022\AppData\Local\Programs\Python\Python311\Lib\site-packages\chromadb\server\fastapi\__init__.py", line 107, in catch_exceptions_middleware
    return await call_next(request)
           ^^^^^^^^^^^^^^^^^^^^^^^^
  File "C:\Users\14-5-2022\AppData\Local\Programs\Python\Python311\Lib\site-packages\starlette\middleware\base.py", line 168, in call_next
    raise app_exc from app_exc.__cause__ or app_exc.__context__
  File "C:\Users\14-5-2022\AppData\Local\Programs\Python\Python311\Lib\site-packages\starlette\middleware\base.py", line 144, in coro
    await self.app(scope, receive_or_disconnect, send_no_error)
  File "C:\Users\14-5-2022\AppData\Local\Programs\Python\Python311\Lib\site-packages\starlette\middleware\base.py", line 191, in __call__
    with recv_stream, send_stream, collapse_excgroups():
  File "C:\Users\14-5-2022\AppData\Local\Programs\Python\Python311\Lib\contextlib.py", line 155, in __exit__
    self.gen.throw(typ, value, traceback)
  File "C:\Users\14-5-2022\AppData\Local\Programs\Python\Python311\Lib\site-packages\starlette\_utils.py", line 85, in collapse_excgroups
    raise exc
  File "C:\Users\14-5-2022\AppData\Local\Programs\Python\Python311\Lib\site-packages\starlette\middleware\base.py", line 193, in __call__
    response = await self.dispatch_func(request, call_next)
               ^^^^^^^^^^^^^^^^^^^^^^^^^^^^^^^^^^^^^^^^^^^^
  File "C:\Users\14-5-2022\AppData\Local\Programs\Python\Python311\Lib\site-packages\chromadb\server\fastapi\__init__.py", line 131, in check_http_version_middleware
    return await call_next(request)
           ^^^^^^^^^^^^^^^^^^^^^^^^
  File "C:\Users\14-5-2022\AppData\Local\Programs\Python\Python311\Lib\site-packages\starlette\middleware\base.py", line 168, in call_next
    raise app_exc from app_exc.__cause__ or app_exc.__context__
  File "C:\Users\14-5-2022\AppData\Local\Programs\Python\Python311\Lib\site-packages\starlette\middleware\base.py", line 144, in coro
    await self.app(scope, receive_or_disconnect, send_no_error)
  File "C:\Users\14-5-2022\AppData\Local\Programs\Python\Python311\Lib\site-packages\starlette\middleware\exceptions.py", line 63, in __call__
    await wrap_app_handling_exceptions(self.app, conn)(scope, receive, send)
  File "C:\Users\14-5-2022\AppData\Local\Programs\Python\Python311\Lib\site-packages\starlette\_exception_handler.py", line 53, in wrapped_app
    raise exc
  File "C:\Users\14-5-2022\AppData\Local\Programs\Python\Python311\Lib\site-packages\starlette\_exception_handler.py", line 42, in wrapped_app
    await app(scope, receive, sender)
  File "C:\Users\14-5-2022\AppData\Local\Programs\Python\Python311\Lib\site-packages\fastapi\middleware\asyncexitstack.py", line 18, in __call__
    await self.app(scope, receive, send)
  File "C:\Users\14-5-2022\AppData\Local\Programs\Python\Python311\Lib\site-packages\starlette\routing.py", line 716, in __call__
    await self.middleware_stack(scope, receive, send)
  File "C:\Users\14-5-2022\AppData\Local\Programs\Python\Python311\Lib\site-packages\starlette\routing.py", line 736, in app
    await route.handle(scope, receive, send)
  File "C:\Users\14-5-2022\AppData\Local\Programs\Python\Python311\Lib\site-packages\starlette\routing.py", line 290, in handle
    await self.app(scope, receive, send)
  File "C:\Users\14-5-2022\AppData\Local\Programs\Python\Python311\Lib\site-packages\fastapi\routing.py", line 125, in app
    await wrap_app_handling_exceptions(app, request)(scope, receive, send)
  File "C:\Users\14-5-2022\AppData\Local\Programs\Python\Python311\Lib\site-packages\starlette\_exception_handler.py", line 53, in wrapped_app
    raise exc
  File "C:\Users\14-5-2022\AppData\Local\Programs\Python\Python311\Lib\site-packages\starlette\_exception_handler.py", line 42, in wrapped_app
    await app(scope, receive, sender)
  File "C:\Users\14-5-2022\AppData\Local\Programs\Python\Python311\Lib\site-packages\fastapi\routing.py", line 111, in app
    response = await f(request)
               ^^^^^^^^^^^^^^^^
  File "C:\Users\14-5-2022\AppData\Local\Programs\Python\Python311\Lib\site-packages\fastapi\routing.py", line 391, in app
    raw_response = await run_endpoint_function(
                   ^^^^^^^^^^^^^^^^^^^^^^^^^^^^
  File "C:\Users\14-5-2022\AppData\Local\Programs\Python\Python311\Lib\site-packages\fastapi\routing.py", line 290, in run_endpoint_function
    return await dependant.call(**values)
           ^^^^^^^^^^^^^^^^^^^^^^^^^^^^^^
  File "C:\Users\14-5-2022\AppData\Local\Programs\Python\Python311\Lib\site-packages\chromadb\telemetry\opentelemetry\__init__.py", line 134, in async_wrapper
    return await f(*args, **kwargs)
           ^^^^^^^^^^^^^^^^^^^^^^^^
  File "C:\Users\14-5-2022\AppData\Local\Programs\Python\Python311\Lib\site-packages\chromadb\server\fastapi\__init__.py", line 663, in create_collection
    await to_thread.run_sync(
  File "C:\Users\14-5-2022\AppData\Local\Programs\Python\Python311\Lib\site-packages\anyio\to_thread.py", line 56, in run_sync
    return await get_async_backend().run_sync_in_worker_thread(
           ^^^^^^^^^^^^^^^^^^^^^^^^^^^^^^^^^^^^^^^^^^^^^^^^^^^^
  File "C:\Users\14-5-2022\AppData\Local\Programs\Python\Python311\Lib\site-packages\anyio\_backends\_asyncio.py", line 2505, in run_sync_in_worker_thread
    return await future
           ^^^^^^^^^^^^
  File "C:\Users\14-5-2022\AppData\Local\Programs\Python\Python311\Lib\site-packages\anyio\_backends\_asyncio.py", line 1005, in run
    result = context.run(func, *args)
             ^^^^^^^^^^^^^^^^^^^^^^^^
  File "C:\Users\14-5-2022\AppData\Local\Programs\Python\Python311\Lib\site-packages\chromadb\server\fastapi\__init__.py", line 637, in process_create_collection
    else CollectionConfigurationInternal.from_json(create.configuration)
         ^^^^^^^^^^^^^^^^^^^^^^^^^^^^^^^^^^^^^^^^^^^^^^^^^^^^^^^^^^^^^^^
  File "C:\Users\14-5-2022\AppData\Local\Programs\Python\Python311\Lib\site-packages\chromadb\api\configuration.py", line 209, in from_json
    f"Trying to instantiate configuration of type {cls.__name__} from JSON with type {json_map['_type']}"
                                                                                      ~~~~~~~~^^^^^^^^^
KeyError: '_type'
[32mINFO[0m:     [19-11-2025 09:03:13] ::1:62961 - "POST /api/v2/tenants/default_tenant/databases/default_database/collections HTTP/1.1" 500
[32mINFO[0m:     [19-11-2025 09:03:53] ::1:50899 - "GET /api/v2/tenants/default_tenant/databases/default_database/collections?limit=100&offset=0 HTTP/1.1" 200
[31mERROR[0m:    [19-11-2025 09:04:00] '_type'
  + Exception Group Traceback (most recent call last):
  |   File "C:\Users\14-5-2022\AppData\Local\Programs\Python\Python311\Lib\site-packages\starlette\_utils.py", line 79, in collapse_excgroups
  |     yield
  |   File "C:\Users\14-5-2022\AppData\Local\Programs\Python\Python311\Lib\site-packages\starlette\middleware\base.py", line 192, in __call__
  |     async with anyio.create_task_group() as task_group:
  |   File "C:\Users\14-5-2022\AppData\Local\Programs\Python\Python311\Lib\site-packages\anyio\_backends\_asyncio.py", line 815, in __aexit__
  |     raise BaseExceptionGroup(
  | ExceptionGroup: unhandled errors in a TaskGroup (1 sub-exception)
  +-+---------------- 1 ----------------
    | Traceback (most recent call last):
    |   File "C:\Users\14-5-2022\AppData\Local\Programs\Python\Python311\Lib\site-packages\chromadb\server\fastapi\__init__.py", line 107, in catch_exceptions_middleware
    |     return await call_next(request)
    |            ^^^^^^^^^^^^^^^^^^^^^^^^
    |   File "C:\Users\14-5-2022\AppData\Local\Programs\Python\Python311\Lib\site-packages\starlette\middleware\base.py", line 168, in call_next
    |     raise app_exc from app_exc.__cause__ or app_exc.__context__
    |   File "C:\Users\14-5-2022\AppData\Local\Programs\Python\Python311\Lib\site-packages\starlette\middleware\base.py", line 144, in coro
    |     await self.app(scope, receive_or_disconnect, send_no_error)
    |   File "C:\Users\14-5-2022\AppData\Local\Programs\Python\Python311\Lib\site-packages\starlette\middleware\base.py", line 191, in __call__
    |     with recv_stream, send_stream, collapse_excgroups():
    |   File "C:\Users\14-5-2022\AppData\Local\Programs\Python\Python311\Lib\contextlib.py", line 155, in __exit__
    |     self.gen.throw(typ, value, traceback)
    |   File "C:\Users\14-5-2022\AppData\Local\Programs\Python\Python311\Lib\site-packages\starlette\_utils.py", line 85, in collapse_excgroups
    |     raise exc
    |   File "C:\Users\14-5-2022\AppData\Local\Programs\Python\Python311\Lib\site-packages\starlette\middleware\base.py", line 193, in __call__
    |     response = await self.dispatch_func(request, call_next)
    |                ^^^^^^^^^^^^^^^^^^^^^^^^^^^^^^^^^^^^^^^^^^^^
    |   File "C:\Users\14-5-2022\AppData\Local\Programs\Python\Python311\Lib\site-packages\chromadb\server\fastapi\__init__.py", line 131, in check_http_version_middleware
    |     return await call_next(request)
    |            ^^^^^^^^^^^^^^^^^^^^^^^^
    |   File "C:\Users\14-5-2022\AppData\Local\Programs\Python\Python311\Lib\site-packages\starlette\middleware\base.py", line 168, in call_next
    |     raise app_exc from app_exc.__cause__ or app_exc.__context__
    |   File "C:\Users\14-5-2022\AppData\Local\Programs\Python\Python311\Lib\site-packages\starlette\middleware\base.py", line 144, in coro
    |     await self.app(scope, receive_or_disconnect, send_no_error)
    |   File "C:\Users\14-5-2022\AppData\Local\Programs\Python\Python311\Lib\site-packages\starlette\middleware\exceptions.py", line 63, in __call__
    |     await wrap_app_handling_exceptions(self.app, conn)(scope, receive, send)
    |   File "C:\Users\14-5-2022\AppData\Local\Programs\Python\Python311\Lib\site-packages\starlette\_exception_handler.py", line 53, in wrapped_app
    |     raise exc
    |   File "C:\Users\14-5-2022\AppData\Local\Programs\Python\Python311\Lib\site-packages\starlette\_exception_handler.py", line 42, in wrapped_app
    |     await app(scope, receive, sender)
    |   File "C:\Users\14-5-2022\AppData\Local\Programs\Python\Python311\Lib\site-packages\fastapi\middleware\asyncexitstack.py", line 18, in __call__
    |     await self.app(scope, receive, send)
    |   File "C:\Users\14-5-2022\AppData\Local\Programs\Python\Python311\Lib\site-packages\starlette\routing.py", line 716, in __call__
    |     await self.middleware_stack(scope, receive, send)
    |   File "C:\Users\14-5-2022\AppData\Local\Programs\Python\Python311\Lib\site-packages\starlette\routing.py", line 736, in app
    |     await route.handle(scope, receive, send)
    |   File "C:\Users\14-5-2022\AppData\Local\Programs\Python\Python311\Lib\site-packages\starlette\routing.py", line 290, in handle
    |     await self.app(scope, receive, send)
    |   File "C:\Users\14-5-2022\AppData\Local\Programs\Python\Python311\Lib\site-packages\fastapi\routing.py", line 125, in app
    |     await wrap_app_handling_exceptions(app, request)(scope, receive, send)
    |   File "C:\Users\14-5-2022\AppData\Local\Programs\Python\Python311\Lib\site-packages\starlette\_exception_handler.py", line 53, in wrapped_app
    |     raise exc
    |   File "C:\Users\14-5-2022\AppData\Local\Programs\Python\Python311\Lib\site-packages\starlette\_exception_handler.py", line 42, in wrapped_app
    |     await app(scope, receive, sender)
    |   File "C:\Users\14-5-2022\AppData\Local\Programs\Python\Python311\Lib\site-packages\fastapi\routing.py", line 111, in app
    |     response = await f(request)
    |                ^^^^^^^^^^^^^^^^
    |   File "C:\Users\14-5-2022\AppData\Local\Programs\Python\Python311\Lib\site-packages\fastapi\routing.py", line 391, in app
    |     raw_response = await run_endpoint_function(
    |                    ^^^^^^^^^^^^^^^^^^^^^^^^^^^^
    |   File "C:\Users\14-5-2022\AppData\Local\Programs\Python\Python311\Lib\site-packages\fastapi\routing.py", line 290, in run_endpoint_function
    |     return await dependant.call(**values)
    |            ^^^^^^^^^^^^^^^^^^^^^^^^^^^^^^
    |   File "C:\Users\14-5-2022\AppData\Local\Programs\Python\Python311\Lib\site-packages\chromadb\telemetry\opentelemetry\__init__.py", line 134, in async_wrapper
    |     return await f(*args, **kwargs)
    |            ^^^^^^^^^^^^^^^^^^^^^^^^
    |   File "C:\Users\14-5-2022\AppData\Local\Programs\Python\Python311\Lib\site-packages\chromadb\server\fastapi\__init__.py", line 663, in create_collection
    |     await to_thread.run_sync(
    |   File "C:\Users\14-5-2022\AppData\Local\Programs\Python\Python311\Lib\site-packages\anyio\to_thread.py", line 56, in run_sync
    |     return await get_async_backend().run_sync_in_worker_thread(
    |            ^^^^^^^^^^^^^^^^^^^^^^^^^^^^^^^^^^^^^^^^^^^^^^^^^^^^
    |   File "C:\Users\14-5-2022\AppData\Local\Programs\Python\Python311\Lib\site-packages\anyio\_backends\_asyncio.py", line 2505, in run_sync_in_worker_thread
    |     return await future
    |            ^^^^^^^^^^^^
    |   File "C:\Users\14-5-2022\AppData\Local\Programs\Python\Python311\Lib\site-packages\anyio\_backends\_asyncio.py", line 1005, in run
    |     result = context.run(func, *args)
    |              ^^^^^^^^^^^^^^^^^^^^^^^^
    |   File "C:\Users\14-5-2022\AppData\Local\Programs\Python\Python311\Lib\site-packages\chromadb\server\fastapi\__init__.py", line 637, in process_create_collection
    |     else CollectionConfigurationInternal.from_json(create.configuration)
    |          ^^^^^^^^^^^^^^^^^^^^^^^^^^^^^^^^^^^^^^^^^^^^^^^^^^^^^^^^^^^^^^^
    |   File "C:\Users\14-5-2022\AppData\Local\Programs\Python\Python311\Lib\site-packages\chromadb\api\configuration.py", line 209, in from_json
    |     f"Trying to instantiate configuration of type {cls.__name__} from JSON with type {json_map['_type']}"
    |                                                                                       ~~~~~~~~^^^^^^^^^
    | KeyError: '_type'
    +------------------------------------

The above exception was the direct cause of the following exception:

Traceback (most recent call last):
  File "C:\Users\14-5-2022\AppData\Local\Programs\Python\Python311\Lib\site-packages\chromadb\server\fastapi\__init__.py", line 107, in catch_exceptions_middleware
    return await call_next(request)
           ^^^^^^^^^^^^^^^^^^^^^^^^
  File "C:\Users\14-5-2022\AppData\Local\Programs\Python\Python311\Lib\site-packages\starlette\middleware\base.py", line 168, in call_next
    raise app_exc from app_exc.__cause__ or app_exc.__context__
  File "C:\Users\14-5-2022\AppData\Local\Programs\Python\Python311\Lib\site-packages\starlette\middleware\base.py", line 144, in coro
    await self.app(scope, receive_or_disconnect, send_no_error)
  File "C:\Users\14-5-2022\AppData\Local\Programs\Python\Python311\Lib\site-packages\starlette\middleware\base.py", line 191, in __call__
    with recv_stream, send_stream, collapse_excgroups():
  File "C:\Users\14-5-2022\AppData\Local\Programs\Python\Python311\Lib\contextlib.py", line 155, in __exit__
    self.gen.throw(typ, value, traceback)
  File "C:\Users\14-5-2022\AppData\Local\Programs\Python\Python311\Lib\site-packages\starlette\_utils.py", line 85, in collapse_excgroups
    raise exc
  File "C:\Users\14-5-2022\AppData\Local\Programs\Python\Python311\Lib\site-packages\starlette\middleware\base.py", line 193, in __call__
    response = await self.dispatch_func(request, call_next)
               ^^^^^^^^^^^^^^^^^^^^^^^^^^^^^^^^^^^^^^^^^^^^
  File "C:\Users\14-5-2022\AppData\Local\Programs\Python\Python311\Lib\site-packages\chromadb\server\fastapi\__init__.py", line 131, in check_http_version_middleware
    return await call_next(request)
           ^^^^^^^^^^^^^^^^^^^^^^^^
  File "C:\Users\14-5-2022\AppData\Local\Programs\Python\Python311\Lib\site-packages\starlette\middleware\base.py", line 168, in call_next
    raise app_exc from app_exc.__cause__ or app_exc.__context__
  File "C:\Users\14-5-2022\AppData\Local\Programs\Python\Python311\Lib\site-packages\starlette\middleware\base.py", line 144, in coro
    await self.app(scope, receive_or_disconnect, send_no_error)
  File "C:\Users\14-5-2022\AppData\Local\Programs\Python\Python311\Lib\site-packages\starlette\middleware\exceptions.py", line 63, in __call__
    await wrap_app_handling_exceptions(self.app, conn)(scope, receive, send)
  File "C:\Users\14-5-2022\AppData\Local\Programs\Python\Python311\Lib\site-packages\starlette\_exception_handler.py", line 53, in wrapped_app
    raise exc
  File "C:\Users\14-5-2022\AppData\Local\Programs\Python\Python311\Lib\site-packages\starlette\_exception_handler.py", line 42, in wrapped_app
    await app(scope, receive, sender)
  File "C:\Users\14-5-2022\AppData\Local\Programs\Python\Python311\Lib\site-packages\fastapi\middleware\asyncexitstack.py", line 18, in __call__
    await self.app(scope, receive, send)
  File "C:\Users\14-5-2022\AppData\Local\Programs\Python\Python311\Lib\site-packages\starlette\routing.py", line 716, in __call__
    await self.middleware_stack(scope, receive, send)
  File "C:\Users\14-5-2022\AppData\Local\Programs\Python\Python311\Lib\site-packages\starlette\routing.py", line 736, in app
    await route.handle(scope, receive, send)
  File "C:\Users\14-5-2022\AppData\Local\Programs\Python\Python311\Lib\site-packages\starlette\routing.py", line 290, in handle
    await self.app(scope, receive, send)
  File "C:\Users\14-5-2022\AppData\Local\Programs\Python\Python311\Lib\site-packages\fastapi\routing.py", line 125, in app
    await wrap_app_handling_exceptions(app, request)(scope, receive, send)
  File "C:\Users\14-5-2022\AppData\Local\Programs\Python\Python311\Lib\site-packages\starlette\_exception_handler.py", line 53, in wrapped_app
    raise exc
  File "C:\Users\14-5-2022\AppData\Local\Programs\Python\Python311\Lib\site-packages\starlette\_exception_handler.py", line 42, in wrapped_app
    await app(scope, receive, sender)
  File "C:\Users\14-5-2022\AppData\Local\Programs\Python\Python311\Lib\site-packages\fastapi\routing.py", line 111, in app
    response = await f(request)
               ^^^^^^^^^^^^^^^^
  File "C:\Users\14-5-2022\AppData\Local\Programs\Python\Python311\Lib\site-packages\fastapi\routing.py", line 391, in app
    raw_response = await run_endpoint_function(
                   ^^^^^^^^^^^^^^^^^^^^^^^^^^^^
  File "C:\Users\14-5-2022\AppData\Local\Programs\Python\Python311\Lib\site-packages\fastapi\routing.py", line 290, in run_endpoint_function
    return await dependant.call(**values)
           ^^^^^^^^^^^^^^^^^^^^^^^^^^^^^^
  File "C:\Users\14-5-2022\AppData\Local\Programs\Python\Python311\Lib\site-packages\chromadb\telemetry\opentelemetry\__init__.py", line 134, in async_wrapper
    return await f(*args, **kwargs)
           ^^^^^^^^^^^^^^^^^^^^^^^^
  File "C:\Users\14-5-2022\AppData\Local\Programs\Python\Python311\Lib\site-packages\chromadb\server\fastapi\__init__.py", line 663, in create_collection
    await to_thread.run_sync(
  File "C:\Users\14-5-2022\AppData\Local\Programs\Python\Python311\Lib\site-packages\anyio\to_thread.py", line 56, in run_sync
    return await get_async_backend().run_sync_in_worker_thread(
           ^^^^^^^^^^^^^^^^^^^^^^^^^^^^^^^^^^^^^^^^^^^^^^^^^^^^
  File "C:\Users\14-5-2022\AppData\Local\Programs\Python\Python311\Lib\site-packages\anyio\_backends\_asyncio.py", line 2505, in run_sync_in_worker_thread
    return await future
           ^^^^^^^^^^^^
  File "C:\Users\14-5-2022\AppData\Local\Programs\Python\Python311\Lib\site-packages\anyio\_backends\_asyncio.py", line 1005, in run
    result = context.run(func, *args)
             ^^^^^^^^^^^^^^^^^^^^^^^^
  File "C:\Users\14-5-2022\AppData\Local\Programs\Python\Python311\Lib\site-packages\chromadb\server\fastapi\__init__.py", line 637, in process_create_collection
    else CollectionConfigurationInternal.from_json(create.configuration)
         ^^^^^^^^^^^^^^^^^^^^^^^^^^^^^^^^^^^^^^^^^^^^^^^^^^^^^^^^^^^^^^^
  File "C:\Users\14-5-2022\AppData\Local\Programs\Python\Python311\Lib\site-packages\chromadb\api\configuration.py", line 209, in from_json
    f"Trying to instantiate configuration of type {cls.__name__} from JSON with type {json_map['_type']}"
                                                                                      ~~~~~~~~^^^^^^^^^
KeyError: '_type'
[32mINFO[0m:     [19-11-2025 09:04:00] ::1:50909 - "POST /api/v2/tenants/default_tenant/databases/default_database/collections HTTP/1.1" 500
[31mERROR[0m:    [19-11-2025 09:31:24] '_type'
  + Exception Group Traceback (most recent call last):
  |   File "C:\Users\14-5-2022\AppData\Local\Programs\Python\Python311\Lib\site-packages\starlette\_utils.py", line 79, in collapse_excgroups
  |     yield
  |   File "C:\Users\14-5-2022\AppData\Local\Programs\Python\Python311\Lib\site-packages\starlette\middleware\base.py", line 192, in __call__
  |     async with anyio.create_task_group() as task_group:
  |   File "C:\Users\14-5-2022\AppData\Local\Programs\Python\Python311\Lib\site-packages\anyio\_backends\_asyncio.py", line 815, in __aexit__
  |     raise BaseExceptionGroup(
  | ExceptionGroup: unhandled errors in a TaskGroup (1 sub-exception)
  +-+---------------- 1 ----------------
    | Traceback (most recent call last):
    |   File "C:\Users\14-5-2022\AppData\Local\Programs\Python\Python311\Lib\site-packages\chromadb\server\fastapi\__init__.py", line 107, in catch_exceptions_middleware
    |     return await call_next(request)
    |            ^^^^^^^^^^^^^^^^^^^^^^^^
    |   File "C:\Users\14-5-2022\AppData\Local\Programs\Python\Python311\Lib\site-packages\starlette\middleware\base.py", line 168, in call_next
    |     raise app_exc from app_exc.__cause__ or app_exc.__context__
    |   File "C:\Users\14-5-2022\AppData\Local\Programs\Python\Python311\Lib\site-packages\starlette\middleware\base.py", line 144, in coro
    |     await self.app(scope, receive_or_disconnect, send_no_error)
    |   File "C:\Users\14-5-2022\AppData\Local\Programs\Python\Python311\Lib\site-packages\starlette\middleware\base.py", line 191, in __call__
    |     with recv_stream, send_stream, collapse_excgroups():
    |   File "C:\Users\14-5-2022\AppData\Local\Programs\Python\Python311\Lib\contextlib.py", line 155, in __exit__
    |     self.gen.throw(typ, value, traceback)
    |   File "C:\Users\14-5-2022\AppData\Local\Programs\Python\Python311\Lib\site-packages\starlette\_utils.py", line 85, in collapse_excgroups
    |     raise exc
    |   File "C:\Users\14-5-2022\AppData\Local\Programs\Python\Python311\Lib\site-packages\starlette\middleware\base.py", line 193, in __call__
    |     response = await self.dispatch_func(request, call_next)
    |                ^^^^^^^^^^^^^^^^^^^^^^^^^^^^^^^^^^^^^^^^^^^^
    |   File "C:\Users\14-5-2022\AppData\Local\Programs\Python\Python311\Lib\site-packages\chromadb\server\fastapi\__init__.py", line 131, in check_http_version_middleware
    |     return await call_next(request)
    |            ^^^^^^^^^^^^^^^^^^^^^^^^
    |   File "C:\Users\14-5-2022\AppData\Local\Programs\Python\Python311\Lib\site-packages\starlette\middleware\base.py", line 168, in call_next
    |     raise app_exc from app_exc.__cause__ or app_exc.__context__
    |   File "C:\Users\14-5-2022\AppData\Local\Programs\Python\Python311\Lib\site-packages\starlette\middleware\base.py", line 144, in coro
    |     await self.app(scope, receive_or_disconnect, send_no_error)
    |   File "C:\Users\14-5-2022\AppData\Local\Programs\Python\Python311\Lib\site-packages\starlette\middleware\exceptions.py", line 63, in __call__
    |     await wrap_app_handling_exceptions(self.app, conn)(scope, receive, send)
    |   File "C:\Users\14-5-2022\AppData\Local\Programs\Python\Python311\Lib\site-packages\starlette\_exception_handler.py", line 53, in wrapped_app
    |     raise exc
    |   File "C:\Users\14-5-2022\AppData\Local\Programs\Python\Python311\Lib\site-packages\starlette\_exception_handler.py", line 42, in wrapped_app
    |     await app(scope, receive, sender)
    |   File "C:\Users\14-5-2022\AppData\Local\Programs\Python\Python311\Lib\site-packages\fastapi\middleware\asyncexitstack.py", line 18, in __call__
    |     await self.app(scope, receive, send)
    |   File "C:\Users\14-5-2022\AppData\Local\Programs\Python\Python311\Lib\site-packages\starlette\routing.py", line 716, in __call__
    |     await self.middleware_stack(scope, receive, send)
    |   File "C:\Users\14-5-2022\AppData\Local\Programs\Python\Python311\Lib\site-packages\starlette\routing.py", line 736, in app
    |     await route.handle(scope, receive, send)
    |   File "C:\Users\14-5-2022\AppData\Local\Programs\Python\Python311\Lib\site-packages\starlette\routing.py", line 290, in handle
    |     await self.app(scope, receive, send)
    |   File "C:\Users\14-5-2022\AppData\Local\Programs\Python\Python311\Lib\site-packages\fastapi\routing.py", line 125, in app
    |     await wrap_app_handling_exceptions(app, request)(scope, receive, send)
    |   File "C:\Users\14-5-2022\AppData\Local\Programs\Python\Python311\Lib\site-packages\starlette\_exception_handler.py", line 53, in wrapped_app
    |     raise exc
    |   File "C:\Users\14-5-2022\AppData\Local\Programs\Python\Python311\Lib\site-packages\starlette\_exception_handler.py", line 42, in wrapped_app
    |     await app(scope, receive, sender)
    |   File "C:\Users\14-5-2022\AppData\Local\Programs\Python\Python311\Lib\site-packages\fastapi\routing.py", line 111, in app
    |     response = await f(request)
    |                ^^^^^^^^^^^^^^^^
    |   File "C:\Users\14-5-2022\AppData\Local\Programs\Python\Python311\Lib\site-packages\fastapi\routing.py", line 391, in app
    |     raw_response = await run_endpoint_function(
    |                    ^^^^^^^^^^^^^^^^^^^^^^^^^^^^
    |   File "C:\Users\14-5-2022\AppData\Local\Programs\Python\Python311\Lib\site-packages\fastapi\routing.py", line 290, in run_endpoint_function
    |     return await dependant.call(**values)
    |            ^^^^^^^^^^^^^^^^^^^^^^^^^^^^^^
    |   File "C:\Users\14-5-2022\AppData\Local\Programs\Python\Python311\Lib\site-packages\chromadb\telemetry\opentelemetry\__init__.py", line 134, in async_wrapper
    |     return await f(*args, **kwargs)
    |            ^^^^^^^^^^^^^^^^^^^^^^^^
    |   File "C:\Users\14-5-2022\AppData\Local\Programs\Python\Python311\Lib\site-packages\chromadb\server\fastapi\__init__.py", line 663, in create_collection
    |     await to_thread.run_sync(
    |   File "C:\Users\14-5-2022\AppData\Local\Programs\Python\Python311\Lib\site-packages\anyio\to_thread.py", line 56, in run_sync
    |     return await get_async_backend().run_sync_in_worker_thread(
    |            ^^^^^^^^^^^^^^^^^^^^^^^^^^^^^^^^^^^^^^^^^^^^^^^^^^^^
    |   File "C:\Users\14-5-2022\AppData\Local\Programs\Python\Python311\Lib\site-packages\anyio\_backends\_asyncio.py", line 2505, in run_sync_in_worker_thread
    |     return await future
    |            ^^^^^^^^^^^^
    |   File "C:\Users\14-5-2022\AppData\Local\Programs\Python\Python311\Lib\site-packages\anyio\_backends\_asyncio.py", line 1005, in run
    |     result = context.run(func, *args)
    |              ^^^^^^^^^^^^^^^^^^^^^^^^
    |   File "C:\Users\14-5-2022\AppData\Local\Programs\Python\Python311\Lib\site-packages\chromadb\server\fastapi\__init__.py", line 637, in process_create_collection
    |     else CollectionConfigurationInternal.from_json(create.configuration)
    |          ^^^^^^^^^^^^^^^^^^^^^^^^^^^^^^^^^^^^^^^^^^^^^^^^^^^^^^^^^^^^^^^
    |   File "C:\Users\14-5-2022\AppData\Local\Programs\Python\Python311\Lib\site-packages\chromadb\api\configuration.py", line 209, in from_json
    |     f"Trying to instantiate configuration of type {cls.__name__} from JSON with type {json_map['_type']}"
    |                                                                                       ~~~~~~~~^^^^^^^^^
    | KeyError: '_type'
    +------------------------------------

The above exception was the direct cause of the following exception:

Traceback (most recent call last):
  File "C:\Users\14-5-2022\AppData\Local\Programs\Python\Python311\Lib\site-packages\chromadb\server\fastapi\__init__.py", line 107, in catch_exceptions_middleware
    return await call_next(request)
           ^^^^^^^^^^^^^^^^^^^^^^^^
  File "C:\Users\14-5-2022\AppData\Local\Programs\Python\Python311\Lib\site-packages\starlette\middleware\base.py", line 168, in call_next
    raise app_exc from app_exc.__cause__ or app_exc.__context__
  File "C:\Users\14-5-2022\AppData\Local\Programs\Python\Python311\Lib\site-packages\starlette\middleware\base.py", line 144, in coro
    await self.app(scope, receive_or_disconnect, send_no_error)
  File "C:\Users\14-5-2022\AppData\Local\Programs\Python\Python311\Lib\site-packages\starlette\middleware\base.py", line 191, in __call__
    with recv_stream, send_stream, collapse_excgroups():
  File "C:\Users\14-5-2022\AppData\Local\Programs\Python\Python311\Lib\contextlib.py", line 155, in __exit__
    self.gen.throw(typ, value, traceback)
  File "C:\Users\14-5-2022\AppData\Local\Programs\Python\Python311\Lib\site-packages\starlette\_utils.py", line 85, in collapse_excgroups
    raise exc
  File "C:\Users\14-5-2022\AppData\Local\Programs\Python\Python311\Lib\site-packages\starlette\middleware\base.py", line 193, in __call__
    response = await self.dispatch_func(request, call_next)
               ^^^^^^^^^^^^^^^^^^^^^^^^^^^^^^^^^^^^^^^^^^^^
  File "C:\Users\14-5-2022\AppData\Local\Programs\Python\Python311\Lib\site-packages\chromadb\server\fastapi\__init__.py", line 131, in check_http_version_middleware
    return await call_next(request)
           ^^^^^^^^^^^^^^^^^^^^^^^^
  File "C:\Users\14-5-2022\AppData\Local\Programs\Python\Python311\Lib\site-packages\starlette\middleware\base.py", line 168, in call_next
    raise app_exc from app_exc.__cause__ or app_exc.__context__
  File "C:\Users\14-5-2022\AppData\Local\Programs\Python\Python311\Lib\site-packages\starlette\middleware\base.py", line 144, in coro
    await self.app(scope, receive_or_disconnect, send_no_error)
  File "C:\Users\14-5-2022\AppData\Local\Programs\Python\Python311\Lib\site-packages\starlette\middleware\exceptions.py", line 63, in __call__
    await wrap_app_handling_exceptions(self.app, conn)(scope, receive, send)
  File "C:\Users\14-5-2022\AppData\Local\Programs\Python\Python311\Lib\site-packages\starlette\_exception_handler.py", line 53, in wrapped_app
    raise exc
  File "C:\Users\14-5-2022\AppData\Local\Programs\Python\Python311\Lib\site-packages\starlette\_exception_handler.py", line 42, in wrapped_app
    await app(scope, receive, sender)
  File "C:\Users\14-5-2022\AppData\Local\Programs\Python\Python311\Lib\site-packages\fastapi\middleware\asyncexitstack.py", line 18, in __call__
    await self.app(scope, receive, send)
  File "C:\Users\14-5-2022\AppData\Local\Programs\Python\Python311\Lib\site-packages\starlette\routing.py", line 716, in __call__
    await self.middleware_stack(scope, receive, send)
  File "C:\Users\14-5-2022\AppData\Local\Programs\Python\Python311\Lib\site-packages\starlette\routing.py", line 736, in app
    await route.handle(scope, receive, send)
  File "C:\Users\14-5-2022\AppData\Local\Programs\Python\Python311\Lib\site-packages\starlette\routing.py", line 290, in handle
    await self.app(scope, receive, send)
  File "C:\Users\14-5-2022\AppData\Local\Programs\Python\Python311\Lib\site-packages\fastapi\routing.py", line 125, in app
    await wrap_app_handling_exceptions(app, request)(scope, receive, send)
  File "C:\Users\14-5-2022\AppData\Local\Programs\Python\Python311\Lib\site-packages\starlette\_exception_handler.py", line 53, in wrapped_app
    raise exc
  File "C:\Users\14-5-2022\AppData\Local\Programs\Python\Python311\Lib\site-packages\starlette\_exception_handler.py", line 42, in wrapped_app
    await app(scope, receive, sender)
  File "C:\Users\14-5-2022\AppData\Local\Programs\Python\Python311\Lib\site-packages\fastapi\routing.py", line 111, in app
    response = await f(request)
               ^^^^^^^^^^^^^^^^
  File "C:\Users\14-5-2022\AppData\Local\Programs\Python\Python311\Lib\site-packages\fastapi\routing.py", line 391, in app
    raw_response = await run_endpoint_function(
                   ^^^^^^^^^^^^^^^^^^^^^^^^^^^^
  File "C:\Users\14-5-2022\AppData\Local\Programs\Python\Python311\Lib\site-packages\fastapi\routing.py", line 290, in run_endpoint_function
    return await dependant.call(**values)
           ^^^^^^^^^^^^^^^^^^^^^^^^^^^^^^
  File "C:\Users\14-5-2022\AppData\Local\Programs\Python\Python311\Lib\site-packages\chromadb\telemetry\opentelemetry\__init__.py", line 134, in async_wrapper
    return await f(*args, **kwargs)
           ^^^^^^^^^^^^^^^^^^^^^^^^
  File "C:\Users\14-5-2022\AppData\Local\Programs\Python\Python311\Lib\site-packages\chromadb\server\fastapi\__init__.py", line 663, in create_collection
    await to_thread.run_sync(
  File "C:\Users\14-5-2022\AppData\Local\Programs\Python\Python311\Lib\site-packages\anyio\to_thread.py", line 56, in run_sync
    return await get_async_backend().run_sync_in_worker_thread(
           ^^^^^^^^^^^^^^^^^^^^^^^^^^^^^^^^^^^^^^^^^^^^^^^^^^^^
  File "C:\Users\14-5-2022\AppData\Local\Programs\Python\Python311\Lib\site-packages\anyio\_backends\_asyncio.py", line 2505, in run_sync_in_worker_thread
    return await future
           ^^^^^^^^^^^^
  File "C:\Users\14-5-2022\AppData\Local\Programs\Python\Python311\Lib\site-packages\anyio\_backends\_asyncio.py", line 1005, in run
    result = context.run(func, *args)
             ^^^^^^^^^^^^^^^^^^^^^^^^
  File "C:\Users\14-5-2022\AppData\Local\Programs\Python\Python311\Lib\site-packages\chromadb\server\fastapi\__init__.py", line 637, in process_create_collection
    else CollectionConfigurationInternal.from_json(create.configuration)
         ^^^^^^^^^^^^^^^^^^^^^^^^^^^^^^^^^^^^^^^^^^^^^^^^^^^^^^^^^^^^^^^
  File "C:\Users\14-5-2022\AppData\Local\Programs\Python\Python311\Lib\site-packages\chromadb\api\configuration.py", line 209, in from_json
    f"Trying to instantiate configuration of type {cls.__name__} from JSON with type {json_map['_type']}"
                                                                                      ~~~~~~~~^^^^^^^^^
KeyError: '_type'
[32mINFO[0m:     [19-11-2025 09:31:24] ::1:60296 - "POST /api/v2/tenants/default_tenant/databases/default_database/collections HTTP/1.1" 500
[31mERROR[0m:    [19-11-2025 09:37:38] '_type'
  + Exception Group Traceback (most recent call last):
  |   File "C:\Users\14-5-2022\AppData\Local\Programs\Python\Python311\Lib\site-packages\starlette\_utils.py", line 79, in collapse_excgroups
  |     yield
  |   File "C:\Users\14-5-2022\AppData\Local\Programs\Python\Python311\Lib\site-packages\starlette\middleware\base.py", line 192, in __call__
  |     async with anyio.create_task_group() as task_group:
  |   File "C:\Users\14-5-2022\AppData\Local\Programs\Python\Python311\Lib\site-packages\anyio\_backends\_asyncio.py", line 815, in __aexit__
  |     raise BaseExceptionGroup(
  | ExceptionGroup: unhandled errors in a TaskGroup (1 sub-exception)
  +-+---------------- 1 ----------------
    | Traceback (most recent call last):
    |   File "C:\Users\14-5-2022\AppData\Local\Programs\Python\Python311\Lib\site-packages\chromadb\server\fastapi\__init__.py", line 107, in catch_exceptions_middleware
    |     return await call_next(request)
    |            ^^^^^^^^^^^^^^^^^^^^^^^^
    |   File "C:\Users\14-5-2022\AppData\Local\Programs\Python\Python311\Lib\site-packages\starlette\middleware\base.py", line 168, in call_next
    |     raise app_exc from app_exc.__cause__ or app_exc.__context__
    |   File "C:\Users\14-5-2022\AppData\Local\Programs\Python\Python311\Lib\site-packages\starlette\middleware\base.py", line 144, in coro
    |     await self.app(scope, receive_or_disconnect, send_no_error)
    |   File "C:\Users\14-5-2022\AppData\Local\Programs\Python\Python311\Lib\site-packages\starlette\middleware\base.py", line 191, in __call__
    |     with recv_stream, send_stream, collapse_excgroups():
    |   File "C:\Users\14-5-2022\AppData\Local\Programs\Python\Python311\Lib\contextlib.py", line 155, in __exit__
    |     self.gen.throw(typ, value, traceback)
    |   File "C:\Users\14-5-2022\AppData\Local\Programs\Python\Python311\Lib\site-packages\starlette\_utils.py", line 85, in collapse_excgroups
    |     raise exc
    |   File "C:\Users\14-5-2022\AppData\Local\Programs\Python\Python311\Lib\site-packages\starlette\middleware\base.py", line 193, in __call__
    |     response = await self.dispatch_func(request, call_next)
    |                ^^^^^^^^^^^^^^^^^^^^^^^^^^^^^^^^^^^^^^^^^^^^
    |   File "C:\Users\14-5-2022\AppData\Local\Programs\Python\Python311\Lib\site-packages\chromadb\server\fastapi\__init__.py", line 131, in check_http_version_middleware
    |     return await call_next(request)
    |            ^^^^^^^^^^^^^^^^^^^^^^^^
    |   File "C:\Users\14-5-2022\AppData\Local\Programs\Python\Python311\Lib\site-packages\starlette\middleware\base.py", line 168, in call_next
    |     raise app_exc from app_exc.__cause__ or app_exc.__context__
    |   File "C:\Users\14-5-2022\AppData\Local\Programs\Python\Python311\Lib\site-packages\starlette\middleware\base.py", line 144, in coro
    |     await self.app(scope, receive_or_disconnect, send_no_error)
    |   File "C:\Users\14-5-2022\AppData\Local\Programs\Python\Python311\Lib\site-packages\starlette\middleware\exceptions.py", line 63, in __call__
    |     await wrap_app_handling_exceptions(self.app, conn)(scope, receive, send)
    |   File "C:\Users\14-5-2022\AppData\Local\Programs\Python\Python311\Lib\site-packages\starlette\_exception_handler.py", line 53, in wrapped_app
    |     raise exc
    |   File "C:\Users\14-5-2022\AppData\Local\Programs\Python\Python311\Lib\site-packages\starlette\_exception_handler.py", line 42, in wrapped_app
    |     await app(scope, receive, sender)
    |   File "C:\Users\14-5-2022\AppData\Local\Programs\Python\Python311\Lib\site-packages\fastapi\middleware\asyncexitstack.py", line 18, in __call__
    |     await self.app(scope, receive, send)
    |   File "C:\Users\14-5-2022\AppData\Local\Programs\Python\Python311\Lib\site-packages\starlette\routing.py", line 716, in __call__
    |     await self.middleware_stack(scope, receive, send)
    |   File "C:\Users\14-5-2022\AppData\Local\Programs\Python\Python311\Lib\site-packages\starlette\routing.py", line 736, in app
    |     await route.handle(scope, receive, send)
    |   File "C:\Users\14-5-2022\AppData\Local\Programs\Python\Python311\Lib\site-packages\starlette\routing.py", line 290, in handle
    |     await self.app(scope, receive, send)
    |   File "C:\Users\14-5-2022\AppData\Local\Programs\Python\Python311\Lib\site-packages\fastapi\routing.py", line 125, in app
    |     await wrap_app_handling_exceptions(app, request)(scope, receive, send)
    |   File "C:\Users\14-5-2022\AppData\Local\Programs\Python\Python311\Lib\site-packages\starlette\_exception_handler.py", line 53, in wrapped_app
    |     raise exc
    |   File "C:\Users\14-5-2022\AppData\Local\Programs\Python\Python311\Lib\site-packages\starlette\_exception_handler.py", line 42, in wrapped_app
    |     await app(scope, receive, sender)
    |   File "C:\Users\14-5-2022\AppData\Local\Programs\Python\Python311\Lib\site-packages\fastapi\routing.py", line 111, in app
    |     response = await f(request)
    |                ^^^^^^^^^^^^^^^^
    |   File "C:\Users\14-5-2022\AppData\Local\Programs\Python\Python311\Lib\site-packages\fastapi\routing.py", line 391, in app
    |     raw_response = await run_endpoint_function(
    |                    ^^^^^^^^^^^^^^^^^^^^^^^^^^^^
    |   File "C:\Users\14-5-2022\AppData\Local\Programs\Python\Python311\Lib\site-packages\fastapi\routing.py", line 290, in run_endpoint_function
    |     return await dependant.call(**values)
    |            ^^^^^^^^^^^^^^^^^^^^^^^^^^^^^^
    |   File "C:\Users\14-5-2022\AppData\Local\Programs\Python\Python311\Lib\site-packages\chromadb\telemetry\opentelemetry\__init__.py", line 134, in async_wrapper
    |     return await f(*args, **kwargs)
    |            ^^^^^^^^^^^^^^^^^^^^^^^^
    |   File "C:\Users\14-5-2022\AppData\Local\Programs\Python\Python311\Lib\site-packages\chromadb\server\fastapi\__init__.py", line 663, in create_collection
    |     await to_thread.run_sync(
    |   File "C:\Users\14-5-2022\AppData\Local\Programs\Python\Python311\Lib\site-packages\anyio\to_thread.py", line 56, in run_sync
    |     return await get_async_backend().run_sync_in_worker_thread(
    |            ^^^^^^^^^^^^^^^^^^^^^^^^^^^^^^^^^^^^^^^^^^^^^^^^^^^^
    |   File "C:\Users\14-5-2022\AppData\Local\Programs\Python\Python311\Lib\site-packages\anyio\_backends\_asyncio.py", line 2505, in run_sync_in_worker_thread
    |     return await future
    |            ^^^^^^^^^^^^
    |   File "C:\Users\14-5-2022\AppData\Local\Programs\Python\Python311\Lib\site-packages\anyio\_backends\_asyncio.py", line 1005, in run
    |     result = context.run(func, *args)
    |              ^^^^^^^^^^^^^^^^^^^^^^^^
    |   File "C:\Users\14-5-2022\AppData\Local\Programs\Python\Python311\Lib\site-packages\chromadb\server\fastapi\__init__.py", line 637, in process_create_collection
    |     else CollectionConfigurationInternal.from_json(create.configuration)
    |          ^^^^^^^^^^^^^^^^^^^^^^^^^^^^^^^^^^^^^^^^^^^^^^^^^^^^^^^^^^^^^^^
    |   File "C:\Users\14-5-2022\AppData\Local\Programs\Python\Python311\Lib\site-packages\chromadb\api\configuration.py", line 209, in from_json
    |     f"Trying to instantiate configuration of type {cls.__name__} from JSON with type {json_map['_type']}"
    |                                                                                       ~~~~~~~~^^^^^^^^^
    | KeyError: '_type'
    +------------------------------------

The above exception was the direct cause of the following exception:

Traceback (most recent call last):
  File "C:\Users\14-5-2022\AppData\Local\Programs\Python\Python311\Lib\site-packages\chromadb\server\fastapi\__init__.py", line 107, in catch_exceptions_middleware
    return await call_next(request)
           ^^^^^^^^^^^^^^^^^^^^^^^^
  File "C:\Users\14-5-2022\AppData\Local\Programs\Python\Python311\Lib\site-packages\starlette\middleware\base.py", line 168, in call_next
    raise app_exc from app_exc.__cause__ or app_exc.__context__
  File "C:\Users\14-5-2022\AppData\Local\Programs\Python\Python311\Lib\site-packages\starlette\middleware\base.py", line 144, in coro
    await self.app(scope, receive_or_disconnect, send_no_error)
  File "C:\Users\14-5-2022\AppData\Local\Programs\Python\Python311\Lib\site-packages\starlette\middleware\base.py", line 191, in __call__
    with recv_stream, send_stream, collapse_excgroups():
  File "C:\Users\14-5-2022\AppData\Local\Programs\Python\Python311\Lib\contextlib.py", line 155, in __exit__
    self.gen.throw(typ, value, traceback)
  File "C:\Users\14-5-2022\AppData\Local\Programs\Python\Python311\Lib\site-packages\starlette\_utils.py", line 85, in collapse_excgroups
    raise exc
  File "C:\Users\14-5-2022\AppData\Local\Programs\Python\Python311\Lib\site-packages\starlette\middleware\base.py", line 193, in __call__
    response = await self.dispatch_func(request, call_next)
               ^^^^^^^^^^^^^^^^^^^^^^^^^^^^^^^^^^^^^^^^^^^^
  File "C:\Users\14-5-2022\AppData\Local\Programs\Python\Python311\Lib\site-packages\chromadb\server\fastapi\__init__.py", line 131, in check_http_version_middleware
    return await call_next(request)
           ^^^^^^^^^^^^^^^^^^^^^^^^
  File "C:\Users\14-5-2022\AppData\Local\Programs\Python\Python311\Lib\site-packages\starlette\middleware\base.py", line 168, in call_next
    raise app_exc from app_exc.__cause__ or app_exc.__context__
  File "C:\Users\14-5-2022\AppData\Local\Programs\Python\Python311\Lib\site-packages\starlette\middleware\base.py", line 144, in coro
    await self.app(scope, receive_or_disconnect, send_no_error)
  File "C:\Users\14-5-2022\AppData\Local\Programs\Python\Python311\Lib\site-packages\starlette\middleware\exceptions.py", line 63, in __call__
    await wrap_app_handling_exceptions(self.app, conn)(scope, receive, send)
  File "C:\Users\14-5-2022\AppData\Local\Programs\Python\Python311\Lib\site-packages\starlette\_exception_handler.py", line 53, in wrapped_app
    raise exc
  File "C:\Users\14-5-2022\AppData\Local\Programs\Python\Python311\Lib\site-packages\starlette\_exception_handler.py", line 42, in wrapped_app
    await app(scope, receive, sender)
  File "C:\Users\14-5-2022\AppData\Local\Programs\Python\Python311\Lib\site-packages\fastapi\middleware\asyncexitstack.py", line 18, in __call__
    await self.app(scope, receive, send)
  File "C:\Users\14-5-2022\AppData\Local\Programs\Python\Python311\Lib\site-packages\starlette\routing.py", line 716, in __call__
    await self.middleware_stack(scope, receive, send)
  File "C:\Users\14-5-2022\AppData\Local\Programs\Python\Python311\Lib\site-packages\starlette\routing.py", line 736, in app
    await route.handle(scope, receive, send)
  File "C:\Users\14-5-2022\AppData\Local\Programs\Python\Python311\Lib\site-packages\starlette\routing.py", line 290, in handle
    await self.app(scope, receive, send)
  File "C:\Users\14-5-2022\AppData\Local\Programs\Python\Python311\Lib\site-packages\fastapi\routing.py", line 125, in app
    await wrap_app_handling_exceptions(app, request)(scope, receive, send)
  File "C:\Users\14-5-2022\AppData\Local\Programs\Python\Python311\Lib\site-packages\starlette\_exception_handler.py", line 53, in wrapped_app
    raise exc
  File "C:\Users\14-5-2022\AppData\Local\Programs\Python\Python311\Lib\site-packages\starlette\_exception_handler.py", line 42, in wrapped_app
    await app(scope, receive, sender)
  File "C:\Users\14-5-2022\AppData\Local\Programs\Python\Python311\Lib\site-packages\fastapi\routing.py", line 111, in app
    response = await f(request)
               ^^^^^^^^^^^^^^^^
  File "C:\Users\14-5-2022\AppData\Local\Programs\Python\Python311\Lib\site-packages\fastapi\routing.py", line 391, in app
    raw_response = await run_endpoint_function(
                   ^^^^^^^^^^^^^^^^^^^^^^^^^^^^
  File "C:\Users\14-5-2022\AppData\Local\Programs\Python\Python311\Lib\site-packages\fastapi\routing.py", line 290, in run_endpoint_function
    return await dependant.call(**values)
           ^^^^^^^^^^^^^^^^^^^^^^^^^^^^^^
  File "C:\Users\14-5-2022\AppData\Local\Programs\Python\Python311\Lib\site-packages\chromadb\telemetry\opentelemetry\__init__.py", line 134, in async_wrapper
    return await f(*args, **kwargs)
           ^^^^^^^^^^^^^^^^^^^^^^^^
  File "C:\Users\14-5-2022\AppData\Local\Programs\Python\Python311\Lib\site-packages\chromadb\server\fastapi\__init__.py", line 663, in create_collection
    await to_thread.run_sync(
  File "C:\Users\14-5-2022\AppData\Local\Programs\Python\Python311\Lib\site-packages\anyio\to_thread.py", line 56, in run_sync
    return await get_async_backend().run_sync_in_worker_thread(
           ^^^^^^^^^^^^^^^^^^^^^^^^^^^^^^^^^^^^^^^^^^^^^^^^^^^^
  File "C:\Users\14-5-2022\AppData\Local\Programs\Python\Python311\Lib\site-packages\anyio\_backends\_asyncio.py", line 2505, in run_sync_in_worker_thread
    return await future
           ^^^^^^^^^^^^
  File "C:\Users\14-5-2022\AppData\Local\Programs\Python\Python311\Lib\site-packages\anyio\_backends\_asyncio.py", line 1005, in run
    result = context.run(func, *args)
             ^^^^^^^^^^^^^^^^^^^^^^^^
  File "C:\Users\14-5-2022\AppData\Local\Programs\Python\Python311\Lib\site-packages\chromadb\server\fastapi\__init__.py", line 637, in process_create_collection
    else CollectionConfigurationInternal.from_json(create.configuration)
         ^^^^^^^^^^^^^^^^^^^^^^^^^^^^^^^^^^^^^^^^^^^^^^^^^^^^^^^^^^^^^^^
  File "C:\Users\14-5-2022\AppData\Local\Programs\Python\Python311\Lib\site-packages\chromadb\api\configuration.py", line 209, in from_json
    f"Trying to instantiate configuration of type {cls.__name__} from JSON with type {json_map['_type']}"
                                                                                      ~~~~~~~~^^^^^^^^^
KeyError: '_type'
[32mINFO[0m:     [19-11-2025 09:37:38] ::1:52150 - "POST /api/v2/tenants/default_tenant/databases/default_database/collections HTTP/1.1" 500
[32mINFO[0m:     [19-11-2025 09:37:55] Shutting down
[32mINFO[0m:     [19-11-2025 09:37:55] Waiting for application shutdown.
[36mDEBUG[0m:    [19-11-2025 09:37:55] Stopping component System
[36mDEBUG[0m:    [19-11-2025 09:37:55] Stopping component SegmentAPI
[36mDEBUG[0m:    [19-11-2025 09:37:55] Stopping component LocalExecutor
[36mDEBUG[0m:    [19-11-2025 09:37:55] Stopping component LocalSegmentManager
[36mDEBUG[0m:    [19-11-2025 09:37:55] Stopping component SimpleRateLimitEnforcer
[36mDEBUG[0m:    [19-11-2025 09:37:55] Stopping component Posthog
[36mDEBUG[0m:    [19-11-2025 09:37:55] Stopping component SimpleQuotaEnforcer
[36mDEBUG[0m:    [19-11-2025 09:37:55] Stopping component SqliteDB
[36mDEBUG[0m:    [19-11-2025 09:37:55] Stopping component OpenTelemetryClient
[32mINFO[0m:     [19-11-2025 09:37:55] Application shutdown complete.
[32mINFO[0m:     [19-11-2025 09:37:55] Finished server process [[36m18044[0m]
[33mWARNING[0m:  [19-11-2025 09:38:10] chroma_server_nofile is not supported on Windows. chroma_server_nofile will not be set.
[32mINFO[0m:     [19-11-2025 09:38:10] Anonymized telemetry enabled. See                     https://docs.trychroma.com/telemetry for more information.
[36mDEBUG[0m:    [19-11-2025 09:38:10] Starting component System
[36mDEBUG[0m:    [19-11-2025 09:38:10] Starting component OpenTelemetryClient
[36mDEBUG[0m:    [19-11-2025 09:38:10] Starting component SqliteDB
[36mDEBUG[0m:    [19-11-2025 09:38:10] Starting component SimpleQuotaEnforcer
[36mDEBUG[0m:    [19-11-2025 09:38:10] Starting component Posthog
[36mDEBUG[0m:    [19-11-2025 09:38:10] Starting component SimpleRateLimitEnforcer
[36mDEBUG[0m:    [19-11-2025 09:38:10] Starting component LocalSegmentManager
[36mDEBUG[0m:    [19-11-2025 09:38:10] Starting component LocalExecutor
[36mDEBUG[0m:    [19-11-2025 09:38:10] Starting component SegmentAPI
[32mINFO[0m:     [19-11-2025 09:38:11] Started server process [[36m3036[0m]
[32mINFO[0m:     [19-11-2025 09:38:11] Waiting for application startup.
[32mINFO[0m:     [19-11-2025 09:38:11] Application startup complete.
[32mINFO[0m:     [19-11-2025 09:38:11] Uvicorn running on [1mhttp://localhost:8000[0m (Press CTRL+C to quit)
[31mERROR[0m:    [19-11-2025 09:40:44] '_type'
  + Exception Group Traceback (most recent call last):
  |   File "C:\Users\14-5-2022\AppData\Local\Programs\Python\Python311\Lib\site-packages\starlette\_utils.py", line 79, in collapse_excgroups
  |     yield
  |   File "C:\Users\14-5-2022\AppData\Local\Programs\Python\Python311\Lib\site-packages\starlette\middleware\base.py", line 192, in __call__
  |     async with anyio.create_task_group() as task_group:
  |   File "C:\Users\14-5-2022\AppData\Local\Programs\Python\Python311\Lib\site-packages\anyio\_backends\_asyncio.py", line 815, in __aexit__
  |     raise BaseExceptionGroup(
  | ExceptionGroup: unhandled errors in a TaskGroup (1 sub-exception)
  +-+---------------- 1 ----------------
    | Traceback (most recent call last):
    |   File "C:\Users\14-5-2022\AppData\Local\Programs\Python\Python311\Lib\site-packages\chromadb\server\fastapi\__init__.py", line 107, in catch_exceptions_middleware
    |     return await call_next(request)
    |            ^^^^^^^^^^^^^^^^^^^^^^^^
    |   File "C:\Users\14-5-2022\AppData\Local\Programs\Python\Python311\Lib\site-packages\starlette\middleware\base.py", line 168, in call_next
    |     raise app_exc from app_exc.__cause__ or app_exc.__context__
    |   File "C:\Users\14-5-2022\AppData\Local\Programs\Python\Python311\Lib\site-packages\starlette\middleware\base.py", line 144, in coro
    |     await self.app(scope, receive_or_disconnect, send_no_error)
    |   File "C:\Users\14-5-2022\AppData\Local\Programs\Python\Python311\Lib\site-packages\starlette\middleware\base.py", line 191, in __call__
    |     with recv_stream, send_stream, collapse_excgroups():
    |   File "C:\Users\14-5-2022\AppData\Local\Programs\Python\Python311\Lib\contextlib.py", line 155, in __exit__
    |     self.gen.throw(typ, value, traceback)
    |   File "C:\Users\14-5-2022\AppData\Local\Programs\Python\Python311\Lib\site-packages\starlette\_utils.py", line 85, in collapse_excgroups
    |     raise exc
    |   File "C:\Users\14-5-2022\AppData\Local\Programs\Python\Python311\Lib\site-packages\starlette\middleware\base.py", line 193, in __call__
    |     response = await self.dispatch_func(request, call_next)
    |                ^^^^^^^^^^^^^^^^^^^^^^^^^^^^^^^^^^^^^^^^^^^^
    |   File "C:\Users\14-5-2022\AppData\Local\Programs\Python\Python311\Lib\site-packages\chromadb\server\fastapi\__init__.py", line 131, in check_http_version_middleware
    |     return await call_next(request)
    |            ^^^^^^^^^^^^^^^^^^^^^^^^
    |   File "C:\Users\14-5-2022\AppData\Local\Programs\Python\Python311\Lib\site-packages\starlette\middleware\base.py", line 168, in call_next
    |     raise app_exc from app_exc.__cause__ or app_exc.__context__
    |   File "C:\Users\14-5-2022\AppData\Local\Programs\Python\Python311\Lib\site-packages\starlette\middleware\base.py", line 144, in coro
    |     await self.app(scope, receive_or_disconnect, send_no_error)
    |   File "C:\Users\14-5-2022\AppData\Local\Programs\Python\Python311\Lib\site-packages\starlette\middleware\exceptions.py", line 63, in __call__
    |     await wrap_app_handling_exceptions(self.app, conn)(scope, receive, send)
    |   File "C:\Users\14-5-2022\AppData\Local\Programs\Python\Python311\Lib\site-packages\starlette\_exception_handler.py", line 53, in wrapped_app
    |     raise exc
    |   File "C:\Users\14-5-2022\AppData\Local\Programs\Python\Python311\Lib\site-packages\starlette\_exception_handler.py", line 42, in wrapped_app
    |     await app(scope, receive, sender)
    |   File "C:\Users\14-5-2022\AppData\Local\Programs\Python\Python311\Lib\site-packages\fastapi\middleware\asyncexitstack.py", line 18, in __call__
    |     await self.app(scope, receive, send)
    |   File "C:\Users\14-5-2022\AppData\Local\Programs\Python\Python311\Lib\site-packages\starlette\routing.py", line 716, in __call__
    |     await self.middleware_stack(scope, receive, send)
    |   File "C:\Users\14-5-2022\AppData\Local\Programs\Python\Python311\Lib\site-packages\starlette\routing.py", line 736, in app
    |     await route.handle(scope, receive, send)
    |   File "C:\Users\14-5-2022\AppData\Local\Programs\Python\Python311\Lib\site-packages\starlette\routing.py", line 290, in handle
    |     await self.app(scope, receive, send)
    |   File "C:\Users\14-5-2022\AppData\Local\Programs\Python\Python311\Lib\site-packages\fastapi\routing.py", line 125, in app
    |     await wrap_app_handling_exceptions(app, request)(scope, receive, send)
    |   File "C:\Users\14-5-2022\AppData\Local\Programs\Python\Python311\Lib\site-packages\starlette\_exception_handler.py", line 53, in wrapped_app
    |     raise exc
    |   File "C:\Users\14-5-2022\AppData\Local\Programs\Python\Python311\Lib\site-packages\starlette\_exception_handler.py", line 42, in wrapped_app
    |     await app(scope, receive, sender)
    |   File "C:\Users\14-5-2022\AppData\Local\Programs\Python\Python311\Lib\site-packages\fastapi\routing.py", line 111, in app
    |     response = await f(request)
    |                ^^^^^^^^^^^^^^^^
    |   File "C:\Users\14-5-2022\AppData\Local\Programs\Python\Python311\Lib\site-packages\fastapi\routing.py", line 391, in app
    |     raw_response = await run_endpoint_function(
    |                    ^^^^^^^^^^^^^^^^^^^^^^^^^^^^
    |   File "C:\Users\14-5-2022\AppData\Local\Programs\Python\Python311\Lib\site-packages\fastapi\routing.py", line 290, in run_endpoint_function
    |     return await dependant.call(**values)
    |            ^^^^^^^^^^^^^^^^^^^^^^^^^^^^^^
    |   File "C:\Users\14-5-2022\AppData\Local\Programs\Python\Python311\Lib\site-packages\chromadb\telemetry\opentelemetry\__init__.py", line 134, in async_wrapper
    |     return await f(*args, **kwargs)
    |            ^^^^^^^^^^^^^^^^^^^^^^^^
    |   File "C:\Users\14-5-2022\AppData\Local\Programs\Python\Python311\Lib\site-packages\chromadb\server\fastapi\__init__.py", line 663, in create_collection
    |     await to_thread.run_sync(
    |   File "C:\Users\14-5-2022\AppData\Local\Programs\Python\Python311\Lib\site-packages\anyio\to_thread.py", line 56, in run_sync
    |     return await get_async_backend().run_sync_in_worker_thread(
    |            ^^^^^^^^^^^^^^^^^^^^^^^^^^^^^^^^^^^^^^^^^^^^^^^^^^^^
    |   File "C:\Users\14-5-2022\AppData\Local\Programs\Python\Python311\Lib\site-packages\anyio\_backends\_asyncio.py", line 2505, in run_sync_in_worker_thread
    |     return await future
    |            ^^^^^^^^^^^^
    |   File "C:\Users\14-5-2022\AppData\Local\Programs\Python\Python311\Lib\site-packages\anyio\_backends\_asyncio.py", line 1005, in run
    |     result = context.run(func, *args)
    |              ^^^^^^^^^^^^^^^^^^^^^^^^
    |   File "C:\Users\14-5-2022\AppData\Local\Programs\Python\Python311\Lib\site-packages\chromadb\server\fastapi\__init__.py", line 637, in process_create_collection
    |     else CollectionConfigurationInternal.from_json(create.configuration)
    |          ^^^^^^^^^^^^^^^^^^^^^^^^^^^^^^^^^^^^^^^^^^^^^^^^^^^^^^^^^^^^^^^
    |   File "C:\Users\14-5-2022\AppData\Local\Programs\Python\Python311\Lib\site-packages\chromadb\api\configuration.py", line 209, in from_json
    |     f"Trying to instantiate configuration of type {cls.__name__} from JSON with type {json_map['_type']}"
    |                                                                                       ~~~~~~~~^^^^^^^^^
    | KeyError: '_type'
    +------------------------------------

The above exception was the direct cause of the following exception:

Traceback (most recent call last):
  File "C:\Users\14-5-2022\AppData\Local\Programs\Python\Python311\Lib\site-packages\chromadb\server\fastapi\__init__.py", line 107, in catch_exceptions_middleware
    return await call_next(request)
           ^^^^^^^^^^^^^^^^^^^^^^^^
  File "C:\Users\14-5-2022\AppData\Local\Programs\Python\Python311\Lib\site-packages\starlette\middleware\base.py", line 168, in call_next
    raise app_exc from app_exc.__cause__ or app_exc.__context__
  File "C:\Users\14-5-2022\AppData\Local\Programs\Python\Python311\Lib\site-packages\starlette\middleware\base.py", line 144, in coro
    await self.app(scope, receive_or_disconnect, send_no_error)
  File "C:\Users\14-5-2022\AppData\Local\Programs\Python\Python311\Lib\site-packages\starlette\middleware\base.py", line 191, in __call__
    with recv_stream, send_stream, collapse_excgroups():
  File "C:\Users\14-5-2022\AppData\Local\Programs\Python\Python311\Lib\contextlib.py", line 155, in __exit__
    self.gen.throw(typ, value, traceback)
  File "C:\Users\14-5-2022\AppData\Local\Programs\Python\Python311\Lib\site-packages\starlette\_utils.py", line 85, in collapse_excgroups
    raise exc
  File "C:\Users\14-5-2022\AppData\Local\Programs\Python\Python311\Lib\site-packages\starlette\middleware\base.py", line 193, in __call__
    response = await self.dispatch_func(request, call_next)
               ^^^^^^^^^^^^^^^^^^^^^^^^^^^^^^^^^^^^^^^^^^^^
  File "C:\Users\14-5-2022\AppData\Local\Programs\Python\Python311\Lib\site-packages\chromadb\server\fastapi\__init__.py", line 131, in check_http_version_middleware
    return await call_next(request)
           ^^^^^^^^^^^^^^^^^^^^^^^^
  File "C:\Users\14-5-2022\AppData\Local\Programs\Python\Python311\Lib\site-packages\starlette\middleware\base.py", line 168, in call_next
    raise app_exc from app_exc.__cause__ or app_exc.__context__
  File "C:\Users\14-5-2022\AppData\Local\Programs\Python\Python311\Lib\site-packages\starlette\middleware\base.py", line 144, in coro
    await self.app(scope, receive_or_disconnect, send_no_error)
  File "C:\Users\14-5-2022\AppData\Local\Programs\Python\Python311\Lib\site-packages\starlette\middleware\exceptions.py", line 63, in __call__
    await wrap_app_handling_exceptions(self.app, conn)(scope, receive, send)
  File "C:\Users\14-5-2022\AppData\Local\Programs\Python\Python311\Lib\site-packages\starlette\_exception_handler.py", line 53, in wrapped_app
    raise exc
  File "C:\Users\14-5-2022\AppData\Local\Programs\Python\Python311\Lib\site-packages\starlette\_exception_handler.py", line 42, in wrapped_app
    await app(scope, receive, sender)
  File "C:\Users\14-5-2022\AppData\Local\Programs\Python\Python311\Lib\site-packages\fastapi\middleware\asyncexitstack.py", line 18, in __call__
    await self.app(scope, receive, send)
  File "C:\Users\14-5-2022\AppData\Local\Programs\Python\Python311\Lib\site-packages\starlette\routing.py", line 716, in __call__
    await self.middleware_stack(scope, receive, send)
  File "C:\Users\14-5-2022\AppData\Local\Programs\Python\Python311\Lib\site-packages\starlette\routing.py", line 736, in app
    await route.handle(scope, receive, send)
  File "C:\Users\14-5-2022\AppData\Local\Programs\Python\Python311\Lib\site-packages\starlette\routing.py", line 290, in handle
    await self.app(scope, receive, send)
  File "C:\Users\14-5-2022\AppData\Local\Programs\Python\Python311\Lib\site-packages\fastapi\routing.py", line 125, in app
    await wrap_app_handling_exceptions(app, request)(scope, receive, send)
  File "C:\Users\14-5-2022\AppData\Local\Programs\Python\Python311\Lib\site-packages\starlette\_exception_handler.py", line 53, in wrapped_app
    raise exc
  File "C:\Users\14-5-2022\AppData\Local\Programs\Python\Python311\Lib\site-packages\starlette\_exception_handler.py", line 42, in wrapped_app
    await app(scope, receive, sender)
  File "C:\Users\14-5-2022\AppData\Local\Programs\Python\Python311\Lib\site-packages\fastapi\routing.py", line 111, in app
    response = await f(request)
               ^^^^^^^^^^^^^^^^
  File "C:\Users\14-5-2022\AppData\Local\Programs\Python\Python311\Lib\site-packages\fastapi\routing.py", line 391, in app
    raw_response = await run_endpoint_function(
                   ^^^^^^^^^^^^^^^^^^^^^^^^^^^^
  File "C:\Users\14-5-2022\AppData\Local\Programs\Python\Python311\Lib\site-packages\fastapi\routing.py", line 290, in run_endpoint_function
    return await dependant.call(**values)
           ^^^^^^^^^^^^^^^^^^^^^^^^^^^^^^
  File "C:\Users\14-5-2022\AppData\Local\Programs\Python\Python311\Lib\site-packages\chromadb\telemetry\opentelemetry\__init__.py", line 134, in async_wrapper
    return await f(*args, **kwargs)
           ^^^^^^^^^^^^^^^^^^^^^^^^
  File "C:\Users\14-5-2022\AppData\Local\Programs\Python\Python311\Lib\site-packages\chromadb\server\fastapi\__init__.py", line 663, in create_collection
    await to_thread.run_sync(
  File "C:\Users\14-5-2022\AppData\Local\Programs\Python\Python311\Lib\site-packages\anyio\to_thread.py", line 56, in run_sync
    return await get_async_backend().run_sync_in_worker_thread(
           ^^^^^^^^^^^^^^^^^^^^^^^^^^^^^^^^^^^^^^^^^^^^^^^^^^^^
  File "C:\Users\14-5-2022\AppData\Local\Programs\Python\Python311\Lib\site-packages\anyio\_backends\_asyncio.py", line 2505, in run_sync_in_worker_thread
    return await future
           ^^^^^^^^^^^^
  File "C:\Users\14-5-2022\AppData\Local\Programs\Python\Python311\Lib\site-packages\anyio\_backends\_asyncio.py", line 1005, in run
    result = context.run(func, *args)
             ^^^^^^^^^^^^^^^^^^^^^^^^
  File "C:\Users\14-5-2022\AppData\Local\Programs\Python\Python311\Lib\site-packages\chromadb\server\fastapi\__init__.py", line 637, in process_create_collection
    else CollectionConfigurationInternal.from_json(create.configuration)
         ^^^^^^^^^^^^^^^^^^^^^^^^^^^^^^^^^^^^^^^^^^^^^^^^^^^^^^^^^^^^^^^
  File "C:\Users\14-5-2022\AppData\Local\Programs\Python\Python311\Lib\site-packages\chromadb\api\configuration.py", line 209, in from_json
    f"Trying to instantiate configuration of type {cls.__name__} from JSON with type {json_map['_type']}"
                                                                                      ~~~~~~~~^^^^^^^^^
KeyError: '_type'
[32mINFO[0m:     [19-11-2025 09:40:44] ::1:54760 - "POST /api/v2/tenants/default_tenant/databases/default_database/collections HTTP/1.1" 500
[32mINFO[0m:     [19-11-2025 09:41:46] Shutting down
[32mINFO[0m:     [19-11-2025 09:41:46] Waiting for application shutdown.
[36mDEBUG[0m:    [19-11-2025 09:41:46] Stopping component System
[36mDEBUG[0m:    [19-11-2025 09:41:46] Stopping component SegmentAPI
[36mDEBUG[0m:    [19-11-2025 09:41:46] Stopping component LocalExecutor
[36mDEBUG[0m:    [19-11-2025 09:41:46] Stopping component LocalSegmentManager
[36mDEBUG[0m:    [19-11-2025 09:41:46] Stopping component SimpleRateLimitEnforcer
[36mDEBUG[0m:    [19-11-2025 09:41:46] Stopping component Posthog
[36mDEBUG[0m:    [19-11-2025 09:41:46] Stopping component SimpleQuotaEnforcer
[36mDEBUG[0m:    [19-11-2025 09:41:46] Stopping component SqliteDB
[36mDEBUG[0m:    [19-11-2025 09:41:46] Stopping component OpenTelemetryClient
[32mINFO[0m:     [19-11-2025 09:41:46] Application shutdown complete.
[32mINFO[0m:     [19-11-2025 09:41:46] Finished server process [[36m3036[0m]
